#
# A fatal error has been detected by the Java Runtime Environment:
#
#  SIGSEGV (0xb) at pc=0x00000001293c499b, pid=4454, tid=68355
#
# JRE version: Java(TM) SE Runtime Environment (8.0_05-b13) (build 1.8.0_05-b13)
# Java VM: Java HotSpot(TM) 64-Bit Server VM (25.5-b02 mixed mode bsd-amd64 compressed oops)
# Problematic frame:
# C  [libLeap.dylib+0x2799b]  Leap::InteractionBox::toCString() const+0x2d4b
#
# Failed to write core dump. Core dumps have been disabled. To enable core dumping, try "ulimit -c unlimited" before starting Java again
#
# If you would like to submit a bug report, please visit:
#   http://bugreport.sun.com/bugreport/crash.jsp
#

---------------  T H R E A D  ---------------

Current thread is native thread

siginfo:si_signo=SIGSEGV: si_errno=0, si_code=0 (SEGV0), si_addr=0x0000000000000000

Registers:
RAX=0x676f6a5f6176614a, RBX=0x00007fcf60c984b0, RCX=0x0000080000000000, RDX=0x00007fcf60ea7170
RSP=0x000070000251adb0, RBP=0x000070000251aec0, RSI=0x0000080000000800, RDI=0x000070000251ae28
R8 =0x00000000fffffffc, R9 =0x00007fcf60ea7168, R10=0x00000000ffffffff, R11=0xffffffff00000000
R12=0x00007fcf60ea5e10, R13=0x00007fcf60c9bf60, R14=0x00007fcf60cb7510, R15=0x0000000000000001
RIP=0x00000001293c499b, EFLAGS=0x0000000000010202, ERR=0x0000000000000000
  TRAPNO=0x000000000000000d

Top of Stack: (sp=0x000070000251adb0)
0x000070000251adb0:   0000000000001e00 00007fcf619e2870
0x000070000251adc0:   00007fcf619e2840 00007fcf619e2ba0
0x000070000251add0:   00007fcf619e2cf8 00007fcf619e2b20
0x000070000251ade0:   00007fcf619e2b60 00007fcf619e2d20
0x000070000251adf0:   00007fcf619e2ae0 000000010000ffff
0x000070000251ae00:   00007fcf619e2818 00007fcf619e2600
0x000070000251ae10:   0000000000000000 0000000000000000
0x000070000251ae20:   0000000100000000 00007fcf60c984b0
0x000070000251ae30:   00007fcf60c984b0 0000000000000001
0x000070000251ae40:   00007fcf60c9bf60 00007fcf60c9bf60
0x000070000251ae50:   0000000000000001 00007fcf63308e90
0x000070000251ae60:   00007fcf619e2840 00007fcf60ea8630
0x000070000251ae70:   00007fcf619e2b60 0000000000000001
0x000070000251ae80:   00007fcf619e2870 00007fcf60ea8690
0x000070000251ae90:   000070000251ae48 0000000000000000
0x000070000251aea0:   00007fff7e172c08 0000000000010b03
0x000070000251aeb0:   00007fcf60fbd520 00007fcf63308e90
0x000070000251aec0:   000070000251aef0 00000001293ce161
0x000070000251aed0:   000070000251b000 00000000000008ff
0x000070000251aee0:   00007fcf60fbd520 00000001293ce0f0
0x000070000251aef0:   000070000251af10 00007fff9654f99d
0x000070000251af00:   0000000000010b03 000070000251b000
0x000070000251af10:   000070000251af50 00007fff9654f91a
0x000070000251af20:   0000000000000000 0000000000000000
0x000070000251af30:   0000000000000000 0000000000000000
0x000070000251af40:   0000000000000000 0000000000000000
0x000070000251af50:   000070000251af78 00007fff9654d351
0x000070000251af60:   0000000000000000 0000000000000000
0x000070000251af70:   0000000000000000 0000000000000000
0x000070000251af80:   0000000000000000 0000000000000000
0x000070000251af90:   0000000000000000 0000000000000000
0x000070000251afa0:   0000000000000000 0000000000000000 

Instructions: (pc=0x00000001293c499b)
0x00000001293c497b:   83 bd 50 ff ff ff 00 74 0f 49 8b 06 48 8b 40 60
0x00000001293c498b:   4c 89 f7 4c 89 e6 ff d0 45 85 ff 74 0f 49 8b 06
0x00000001293c499b:   48 8b 40 30 4c 89 f7 4c 89 e6 ff d0 48 8b 43 08
0x00000001293c49ab:   48 85 c0 74 10 48 89 c3 48 8b 03 48 85 c0 75 f5 

Register to memory mapping:

RAX=0x676f6a5f6176614a is an unknown value
RBX=0x00007fcf60c984b0 is an unknown value
RCX=0x0000080000000000 is an unknown value
RDX=0x00007fcf60ea7170 is an unknown value
RSP=0x000070000251adb0 is an unknown value
RBP=0x000070000251aec0 is an unknown value
RSI=0x0000080000000800 is an unknown value
RDI=0x000070000251ae28 is an unknown value
R8 =0x00000000fffffffc is an unknown value
R9 =0x00007fcf60ea7168 is an unknown value
R10=0x00000000ffffffff is an unknown value
R11=0xffffffff00000000 is an unknown value
R12=0x00007fcf60ea5e10 is an unknown value
R13=0x00007fcf60c9bf60 is an unknown value
R14=0x00007fcf60cb7510 is an unknown value
R15=0x0000000000000001 is an unknown value


Stack: [0x000070000249b000,0x000070000251b000],  sp=0x000070000251adb0,  free space=511k
Native frames: (J=compiled Java code, j=interpreted, Vv=VM code, C=native code)
C  [libLeap.dylib+0x2799b]  Leap::InteractionBox::toCString() const+0x2d4b
C  [libLeap.dylib+0x31161]  Leap::InteractionBox::toCString() const+0xc511
C  [libsystem_pthread.dylib+0x399d]  _pthread_body+0x83
C  [libsystem_pthread.dylib+0x391a]  _pthread_body+0x0
C  [libsystem_pthread.dylib+0x1351]  thread_start+0xd


---------------  P R O C E S S  ---------------

VM state:not at safepoint (normal execution)

VM Mutex/Monitor currently owned by a thread: None

Heap:
 PSYoungGen      total 20992K, used 2676K [0x000000076ab00000, 0x000000076c380000, 0x00000007c0000000)
  eden space 18432K, 2% used [0x000000076ab00000,0x000000076ab81c80,0x000000076bd00000)
  from space 2560K, 84% used [0x000000076c000000,0x000000076c21b698,0x000000076c280000)
  to   space 3072K, 0% used [0x000000076bd00000,0x000000076bd00000,0x000000076c000000)
 ParOldGen       total 260608K, used 4397K [0x00000006c0000000, 0x00000006cfe80000, 0x000000076ab00000)
  object space 260608K, 1% used [0x00000006c0000000,0x00000006c044b6a0,0x00000006cfe80000)
 Metaspace       used 17651K, capacity 17778K, committed 18176K, reserved 1064960K
  class space    used 1682K, capacity 1751K, committed 1792K, reserved 1048576K

Card table byte_map: [0x0000000115680000,0x0000000115e81000] byte_map_base: 0x0000000112080000

Marking Bits: (ParMarkBitMap*) 0x0000000105c660a0
 Begin Bits: [0x00000001163d7000, 0x000000011a3d7000)
 End Bits:   [0x000000011a3d7000, 0x000000011e3d7000)

Polling page: 0x000000010427c000

CodeCache: size=245760Kb used=4036Kb max_used=4044Kb free=241723Kb
 bounds [0x00000001062c0000, 0x00000001066c0000, 0x00000001152c0000]
 total_blobs=1868 nmethods=999 adapters=785
 compilation: enabled

Compilation events (10 events):
Event: 1.669 Thread 0x00007fcf63808800 nmethod 997 0x00000001066a5550 code [0x00000001066a56a0, 0x00000001066a5870]
Event: 1.669 Thread 0x00007fcf63808800  985   !   3       java.util.regex.Pattern::matcher (44 bytes)
Event: 1.670 Thread 0x00007fcf63808800 nmethod 985 0x00000001066ac410 code [0x00000001066ac5a0, 0x00000001066aca18]
Event: 1.670 Thread 0x00007fcf63808800  986       3       java.util.regex.Matcher::<init> (84 bytes)
Event: 1.670 Thread 0x00007fcf63808800 nmethod 986 0x00000001066acb50 code [0x00000001066acce0, 0x00000001066ad1a8]
Event: 1.670 Thread 0x00007fcf63808800  987       3       java.util.regex.Matcher::find (69 bytes)
Event: 1.670 Thread 0x00007fcf63808800 nmethod 987 0x00000001066ad310 code [0x00000001066ad480, 0x00000001066ad808]
Event: 1.670 Thread 0x00007fcf63808800  998       3       java.util.HashMap::removeNode (291 bytes)
Event: 1.671 Thread 0x00007fcf63808800 nmethod 998 0x00000001066ad910 code [0x00000001066adb60, 0x00000001066aed98]
Event: 1.671 Thread 0x00007fcf63808800  990       3       java.util.regex.Pattern::expr (142 bytes)

GC Heap History (10 events):
Event: 0.425 GC heap before
{Heap before GC invocations=8 (full 0):
 PSYoungGen      total 5120K, used 4871K [0x000000076ab00000, 0x000000076b500000, 0x00000007c0000000)
  eden space 3584K, 100% used [0x000000076ab00000,0x000000076ae80000,0x000000076ae80000)
  from space 1536K, 83% used [0x000000076ae80000,0x000000076afc1e88,0x000000076b000000)
  to   space 1536K, 0% used [0x000000076b380000,0x000000076b380000,0x000000076b500000)
 ParOldGen       total 260608K, used 810K [0x00000006c0000000, 0x00000006cfe80000, 0x000000076ab00000)
  object space 260608K, 0% used [0x00000006c0000000,0x00000006c00ca878,0x00000006cfe80000)
 Metaspace       used 8759K, capacity 8890K, committed 9216K, reserved 1056768K
  class space    used 896K, capacity 950K, committed 1024K, reserved 1048576K
Event: 0.427 GC heap after
Heap after GC invocations=8 (full 0):
 PSYoungGen      total 8704K, used 1278K [0x000000076ab00000, 0x000000076b500000, 0x00000007c0000000)
  eden space 7168K, 0% used [0x000000076ab00000,0x000000076ab00000,0x000000076b200000)
  from space 1536K, 83% used [0x000000076b380000,0x000000076b4bfb10,0x000000076b500000)
  to   space 1536K, 0% used [0x000000076b200000,0x000000076b200000,0x000000076b380000)
 ParOldGen       total 260608K, used 994K [0x00000006c0000000, 0x00000006cfe80000, 0x000000076ab00000)
  object space 260608K, 0% used [0x00000006c0000000,0x00000006c00f8878,0x00000006cfe80000)
 Metaspace       used 8759K, capacity 8890K, committed 9216K, reserved 1056768K
  class space    used 896K, capacity 950K, committed 1024K, reserved 1048576K
}
Event: 0.576 GC heap before
{Heap before GC invocations=9 (full 0):
 PSYoungGen      total 8704K, used 8446K [0x000000076ab00000, 0x000000076b500000, 0x00000007c0000000)
  eden space 7168K, 100% used [0x000000076ab00000,0x000000076b200000,0x000000076b200000)
  from space 1536K, 83% used [0x000000076b380000,0x000000076b4bfb10,0x000000076b500000)
  to   space 1536K, 0% used [0x000000076b200000,0x000000076b200000,0x000000076b380000)
 ParOldGen       total 260608K, used 994K [0x00000006c0000000, 0x00000006cfe80000, 0x000000076ab00000)
  object space 260608K, 0% used [0x00000006c0000000,0x00000006c00f8878,0x00000006cfe80000)
 Metaspace       used 10493K, capacity 10650K, committed 11008K, reserved 1058816K
  class space    used 1140K, capacity 1174K, committed 1280K, reserved 1048576K
Event: 0.578 GC heap after
Heap after GC invocations=9 (full 0):
 PSYoungGen      total 8704K, used 1532K [0x000000076ab00000, 0x000000076ba80000, 0x00000007c0000000)
  eden space 7168K, 0% used [0x000000076ab00000,0x000000076ab00000,0x000000076b200000)
  from space 1536K, 99% used [0x000000076b200000,0x000000076b37f298,0x000000076b380000)
  to   space 2048K, 0% used [0x000000076b880000,0x000000076b880000,0x000000076ba80000)
 ParOldGen       total 260608K, used 1448K [0x00000006c0000000, 0x00000006cfe80000, 0x000000076ab00000)
  object space 260608K, 0% used [0x00000006c0000000,0x00000006c016a0d8,0x00000006cfe80000)
 Metaspace       used 10493K, capacity 10650K, committed 11008K, reserved 1058816K
  class space    used 1140K, capacity 1174K, committed 1280K, reserved 1048576K
}
Event: 0.794 GC heap before
{Heap before GC invocations=10 (full 0):
 PSYoungGen      total 8704K, used 8700K [0x000000076ab00000, 0x000000076ba80000, 0x00000007c0000000)
  eden space 7168K, 100% used [0x000000076ab00000,0x000000076b200000,0x000000076b200000)
  from space 1536K, 99% used [0x000000076b200000,0x000000076b37f298,0x000000076b380000)
  to   space 2048K, 0% used [0x000000076b880000,0x000000076b880000,0x000000076ba80000)
 ParOldGen       total 260608K, used 1448K [0x00000006c0000000, 0x00000006cfe80000, 0x000000076ab00000)
  object space 260608K, 0% used [0x00000006c0000000,0x00000006c016a0d8,0x00000006cfe80000)
 Metaspace       used 13262K, capacity 13344K, committed 13696K, reserved 1060864K
  class space    used 1253K, capacity 1300K, committed 1408K, reserved 1048576K
Event: 0.796 GC heap after
Heap after GC invocations=10 (full 0):
 PSYoungGen      total 13824K, used 1114K [0x000000076ab00000, 0x000000076ba80000, 0x00000007c0000000)
  eden space 11776K, 0% used [0x000000076ab00000,0x000000076ab00000,0x000000076b680000)
  from space 2048K, 54% used [0x000000076b880000,0x000000076b996970,0x000000076ba80000)
  to   space 2048K, 0% used [0x000000076b680000,0x000000076b680000,0x000000076b880000)
 ParOldGen       total 260608K, used 1864K [0x00000006c0000000, 0x00000006cfe80000, 0x000000076ab00000)
  object space 260608K, 0% used [0x00000006c0000000,0x00000006c01d20f8,0x00000006cfe80000)
 Metaspace       used 13262K, capacity 13344K, committed 13696K, reserved 1060864K
  class space    used 1253K, capacity 1300K, committed 1408K, reserved 1048576K
}
Event: 1.408 GC heap before
{Heap before GC invocations=11 (full 0):
 PSYoungGen      total 13824K, used 12890K [0x000000076ab00000, 0x000000076ba80000, 0x00000007c0000000)
  eden space 11776K, 100% used [0x000000076ab00000,0x000000076b680000,0x000000076b680000)
  from space 2048K, 54% used [0x000000076b880000,0x000000076b996970,0x000000076ba80000)
  to   space 2048K, 0% used [0x000000076b680000,0x000000076b680000,0x000000076b880000)
 ParOldGen       total 260608K, used 1864K [0x00000006c0000000, 0x00000006cfe80000, 0x000000076ab00000)
  object space 260608K, 0% used [0x00000006c0000000,0x00000006c01d20f8,0x00000006cfe80000)
 Metaspace       used 14689K, capacity 14886K, committed 15360K, reserved 1062912K
  class space    used 1378K, capacity 1429K, committed 1536K, reserved 1048576K
Event: 1.412 GC heap after
Heap after GC invocations=11 (full 0):
 PSYoungGen      total 13824K, used 2033K [0x000000076ab00000, 0x000000076c280000, 0x00000007c0000000)
  eden space 11776K, 0% used [0x000000076ab00000,0x000000076ab00000,0x000000076b680000)
  from space 2048K, 99% used [0x000000076b680000,0x000000076b87c4d8,0x000000076b880000)
  to   space 2560K, 0% used [0x000000076c000000,0x000000076c000000,0x000000076c280000)
 ParOldGen       total 260608K, used 2693K [0x00000006c0000000, 0x00000006cfe80000, 0x000000076ab00000)
  object space 260608K, 1% used [0x00000006c0000000,0x00000006c02a17d8,0x00000006cfe80000)
 Metaspace       used 14689K, capacity 14886K, committed 15360K, reserved 1062912K
  class space    used 1378K, capacity 1429K, committed 1536K, reserved 1048576K
}
Event: 1.662 GC heap before
{Heap before GC invocations=12 (full 0):
 PSYoungGen      total 13824K, used 13809K [0x000000076ab00000, 0x000000076c280000, 0x00000007c0000000)
  eden space 11776K, 100% used [0x000000076ab00000,0x000000076b680000,0x000000076b680000)
  from space 2048K, 99% used [0x000000076b680000,0x000000076b87c4d8,0x000000076b880000)
  to   space 2560K, 0% used [0x000000076c000000,0x000000076c000000,0x000000076c280000)
 ParOldGen       total 260608K, used 2693K [0x00000006c0000000, 0x00000006cfe80000, 0x000000076ab00000)
  object space 260608K, 1% used [0x00000006c0000000,0x00000006c02a17d8,0x00000006cfe80000)
 Metaspace       used 17644K, capacity 17746K, committed 18176K, reserved 1064960K
  class space    used 1682K, capacity 1719K, committed 1792K, reserved 1048576K
Event: 1.665 GC heap after
Heap after GC invocations=12 (full 0):
 PSYoungGen      total 20992K, used 2157K [0x000000076ab00000, 0x000000076c380000, 0x00000007c0000000)
  eden space 18432K, 0% used [0x000000076ab00000,0x000000076ab00000,0x000000076bd00000)
  from space 2560K, 84% used [0x000000076c000000,0x000000076c21b698,0x000000076c280000)
  to   space 3072K, 0% used [0x000000076bd00000,0x000000076bd00000,0x000000076c000000)
 ParOldGen       total 260608K, used 4397K [0x00000006c0000000, 0x00000006cfe80000, 0x000000076ab00000)
  object space 260608K, 1% used [0x00000006c0000000,0x00000006c044b6a0,0x00000006cfe80000)
 Metaspace       used 17644K, capacity 17746K, committed 18176K, reserved 1064960K
  class space    used 1682K, capacity 1719K, committed 1792K, reserved 1048576K
}

Deoptimization events (8 events):
Event: 1.033 Thread 0x00007fcf61004000 Uncommon trap: reason=class_check action=maybe_recompile pc=0x00000001065f4ce4 method=com.jogamp.common.os.NativeLibrary.dynamicLookupFunction(Ljava/lang/String;)J @ 28
Event: 1.033 Thread 0x00007fcf61004000 Uncommon trap: reason=class_check action=maybe_recompile pc=0x00000001065f4ce4 method=com.jogamp.common.os.NativeLibrary.dynamicLookupFunction(Ljava/lang/String;)J @ 28
Event: 1.033 Thread 0x00007fcf61004000 Uncommon trap: reason=class_check action=maybe_recompile pc=0x00000001065f4ce4 method=com.jogamp.common.os.NativeLibrary.dynamicLookupFunction(Ljava/lang/String;)J @ 28
Event: 1.033 Thread 0x00007fcf61004000 Uncommon trap: reason=class_check action=maybe_recompile pc=0x00000001065f4ce4 method=com.jogamp.common.os.NativeLibrary.dynamicLookupFunction(Ljava/lang/String;)J @ 28
Event: 1.641 Thread 0x00007fcf62a53000 Uncommon trap: reason=unreached action=reinterpret pc=0x00000001066683b0 method=com.jogamp.common.util.IntIntHashMap.get(I)I @ 19
Event: 1.641 Thread 0x00007fcf62a53000 Uncommon trap: reason=unreached action=reinterpret pc=0x0000000106674b50 method=com.jogamp.common.nio.Buffers.rangeCheckBytes(Ljava/lang/Object;I)V @ 1
Event: 1.641 Thread 0x00007fcf62a53000 Uncommon trap: reason=unreached action=reinterpret pc=0x000000010667586c method=com.jogamp.common.nio.Buffers.isDirect(Ljava/lang/Object;)Z @ 1
Event: 1.641 Thread 0x00007fcf62a53000 Uncommon trap: reason=unreached action=reinterpret pc=0x0000000106674370 method=com.jogamp.common.nio.Buffers.getDirectBufferByteOffset(Ljava/lang/Object;)I @ 1

Internal exceptions (10 events):
Event: 1.585 Thread 0x00007fcf62a53000 Exception <a 'java/security/PrivilegedActionException'> (0x000000076b4648d0) thrown at [/HUDSON/workspace/8-2-build-macosx-x86_64/jdk8u5/2488/hotspot/src/share/vm/prims/jvm.cpp, line 1248]
Event: 1.627 Thread 0x00007fcf62a53000 Exception <a 'java/security/PrivilegedActionException'> (0x000000076b4f3448) thrown at [/HUDSON/workspace/8-2-build-macosx-x86_64/jdk8u5/2488/hotspot/src/share/vm/prims/jvm.cpp, line 1248]
Event: 1.641 Thread 0x00007fcf62a53000 Exception <a 'java/security/PrivilegedActionException'> (0x000000076b502088) thrown at [/HUDSON/workspace/8-2-build-macosx-x86_64/jdk8u5/2488/hotspot/src/share/vm/prims/jvm.cpp, line 1248]
Event: 1.641 Thread 0x00007fcf62a53000 Implicit null exception at 0x0000000106674aec to 0x0000000106674b3d
Event: 1.641 Thread 0x00007fcf62a53000 Implicit null exception at 0x000000010667582c to 0x000000010667585d
Event: 1.641 Thread 0x00007fcf62a53000 Implicit null exception at 0x000000010667432c to 0x0000000106674361
Event: 1.643 Thread 0x00007fcf62a53000 Exception <a 'java/security/PrivilegedActionException'> (0x000000076b521f00) thrown at [/HUDSON/workspace/8-2-build-macosx-x86_64/jdk8u5/2488/hotspot/src/share/vm/prims/jvm.cpp, line 1248]
Event: 1.644 Thread 0x00007fcf62a53000 Exception <a 'java/security/PrivilegedActionException'> (0x000000076b535bf0) thrown at [/HUDSON/workspace/8-2-build-macosx-x86_64/jdk8u5/2488/hotspot/src/share/vm/prims/jvm.cpp, line 1248]
Event: 1.644 Thread 0x00007fcf62a53000 Exception <a 'java/security/PrivilegedActionException'> (0x000000076b53ce00) thrown at [/HUDSON/workspace/8-2-build-macosx-x86_64/jdk8u5/2488/hotspot/src/share/vm/prims/jvm.cpp, line 1248]
Event: 1.667 Thread 0x00007fcf62a53000 Exception <a 'java/security/PrivilegedActionException'> (0x000000076ab58518) thrown at [/HUDSON/workspace/8-2-build-macosx-x86_64/jdk8u5/2488/hotspot/src/share/vm/prims/jvm.cpp, line 1248]

Events (10 events):
Event: 1.644 loading class processing/opengl/VertexBuffer
Event: 1.644 loading class processing/opengl/VertexBuffer done
Event: 1.644 loading class processing/opengl/PGraphicsOpenGL$GLResourceVertexBuffer
Event: 1.644 loading class processing/opengl/PGraphicsOpenGL$GLResourceVertexBuffer done
Event: 1.652 loading class java/util/regex/Pattern$SliceS
Event: 1.652 loading class java/util/regex/Pattern$SliceS done
Event: 1.662 Executing VM operation: ParallelGCFailedAllocation
Event: 1.665 Executing VM operation: ParallelGCFailedAllocation done
Event: 1.667 loading class processing/opengl/PGraphicsOpenGL$GLResourceShader
Event: 1.667 loading class processing/opengl/PGraphicsOpenGL$GLResourceShader done


Dynamic libraries:
0x0000000009bd8000 	/System/Library/Frameworks/Cocoa.framework/Versions/A/Cocoa
0x0000000009bd8000 	/System/Library/Frameworks/Security.framework/Versions/A/Security
0x0000000009bd8000 	/System/Library/Frameworks/ApplicationServices.framework/Versions/A/ApplicationServices
0x0000000009bd8000 	/usr/lib/libz.1.dylib
0x0000000009bd8000 	/usr/lib/libSystem.B.dylib
0x0000000009bd8000 	/usr/lib/libobjc.A.dylib
0x0000000009bd8000 	/System/Library/Frameworks/CoreFoundation.framework/Versions/A/CoreFoundation
0x0000000009bd8000 	/System/Library/Frameworks/Foundation.framework/Versions/C/Foundation
0x0000000009bd8000 	/System/Library/Frameworks/AppKit.framework/Versions/C/AppKit
0x0000000009bd8000 	/System/Library/Frameworks/CoreData.framework/Versions/A/CoreData
0x0000000009bd8000 	/System/Library/PrivateFrameworks/RemoteViewServices.framework/Versions/A/RemoteViewServices
0x0000000009bd8000 	/System/Library/PrivateFrameworks/UIFoundation.framework/Versions/A/UIFoundation
0x0000000009bd8000 	/usr/lib/libScreenReader.dylib
0x0000000009bd8000 	/System/Library/Frameworks/Accelerate.framework/Versions/A/Accelerate
0x0000000009bd8000 	/System/Library/Frameworks/IOSurface.framework/Versions/A/IOSurface
0x0000000009bd8000 	/System/Library/Frameworks/AudioToolbox.framework/Versions/A/AudioToolbox
0x0000000009bd8000 	/System/Library/Frameworks/AudioUnit.framework/Versions/A/AudioUnit
0x0000000009bd8000 	/System/Library/PrivateFrameworks/DataDetectorsCore.framework/Versions/A/DataDetectorsCore
0x0000000009bd8000 	/System/Library/PrivateFrameworks/DesktopServicesPriv.framework/Versions/A/DesktopServicesPriv
0x0000000009bd8000 	/System/Library/Frameworks/Carbon.framework/Versions/A/Frameworks/HIToolbox.framework/Versions/A/HIToolbox
0x0000000009bd8000 	/System/Library/Frameworks/QuartzCore.framework/Versions/A/QuartzCore
0x0000000009bd8000 	/System/Library/Frameworks/Carbon.framework/Versions/A/Frameworks/SpeechRecognition.framework/Versions/A/SpeechRecognition
0x0000000009bd8000 	/usr/lib/libauto.dylib
0x0000000009bd8000 	/usr/lib/libicucore.A.dylib
0x0000000009bd8000 	/usr/lib/libxml2.2.dylib
0x0000000009bd8000 	/System/Library/PrivateFrameworks/CoreUI.framework/Versions/A/CoreUI
0x0000000009bd8000 	/System/Library/Frameworks/CoreAudio.framework/Versions/A/CoreAudio
0x0000000009bd8000 	/System/Library/Frameworks/DiskArbitration.framework/Versions/A/DiskArbitration
0x0000000009bd8000 	/usr/lib/liblangid.dylib
0x0000000009bd8000 	/System/Library/PrivateFrameworks/MultitouchSupport.framework/Versions/A/MultitouchSupport
0x0000000009bd8000 	/System/Library/Frameworks/IOKit.framework/Versions/A/IOKit
0x0000000009bd8000 	/usr/lib/libDiagnosticMessagesClient.dylib
0x0000000009bd8000 	/System/Library/Frameworks/CoreServices.framework/Versions/A/CoreServices
0x0000000009bd8000 	/System/Library/PrivateFrameworks/PerformanceAnalysis.framework/Versions/A/PerformanceAnalysis
0x0000000009bd8000 	/System/Library/PrivateFrameworks/GenerationalStorage.framework/Versions/A/GenerationalStorage
0x0000000009bd8000 	/System/Library/Frameworks/OpenGL.framework/Versions/A/OpenGL
0x0000000009bd8000 	/System/Library/PrivateFrameworks/Sharing.framework/Versions/A/Sharing
0x0000000009bd8000 	/System/Library/Frameworks/CoreGraphics.framework/Versions/A/CoreGraphics
0x0000000009bd8000 	/System/Library/Frameworks/CoreImage.framework/Versions/A/CoreImage
0x0000000009bd8000 	/System/Library/Frameworks/CoreText.framework/Versions/A/CoreText
0x0000000009bd8000 	/System/Library/Frameworks/ImageIO.framework/Versions/A/ImageIO
0x0000000009bd8000 	/System/Library/PrivateFrameworks/Backup.framework/Versions/A/Backup
0x0000000009bd8000 	/usr/lib/libextension.dylib
0x0000000009bd8000 	/usr/lib/libarchive.2.dylib
0x0000000009bd8000 	/System/Library/Frameworks/CFNetwork.framework/Versions/A/CFNetwork
0x0000000009bd8000 	/System/Library/Frameworks/SystemConfiguration.framework/Versions/A/SystemConfiguration
0x0000000009bd8000 	/usr/lib/libCRFSuite.dylib
0x0000000009bd8000 	/usr/lib/libc++.1.dylib
0x0000000009bd8000 	/usr/lib/libc++abi.dylib
0x0000000009bd8000 	/usr/lib/system/libcache.dylib
0x0000000009bd8000 	/usr/lib/system/libcommonCrypto.dylib
0x0000000009bd8000 	/usr/lib/system/libcompiler_rt.dylib
0x0000000009bd8000 	/usr/lib/system/libcopyfile.dylib
0x0000000009bd8000 	/usr/lib/system/libcorecrypto.dylib
0x0000000009bd8000 	/usr/lib/system/libdispatch.dylib
0x0000000009bd8000 	/usr/lib/system/libdyld.dylib
0x0000000009bd8000 	/usr/lib/system/libkeymgr.dylib
0x0000000009bd8000 	/usr/lib/system/liblaunch.dylib
0x0000000009bd8000 	/usr/lib/system/libmacho.dylib
0x0000000009bd8000 	/usr/lib/system/libquarantine.dylib
0x0000000009bd8000 	/usr/lib/system/libremovefile.dylib
0x0000000009bd8000 	/usr/lib/system/libsystem_asl.dylib
0x0000000009bd8000 	/usr/lib/system/libsystem_blocks.dylib
0x0000000009bd8000 	/usr/lib/system/libsystem_c.dylib
0x0000000009bd8000 	/usr/lib/system/libsystem_configuration.dylib
0x0000000009bd8000 	/usr/lib/system/libsystem_coreservices.dylib
0x0000000009bd8000 	/usr/lib/system/libsystem_coretls.dylib
0x0000000009bd8000 	/usr/lib/system/libsystem_dnssd.dylib
0x0000000009bd8000 	/usr/lib/system/libsystem_info.dylib
0x0000000009bd8000 	/usr/lib/system/libsystem_kernel.dylib
0x0000000009bd8000 	/usr/lib/system/libsystem_m.dylib
0x0000000009bd8000 	/usr/lib/system/libsystem_malloc.dylib
0x0000000009bd8000 	/usr/lib/system/libsystem_network.dylib
0x0000000009bd8000 	/usr/lib/system/libsystem_networkextension.dylib
0x0000000009bd8000 	/usr/lib/system/libsystem_notify.dylib
0x0000000009bd8000 	/usr/lib/system/libsystem_platform.dylib
0x0000000009bd8000 	/usr/lib/system/libsystem_pthread.dylib
0x0000000009bd8000 	/usr/lib/system/libsystem_sandbox.dylib
0x0000000009bd8000 	/usr/lib/system/libsystem_secinit.dylib
0x0000000009bd8000 	/usr/lib/system/libsystem_trace.dylib
0x0000000009bd8000 	/usr/lib/system/libunc.dylib
0x0000000009bd8000 	/usr/lib/system/libunwind.dylib
0x0000000009bd8000 	/usr/lib/system/libxpc.dylib
0x0000000009bd8000 	/usr/lib/libenergytrace.dylib
0x0000000009bd8000 	/usr/lib/libbsm.0.dylib
0x0000000009bd8000 	/usr/lib/system/libkxld.dylib
0x0000000009bd8000 	/usr/lib/libxar.1.dylib
0x0000000009bd8000 	/usr/lib/libsqlite3.dylib
0x0000000009bd8000 	/usr/lib/libpam.2.dylib
0x0000000009bd8000 	/usr/lib/libOpenScriptingUtil.dylib
0x0000000009bd8000 	/usr/lib/libbz2.1.0.dylib
0x0000000009bd8000 	/usr/lib/liblzma.5.dylib
0x0000000009bd8000 	/System/Library/Frameworks/CoreServices.framework/Versions/A/Frameworks/FSEvents.framework/Versions/A/FSEvents
0x0000000009bd8000 	/System/Library/Frameworks/CoreServices.framework/Versions/A/Frameworks/CarbonCore.framework/Versions/A/CarbonCore
0x0000000009bd8000 	/System/Library/Frameworks/CoreServices.framework/Versions/A/Frameworks/Metadata.framework/Versions/A/Metadata
0x0000000009bd8000 	/System/Library/Frameworks/CoreServices.framework/Versions/A/Frameworks/OSServices.framework/Versions/A/OSServices
0x0000000009bd8000 	/System/Library/Frameworks/CoreServices.framework/Versions/A/Frameworks/SearchKit.framework/Versions/A/SearchKit
0x0000000009bd8000 	/System/Library/Frameworks/CoreServices.framework/Versions/A/Frameworks/AE.framework/Versions/A/AE
0x0000000009bd8000 	/System/Library/Frameworks/CoreServices.framework/Versions/A/Frameworks/LaunchServices.framework/Versions/A/LaunchServices
0x0000000009bd8000 	/System/Library/Frameworks/CoreServices.framework/Versions/A/Frameworks/DictionaryServices.framework/Versions/A/DictionaryServices
0x0000000009bd8000 	/System/Library/Frameworks/CoreServices.framework/Versions/A/Frameworks/SharedFileList.framework/Versions/A/SharedFileList
0x0000000009bd8000 	/System/Library/Frameworks/NetFS.framework/Versions/A/NetFS
0x0000000009bd8000 	/System/Library/PrivateFrameworks/NetAuth.framework/Versions/A/NetAuth
0x0000000009bd8000 	/System/Library/PrivateFrameworks/login.framework/Versions/A/Frameworks/loginsupport.framework/Versions/A/loginsupport
0x0000000009bd8000 	/System/Library/PrivateFrameworks/TCC.framework/Versions/A/TCC
0x0000000009bd8000 	/usr/lib/libmecabra.dylib
0x0000000009bd8000 	/System/Library/Frameworks/ApplicationServices.framework/Versions/A/Frameworks/ATS.framework/Versions/A/ATS
0x0000000009bd8000 	/System/Library/Frameworks/ApplicationServices.framework/Versions/A/Frameworks/ColorSync.framework/Versions/A/ColorSync
0x0000000009bd8000 	/System/Library/Frameworks/ApplicationServices.framework/Versions/A/Frameworks/HIServices.framework/Versions/A/HIServices
0x0000000009bd8000 	/System/Library/Frameworks/ApplicationServices.framework/Versions/A/Frameworks/LangAnalysis.framework/Versions/A/LangAnalysis
0x0000000009bd8000 	/System/Library/Frameworks/ApplicationServices.framework/Versions/A/Frameworks/PrintCore.framework/Versions/A/PrintCore
0x0000000009bd8000 	/System/Library/Frameworks/ApplicationServices.framework/Versions/A/Frameworks/QD.framework/Versions/A/QD
0x0000000009bd8000 	/System/Library/Frameworks/ApplicationServices.framework/Versions/A/Frameworks/SpeechSynthesis.framework/Versions/A/SpeechSynthesis
0x0000000009bd8000 	/System/Library/Frameworks/Metal.framework/Versions/A/Metal
0x0000000009bd8000 	/System/Library/Frameworks/Accelerate.framework/Versions/A/Frameworks/vImage.framework/Versions/A/vImage
0x0000000009bd8000 	/System/Library/Frameworks/Accelerate.framework/Versions/A/Frameworks/vecLib.framework/Versions/A/vecLib
0x0000000009bd8000 	/System/Library/Frameworks/Accelerate.framework/Versions/A/Frameworks/vecLib.framework/Versions/A/libvDSP.dylib
0x0000000009bd8000 	/System/Library/Frameworks/Accelerate.framework/Versions/A/Frameworks/vecLib.framework/Versions/A/libvMisc.dylib
0x0000000009bd8000 	/System/Library/Frameworks/Accelerate.framework/Versions/A/Frameworks/vecLib.framework/Versions/A/libLAPACK.dylib
0x0000000009bd8000 	/System/Library/Frameworks/Accelerate.framework/Versions/A/Frameworks/vecLib.framework/Versions/A/libBLAS.dylib
0x0000000009bd8000 	/System/Library/Frameworks/Accelerate.framework/Versions/A/Frameworks/vecLib.framework/Versions/A/libLinearAlgebra.dylib
0x0000000009bd8000 	/System/Library/Frameworks/Accelerate.framework/Versions/A/Frameworks/vecLib.framework/Versions/A/libSparseBLAS.dylib
0x0000000009bd8000 	/System/Library/PrivateFrameworks/GPUCompiler.framework/libmetal_timestamp.dylib
0x0000000009bd8000 	/System/Library/Frameworks/OpenGL.framework/Versions/A/Libraries/libCoreFSCache.dylib
0x0000000009bd8000 	/System/Library/PrivateFrameworks/IOAccelerator.framework/Versions/A/IOAccelerator
0x0000000009bd8000 	/System/Library/Frameworks/ApplicationServices.framework/Versions/A/Frameworks/ATS.framework/Versions/A/Resources/libFontParser.dylib
0x0000000009bd8000 	/System/Library/Frameworks/ApplicationServices.framework/Versions/A/Frameworks/ATS.framework/Versions/A/Resources/libFontRegistry.dylib
0x0000000009bd8000 	/System/Library/PrivateFrameworks/AppleVPA.framework/Versions/A/AppleVPA
0x0000000009bd8000 	/System/Library/PrivateFrameworks/AppleJPEG.framework/Versions/A/AppleJPEG
0x0000000009bd8000 	/System/Library/Frameworks/ImageIO.framework/Versions/A/Resources/libJPEG.dylib
0x0000000009bd8000 	/System/Library/Frameworks/ImageIO.framework/Versions/A/Resources/libTIFF.dylib
0x0000000009bd8000 	/System/Library/Frameworks/ImageIO.framework/Versions/A/Resources/libPng.dylib
0x0000000009bd8000 	/System/Library/Frameworks/ImageIO.framework/Versions/A/Resources/libGIF.dylib
0x0000000009bd8000 	/System/Library/Frameworks/ImageIO.framework/Versions/A/Resources/libJP2.dylib
0x0000000009bd8000 	/System/Library/Frameworks/ImageIO.framework/Versions/A/Resources/libRadiance.dylib
0x0000000009bd8000 	/System/Library/Frameworks/CoreVideo.framework/Versions/A/CoreVideo
0x0000000009bd8000 	/System/Library/Frameworks/OpenGL.framework/Versions/A/Libraries/libGLU.dylib
0x0000000009bd8000 	/System/Library/Frameworks/OpenGL.framework/Versions/A/Libraries/libGFXShared.dylib
0x0000000009bd8000 	/System/Library/Frameworks/OpenGL.framework/Versions/A/Libraries/libGL.dylib
0x0000000009bd8000 	/System/Library/Frameworks/OpenGL.framework/Versions/A/Libraries/libGLImage.dylib
0x0000000009bd8000 	/System/Library/Frameworks/OpenGL.framework/Versions/A/Libraries/libCVMSPluginSupport.dylib
0x0000000009bd8000 	/System/Library/Frameworks/OpenGL.framework/Versions/A/Libraries/libCoreVMClient.dylib
0x0000000009bd8000 	/usr/lib/libcompression.dylib
0x0000000009bd8000 	/usr/lib/libcups.2.dylib
0x0000000009bd8000 	/System/Library/Frameworks/Kerberos.framework/Versions/A/Kerberos
0x0000000009bd8000 	/System/Library/Frameworks/GSS.framework/Versions/A/GSS
0x0000000009bd8000 	/usr/lib/libresolv.9.dylib
0x0000000009bd8000 	/usr/lib/libiconv.2.dylib
0x0000000009bd8000 	/System/Library/PrivateFrameworks/Heimdal.framework/Versions/A/Heimdal
0x0000000009bd8000 	/usr/lib/libheimdal-asn1.dylib
0x0000000009bd8000 	/System/Library/Frameworks/OpenDirectory.framework/Versions/A/OpenDirectory
0x0000000009bd8000 	/System/Library/PrivateFrameworks/CommonAuth.framework/Versions/A/CommonAuth
0x0000000009bd8000 	/System/Library/Frameworks/OpenDirectory.framework/Versions/A/Frameworks/CFOpenDirectory.framework/Versions/A/CFOpenDirectory
0x0000000009bd8000 	/System/Library/Frameworks/SecurityFoundation.framework/Versions/A/SecurityFoundation
0x0000000009bd8000 	/System/Library/PrivateFrameworks/LanguageModeling.framework/Versions/A/LanguageModeling
0x0000000009bd8000 	/usr/lib/libmarisa.dylib
0x0000000009bd8000 	/usr/lib/libChineseTokenizer.dylib
0x0000000009bd8000 	/usr/lib/libcmph.dylib
0x0000000009bd8000 	/System/Library/Frameworks/ServiceManagement.framework/Versions/A/ServiceManagement
0x0000000009bd8000 	/usr/lib/libxslt.1.dylib
0x0000000009bd8000 	/System/Library/Frameworks/Carbon.framework/Versions/A/Frameworks/Ink.framework/Versions/A/Ink
0x0000000009bd8000 	/usr/lib/libFosl_dynamic.dylib
0x0000000009bd8000 	/System/Library/PrivateFrameworks/FaceCore.framework/Versions/A/FaceCore
0x0000000009bd8000 	/System/Library/Frameworks/OpenCL.framework/Versions/A/OpenCL
0x0000000009bd8000 	/System/Library/PrivateFrameworks/CrashReporterSupport.framework/Versions/A/CrashReporterSupport
0x0000000009bd8000 	/System/Library/PrivateFrameworks/IconServices.framework/Versions/A/IconServices
0x0000000009bd8000 	/System/Library/PrivateFrameworks/Apple80211.framework/Versions/A/Apple80211
0x0000000009bd8000 	/System/Library/Frameworks/CoreWLAN.framework/Versions/A/CoreWLAN
0x0000000009bd8000 	/System/Library/Frameworks/IOBluetooth.framework/Versions/A/IOBluetooth
0x0000000009bd8000 	/System/Library/PrivateFrameworks/CoreWiFi.framework/Versions/A/CoreWiFi
0x0000000009bd8000 	/System/Library/Frameworks/CoreBluetooth.framework/Versions/A/CoreBluetooth
0x0000000009bd8000 	/System/Library/PrivateFrameworks/ChunkingLibrary.framework/Versions/A/ChunkingLibrary
0x0000000009bd8000 	/System/Library/PrivateFrameworks/DebugSymbols.framework/Versions/A/DebugSymbols
0x0000000009bd8000 	/System/Library/PrivateFrameworks/CoreSymbolication.framework/Versions/A/CoreSymbolication
0x0000000009bd8000 	/System/Library/PrivateFrameworks/Symbolication.framework/Versions/A/Symbolication
0x0000000009bd8000 	/System/Library/PrivateFrameworks/SpeechRecognitionCore.framework/Versions/A/SpeechRecognitionCore
0x0000000105400000 	/Library/Java/JavaVirtualMachines/jdk1.8.0_05.jdk/Contents/Home/jre/lib/server/libjvm.dylib
0x0000000009bd8000 	/usr/lib/libstdc++.6.dylib
0x000000010423a000 	/Library/Java/JavaVirtualMachines/jdk1.8.0_05.jdk/Contents/Home/jre/lib/libverify.dylib
0x0000000104248000 	/Library/Java/JavaVirtualMachines/jdk1.8.0_05.jdk/Contents/Home/jre/lib/libjava.dylib
0x000000010427d000 	/Library/Java/JavaVirtualMachines/jdk1.8.0_05.jdk/Contents/Home/jre/lib/libinstrument.dylib
0x00000001042db000 	/Library/Java/JavaVirtualMachines/jdk1.8.0_05.jdk/Contents/Home/jre/lib/libzip.dylib
0x000000012122e000 	/System/Library/Frameworks/JavaVM.framework/Frameworks/JavaRuntimeSupport.framework/JavaRuntimeSupport
0x0000000121249000 	/System/Library/Frameworks/JavaVM.framework/Versions/A/Frameworks/JavaNativeFoundation.framework/Versions/A/JavaNativeFoundation
0x000000012125e000 	/System/Library/Frameworks/JavaVM.framework/Versions/A/JavaVM
0x0000000009bd8000 	/System/Library/Frameworks/Carbon.framework/Versions/A/Carbon
0x000000012126b000 	/System/Library/PrivateFrameworks/JavaLaunching.framework/Versions/A/JavaLaunching
0x0000000009bd8000 	/System/Library/Frameworks/Carbon.framework/Versions/A/Frameworks/CommonPanels.framework/Versions/A/CommonPanels
0x0000000009bd8000 	/System/Library/Frameworks/Carbon.framework/Versions/A/Frameworks/Help.framework/Versions/A/Help
0x0000000009bd8000 	/System/Library/Frameworks/Carbon.framework/Versions/A/Frameworks/ImageCapture.framework/Versions/A/ImageCapture
0x0000000009bd8000 	/System/Library/Frameworks/Carbon.framework/Versions/A/Frameworks/OpenScripting.framework/Versions/A/OpenScripting
0x0000000009bd8000 	/System/Library/Frameworks/Carbon.framework/Versions/A/Frameworks/Print.framework/Versions/A/Print
0x0000000009bd8000 	/System/Library/Frameworks/Carbon.framework/Versions/A/Frameworks/SecurityHI.framework/Versions/A/SecurityHI
0x0000000122d8e000 	/Library/Java/JavaVirtualMachines/jdk1.8.0_05.jdk/Contents/Home/jre/lib/libnet.dylib
0x0000000122e11000 	/Library/Java/JavaVirtualMachines/jdk1.8.0_05.jdk/Contents/Home/jre/lib/libawt.dylib
0x0000000122ec0000 	/Library/Java/JavaVirtualMachines/jdk1.8.0_05.jdk/Contents/Home/jre/lib/./libmlib_image.dylib
0x0000000122f8c000 	/Library/Java/JavaVirtualMachines/jdk1.8.0_05.jdk/Contents/Home/jre/lib/libawt_lwawt.dylib
0x000000012303e000 	/Library/Java/JavaVirtualMachines/jdk1.8.0_05.jdk/Contents/Home/jre/lib/./libosxapp.dylib
0x0000000009bd8000 	/System/Library/Frameworks/ExceptionHandling.framework/Versions/A/ExceptionHandling
0x0000000009bd8000 	/System/Library/PrivateFrameworks/CoreServicesInternal.framework/Versions/A/CoreServicesInternal
0x0000000009bd8000 	/System/Library/Frameworks/CoreGraphics.framework/Versions/A/Resources/libRIP.A.dylib
0x0000000009bd8000 	/System/Library/Frameworks/Accelerate.framework/Versions/A/Frameworks/vImage.framework/Versions/A/Libraries/libCGInterfaces.dylib
0x0000000009bd8000 	/System/Library/CoreServices/RawCamera.bundle/Contents/MacOS/RawCamera
0x0000000009bd8000 	/System/Library/Frameworks/CoreGraphics.framework/Versions/A/Resources/libCGXType.A.dylib
0x0000000009bd8000 	/System/Library/Frameworks/OpenCL.framework/Versions/A/Libraries/libcldcpuengine.dylib
0x0000000009bd8000 	/System/Library/PrivateFrameworks/DiskImages.framework/Versions/A/DiskImages
0x0000000009bd8000 	/System/Library/Frameworks/DiscRecording.framework/Versions/A/DiscRecording
0x0000000009bd8000 	/usr/lib/libcsfde.dylib
0x0000000009bd8000 	/usr/lib/libcurl.4.dylib
0x0000000009bd8000 	/System/Library/PrivateFrameworks/MediaKit.framework/Versions/A/MediaKit
0x0000000009bd8000 	/System/Library/PrivateFrameworks/ProtectedCloudStorage.framework/Versions/A/ProtectedCloudStorage
0x0000000009bd8000 	/usr/lib/libCoreStorage.dylib
0x0000000009bd8000 	/System/Library/PrivateFrameworks/EFILogin.framework/Versions/A/EFILogin
0x0000000009bd8000 	/usr/lib/libutil.dylib
0x0000000009bd8000 	/System/Library/PrivateFrameworks/FindMyDevice.framework/Versions/A/FindMyDevice
0x0000000009bd8000 	/System/Library/Frameworks/LDAP.framework/Versions/A/LDAP
0x0000000009bd8000 	/usr/lib/libsasl2.2.dylib
0x0000000009bd8000 	/System/Library/PrivateFrameworks/CoreDaemon.framework/Versions/B/CoreDaemon
0x0000000009bd8000 	/usr/lib/libcrypto.0.9.8.dylib
0x0000000009bd8000 	/System/Library/PrivateFrameworks/AppleSRP.framework/Versions/A/AppleSRP
0x0000000009bd8000 	/System/Library/PrivateFrameworks/TrustEvaluationAgent.framework/Versions/A/TrustEvaluationAgent
0x00000001257bd000 	cl_kernels
0x0000000009bd8000 	/System/Library/Frameworks/OpenCL.framework/Versions/A/Libraries/ImageFormats/unorm8_bgra.dylib
0x0000000009bd8000 	/System/Library/Frameworks/OpenCL.framework/Versions/A/Libraries/ImageFormats/unorm8_rgba.dylib
0x0000000009bd8000 	/System/Library/PrivateFrameworks/FamilyControls.framework/Versions/A/FamilyControls
0x0000000009bd8000 	/System/Library/PrivateFrameworks/CommerceKit.framework/Versions/A/Frameworks/CommerceCore.framework/Versions/A/CommerceCore
0x0000000009bd8000 	/System/Library/PrivateFrameworks/SystemAdministration.framework/Versions/A/SystemAdministration
0x0000000009bd8000 	/System/Library/PrivateFrameworks/AppContainer.framework/Versions/A/AppContainer
0x0000000009bd8000 	/System/Library/PrivateFrameworks/SecCodeWrapper.framework/Versions/A/SecCodeWrapper
0x0000000009bd8000 	/System/Library/Frameworks/DirectoryService.framework/Versions/A/DirectoryService
0x0000000009bd8000 	/System/Library/PrivateFrameworks/LoginUIKit.framework/Versions/A/Frameworks/LoginUICore.framework/Versions/A/LoginUICore
0x0000000009bd8000 	/usr/lib/libodfde.dylib
0x0000000126906000 	/Library/Java/JavaVirtualMachines/jdk1.8.0_05.jdk/Contents/Home/jre/lib/libfontmanager.dylib
0x0000000009bd8000 	/System/Library/Frameworks/OpenGL.framework/Versions/A/Resources/GLEngine.bundle/GLEngine
0x0000000009bd8000 	/System/Library/Frameworks/OpenGL.framework/Versions/A/Libraries/libGLProgrammability.dylib
0x000000012696c000 	/System/Library/Extensions/AppleIntelHD5000GraphicsGLDriver.bundle/Contents/MacOS/AppleIntelHD5000GraphicsGLDriver
0x0000000009bd8000 	/System/Library/PrivateFrameworks/GPUSupport.framework/Versions/A/Libraries/libGPUSupportMercury.dylib
0x00000001270bb000 	/System/Library/Extensions/AMDRadeonX4000GLDriver.bundle/Contents/MacOS/AMDRadeonX4000GLDriver
0x0000000127187000 	/System/Library/Extensions/AMDRadeonX4000GLDriver.bundle/Contents/MacOS/ATIRadeonX4000SCLib.dylib
0x0000000009bd8000 	/System/Library/Frameworks/OpenGL.framework/Versions/A/Resources/GLRendererFloat.bundle/GLRendererFloat
0x0000000127ac2000 	/Library/Java/JavaVirtualMachines/jdk1.8.0_05.jdk/Contents/Home/jre/lib/libnio.dylib
0x0000000127ad1000 	/private/var/folders/y6/rr7ffgs53s7d47llq1wwk4740000gp/T/jogamp_0000/file_cache/jln1728245437526840206/jln7944590072428141229/natives/macosx-universal/libgluegen-rt.jnilib
0x0000000125373000 	/private/var/folders/y6/rr7ffgs53s7d47llq1wwk4740000gp/T/jogamp_0000/file_cache/jln1728245437526840206/jln7944590072428141229/natives/macosx-universal/libnativewindow_awt.jnilib
0x0000000125376000 	/Library/Java/JavaVirtualMachines/jdk1.8.0_05.jdk/Contents/Home/jre/lib/libjawt.dylib
0x0000000125379000 	/private/var/folders/y6/rr7ffgs53s7d47llq1wwk4740000gp/T/jogamp_0000/file_cache/jln1728245437526840206/jln7944590072428141229/natives/macosx-universal/libnativewindow_macosx.jnilib
0x0000000125383000 	/private/var/folders/y6/rr7ffgs53s7d47llq1wwk4740000gp/T/jogamp_0000/file_cache/jln1728245437526840206/jln7944590072428141229/natives/macosx-universal/libnewt.jnilib
0x0000000128217000 	/private/var/folders/y6/rr7ffgs53s7d47llq1wwk4740000gp/T/jogamp_0000/file_cache/jln1728245437526840206/jln7944590072428141229/natives/macosx-universal/libjogl_desktop.jnilib
0x0000000124826000 	/private/var/folders/y6/rr7ffgs53s7d47llq1wwk4740000gp/T/jogamp_0000/file_cache/jln1728245437526840206/jln7944590072428141229/natives/macosx-universal/libjogl_mobile.jnilib
0x00000001277b6000 	/Users/miller/Projects/LeapDeveloperKit/LeapSDK/lib/libLeapJava.dylib
0x000000012939d000 	/Users/miller/Projects/LeapDeveloperKit/LeapSDK/lib/libLeap.dylib
0x00000001248b4000 	/Users/miller/Documents/Processing3/libraries/Syphon/library/libJSyphon.jnilib
0x000000012780f000 	/Users/miller/Documents/Processing3/libraries/Syphon/library/Syphon

VM Arguments:
jvm_args: -Djava.library.path=/Users/miller/Documents/Processing3/libraries/Syphon/library:/Users/miller/Documents/Processing3/libraries/toxiclibs/library:/Users/miller/Projects/LeapDeveloperKit/LeapSDK/lib -javaagent:/Applications/IntelliJ IDEA.app/Contents/lib/idea_rt.jar=52562:/Applications/IntelliJ IDEA.app/Contents/bin -Dfile.encoding=UTF-8 
java_command: algowave.Algowave
java_class_path (initial): /Library/Java/JavaVirtualMachines/jdk1.8.0_05.jdk/Contents/Home/jre/lib/charsets.jar:/Library/Java/JavaVirtualMachines/jdk1.8.0_05.jdk/Contents/Home/jre/lib/deploy.jar:/Library/Java/JavaVirtualMachines/jdk1.8.0_05.jdk/Contents/Home/jre/lib/ext/cldrdata.jar:/Library/Java/JavaVirtualMachines/jdk1.8.0_05.jdk/Contents/Home/jre/lib/ext/dnsns.jar:/Library/Java/JavaVirtualMachines/jdk1.8.0_05.jdk/Contents/Home/jre/lib/ext/jfxrt.jar:/Library/Java/JavaVirtualMachines/jdk1.8.0_05.jdk/Contents/Home/jre/lib/ext/localedata.jar:/Library/Java/JavaVirtualMachines/jdk1.8.0_05.jdk/Contents/Home/jre/lib/ext/nashorn.jar:/Library/Java/JavaVirtualMachines/jdk1.8.0_05.jdk/Contents/Home/jre/lib/ext/sunec.jar:/Library/Java/JavaVirtualMachines/jdk1.8.0_05.jdk/Contents/Home/jre/lib/ext/sunjce_provider.jar:/Library/Java/JavaVirtualMachines/jdk1.8.0_05.jdk/Contents/Home/jre/lib/ext/sunpkcs11.jar:/Library/Java/JavaVirtualMachines/jdk1.8.0_05.jdk/Contents/Home/jre/lib/ext/zipfs.jar:/Library/Java/JavaVirtualMachines/jdk1.8.0_05.jdk/Contents/Home/jre/lib/htmlconverter.jar:/Library/Java/JavaVirtualMachines/jdk1.8.0_05.jdk/Contents/Home/jre/lib/javaws.jar:/Library/Java/JavaVirtualMachines/jdk1.8.0_05.jdk/Contents/Home/jre/lib/jce.jar:/Library/Java/JavaVirtualMachines/jdk1.8.0_05.jdk/Contents/Home/jre/lib/jfr.jar:/Library/Java/JavaVirtualMachines/jdk1.8.0_05.jdk/Contents/Home/jre/lib/jfxswt.jar:/Library/Java/JavaVirtualMachines/jdk1.8.0_05.jdk/Contents/Home/jre/lib/jsse.jar:/Library/Java/JavaVirtualMachines/jdk1.8.0_05.jdk/Contents/Home/jre/lib/management-agent.jar:/Library/Java/JavaVirtualMachines/jdk1.8.0_05.jdk/Contents/Home/jre/lib/plugin.jar:/Library/Java/JavaVirtualMachines/jdk1.8.0_05.jdk/Contents/Home/jre/lib/resources.jar:/Library/Java/JavaVirtualMachines/jdk1.8.0_05.jdk/Contents/Home/jre/lib/rt.jar:/Library/Java/JavaVirtualMachines/jdk1.8.0_05.jdk/Contents/Home/lib/ant-javafx.jar:/Library/Java/JavaVirtualMachines/jdk1.8.0_05.jdk/Contents/Home/lib/dt.jar:/Library/
Launcher Type: SUN_STANDARD

Environment Variables:
PATH=/opt/apache-maven-3.3.9/bin:/opt/local/bin:/opt/local/sbin:/opt/local/bin:/opt/local/sbin:/Users/miller/.rvm/gems/ruby-1.9.2-p290/bin:/Users/miller/.rvm/gems/ruby-1.9.2-p290@global/bin:/Users/miller/.rvm/rubies/ruby-1.9.2-p290/bin:/Users/miller/.rvm/bin:/usr/local/bin:/usr/local/bin:/usr/bin:/bin:/usr/sbin:/sbin:/opt/X11/bin:/usr/local/git/bin:/usr/local/go/bin:/usr/local/bin/haxe:/usr/local/bin/haxelib:/Library/PostgreSQL/8.3/bin:/usr/local/bin/activator-1.2.3-minimal/
SHELL=/bin/bash
DISPLAY=/private/tmp/com.apple.launchd.wgitIeK8SJ/org.macosforge.xquartz:0

Signal Handlers:
SIGSEGV: [libjvm.dylib+0x55f7df], sa_mask[0]=0xfffefeff, sa_flags=0x00000043
SIGBUS: [libjvm.dylib+0x55f7df], sa_mask[0]=0xfffefeff, sa_flags=0x00000042
SIGFPE: [libjvm.dylib+0x442cfa], sa_mask[0]=0xfffefeff, sa_flags=0x00000042
SIGPIPE: [libjvm.dylib+0x442cfa], sa_mask[0]=0xfffefeff, sa_flags=0x00000042
SIGXFSZ: [libjvm.dylib+0x442cfa], sa_mask[0]=0xfffefeff, sa_flags=0x00000042
SIGILL: [libjvm.dylib+0x442cfa], sa_mask[0]=0xfffefeff, sa_flags=0x00000042
SIGUSR1: SIG_DFL, sa_mask[0]=0x00000000, sa_flags=0x00000000
SIGUSR2: [libjvm.dylib+0x442818], sa_mask[0]=0x00000004, sa_flags=0x00000042
SIGHUP: [libjvm.dylib+0x440ba5], sa_mask[0]=0xfffefeff, sa_flags=0x00000042
SIGINT: [libjvm.dylib+0x440ba5], sa_mask[0]=0xfffefeff, sa_flags=0x00000042
SIGTERM: [libjvm.dylib+0x440ba5], sa_mask[0]=0xfffefeff, sa_flags=0x00000042
SIGQUIT: [libjvm.dylib+0x440ba5], sa_mask[0]=0xfffefeff, sa_flags=0x00000042


---------------  S Y S T E M  ---------------

OS:Bsduname:Darwin 15.6.0 Darwin Kernel Version 15.6.0: Mon Oct  2 22:20:08 PDT 2017; root:xnu-3248.71.4~1/RELEASE_X86_64 x86_64
rlimit: STACK 8192k, CORE 0k, NPROC 709, NOFILE 10240, AS infinity
load average:1.78 1.83 1.93

CPU:total 8 (4 cores per cpu, 2 threads per core) family 6 model 70 stepping 1, cmov, cx8, fxsr, mmx, sse, sse2, sse3, ssse3, sse4.1, sse4.2, popcnt, avx, avx2, aes, clmul, erms, ht, tsc, tscinvbit

Memory: 4k page, physical 16777216k(1957544k free)

/proc/meminfo:


vm_info: Java HotSpot(TM) 64-Bit Server VM (25.5-b02) for bsd-amd64 JRE (1.8.0_05-b13), built on Mar 18 2014 00:36:13 by "java_re" with gcc 4.2.1 (Based on Apple Inc. build 5658) (LLVM build 2336.11.00)

time: Tue Feb 13 22:39:28 2018
elapsed time: 1 seconds

