#
# A fatal error has been detected by the Java Runtime Environment:
#
#  SIGSEGV (0xb) at pc=0x000000013371899b, pid=2743, tid=72451
#
# JRE version: Java(TM) SE Runtime Environment (8.0_05-b13) (build 1.8.0_05-b13)
# Java VM: Java HotSpot(TM) 64-Bit Server VM (25.5-b02 mixed mode bsd-amd64 compressed oops)
# Problematic frame:
# C  [libLeap.dylib+0x2799b]  Leap::InteractionBox::toCString() const+0x2d4b
#
# Failed to write core dump. Core dumps have been disabled. To enable core dumping, try "ulimit -c unlimited" before starting Java again
#
# If you would like to submit a bug report, please visit:
#   http://bugreport.sun.com/bugreport/crash.jsp
#

---------------  T H R E A D  ---------------

Current thread is native thread

siginfo:si_signo=SIGSEGV: si_errno=0, si_code=0 (SEGV0), si_addr=0x0000000000000000

Registers:
RAX=0x9000000000000000, RBX=0x00007fc86183c9a0, RCX=0x0000260000000000, RDX=0x00007fc85c3dba20
RSP=0x0000700002497db0, RBP=0x0000700002497ec0, RSI=0x0000260000002600, RDI=0x0000700002497e28
R8 =0x00000000fffffffc, R9 =0x00007fc85c3dba18, R10=0x00000000ffffffff, R11=0xffffffff00000000
R12=0x00007fc85c300590, R13=0x00007fc861835e90, R14=0x00007fc85c3dbf90, R15=0x0000000000000001
RIP=0x000000013371899b, EFLAGS=0x0000000000010202, ERR=0x0000000000000000
  TRAPNO=0x000000000000000d

Top of Stack: (sp=0x0000700002497db0)
0x0000700002497db0:   0000000000003200 00007fc85e97da70
0x0000700002497dc0:   00007fc85e97da40 00007fc85e97dda0
0x0000700002497dd0:   00007fc85e97def8 00007fc85e97dd20
0x0000700002497de0:   00007fc85e97dd60 00007fc85e97df20
0x0000700002497df0:   00007fc85e97dce0 000000010000ffff
0x0000700002497e00:   00007fc85e97da18 00007fc85e97d800
0x0000700002497e10:   0000000000000000 0000000000000000
0x0000700002497e20:   0000000100000000 00007fc86183c9a0
0x0000700002497e30:   00007fc86183c9a0 0000000000000001
0x0000700002497e40:   00007fc861835e90 00007fc861835e90
0x0000700002497e50:   0000000000000001 00007fc85ad08900
0x0000700002497e60:   00007fc85e97da40 00007fc85c3dccd0
0x0000700002497e70:   00007fc85e97dd60 0000000000000001
0x0000700002497e80:   00007fc85e97da70 00007fc85c3dd0f0
0x0000700002497e90:   0000700002497e48 0000000000000000
0x0000700002497ea0:   00007fff79a0cc08 0000000000011b03
0x0000700002497eb0:   00007fc85c3dee60 00007fc85ad08900
0x0000700002497ec0:   0000700002497ef0 0000000133722161
0x0000700002497ed0:   0000700002498000 00000000000008ff
0x0000700002497ee0:   00007fc85c3dee60 00000001337220f0
0x0000700002497ef0:   0000700002497f10 00007fff91de999d
0x0000700002497f00:   0000000000011b03 0000700002498000
0x0000700002497f10:   0000700002497f50 00007fff91de991a
0x0000700002497f20:   0000000000000000 0000000000000000
0x0000700002497f30:   0000000000000000 0000000000000000
0x0000700002497f40:   0000000000000000 0000000000000000
0x0000700002497f50:   0000700002497f78 00007fff91de7351
0x0000700002497f60:   0000000000000000 0000000000000000
0x0000700002497f70:   0000000000000000 0000000000000000
0x0000700002497f80:   0000000000000000 0000000000000000
0x0000700002497f90:   0000000000000000 0000000000000000
0x0000700002497fa0:   0000000000000000 0000000000000000 

Instructions: (pc=0x000000013371899b)
0x000000013371897b:   83 bd 50 ff ff ff 00 74 0f 49 8b 06 48 8b 40 60
0x000000013371898b:   4c 89 f7 4c 89 e6 ff d0 45 85 ff 74 0f 49 8b 06
0x000000013371899b:   48 8b 40 30 4c 89 f7 4c 89 e6 ff d0 48 8b 43 08
0x00000001337189ab:   48 85 c0 74 10 48 89 c3 48 8b 03 48 85 c0 75 f5 

Register to memory mapping:

RAX=0x9000000000000000 is an unknown value
RBX=0x00007fc86183c9a0 is an unknown value
RCX=0x0000260000000000 is an unknown value
RDX=0x00007fc85c3dba20 is an unknown value
RSP=0x0000700002497db0 is an unknown value
RBP=0x0000700002497ec0 is an unknown value
RSI=0x0000260000002600 is an unknown value
RDI=0x0000700002497e28 is an unknown value
R8 =0x00000000fffffffc is an unknown value
R9 =0x00007fc85c3dba18 is an unknown value
R10=0x00000000ffffffff is an unknown value
R11=0xffffffff00000000 is an unknown value
R12=0x00007fc85c300590 is an unknown value
R13=0x00007fc861835e90 is an unknown value
R14=0x00007fc85c3dbf90 is an unknown value
R15=0x0000000000000001 is an unknown value


Stack: [0x0000700002418000,0x0000700002498000],  sp=0x0000700002497db0,  free space=511k
Native frames: (J=compiled Java code, j=interpreted, Vv=VM code, C=native code)
C  [libLeap.dylib+0x2799b]  Leap::InteractionBox::toCString() const+0x2d4b
C  [libLeap.dylib+0x31161]  Leap::InteractionBox::toCString() const+0xc511
C  [libsystem_pthread.dylib+0x399d]  _pthread_body+0x83
C  [libsystem_pthread.dylib+0x391a]  _pthread_body+0x0
C  [libsystem_pthread.dylib+0x1351]  thread_start+0xd


---------------  P R O C E S S  ---------------

VM state:not at safepoint (normal execution)

VM Mutex/Monitor currently owned by a thread: None

Heap:
 PSYoungGen      total 19456K, used 1443K [0x000000076ab00000, 0x000000076c000000, 0x00000007c0000000)
  eden space 17408K, 3% used [0x000000076ab00000,0x000000076ab895c0,0x000000076bc00000)
  from space 2048K, 43% used [0x000000076be00000,0x000000076bedfa08,0x000000076c000000)
  to   space 2048K, 0% used [0x000000076bc00000,0x000000076bc00000,0x000000076be00000)
 ParOldGen       total 260608K, used 5151K [0x00000006c0000000, 0x00000006cfe80000, 0x000000076ab00000)
  object space 260608K, 1% used [0x00000006c0000000,0x00000006c0507ed8,0x00000006cfe80000)
 Metaspace       used 16316K, capacity 16498K, committed 16768K, reserved 1064960K
  class space    used 1517K, capacity 1557K, committed 1664K, reserved 1048576K

Card table byte_map: [0x000000011ff08000,0x0000000120709000] byte_map_base: 0x000000011c908000

Marking Bits: (ParMarkBitMap*) 0x00000001104660a0
 Begin Bits: [0x0000000120c5f000, 0x0000000124c5f000)
 End Bits:   [0x0000000124c5f000, 0x0000000128c5f000)

Polling page: 0x000000010ebe1000

CodeCache: size=245760Kb used=4497Kb max_used=4508Kb free=241262Kb
 bounds [0x0000000110b48000, 0x0000000110fb8000, 0x000000011fb48000]
 total_blobs=1994 nmethods=1147 adapters=763
 compilation: enabled

Compilation events (10 events):
Event: 6.070 Thread 0x00007fc85d88d000 1143       3       processing.opengl.PShader::consumeUniforms (1115 bytes)
Event: 6.073 Thread 0x00007fc85d88d000 nmethod 1143 0x0000000110fa01d0 code [0x0000000110fa0b00, 0x0000000110fa7558]
Event: 6.073 Thread 0x00007fc85d88d000 1144       3       processing.opengl.PShader::bindTextures (137 bytes)
Event: 6.074 Thread 0x00007fc85d88d000 nmethod 1144 0x0000000110fabad0 code [0x0000000110fabe00, 0x0000000110fad928]
Event: 6.158 Thread 0x00007fc85d849000 1145       4       java.nio.Buffer::position (43 bytes)
Event: 6.158 Thread 0x00007fc85b067000 1146       4       jogamp.opengl.GLBufferStateTracker::setBoundBufferObject (76 bytes)
Event: 6.159 Thread 0x00007fc85d849000 nmethod 1145 0x0000000110ece4d0 code [0x0000000110ece600, 0x0000000110ece698]
Event: 6.162 Thread 0x00007fc85b067000 nmethod 1146 0x0000000110fafe90 code [0x0000000110fb0060, 0x0000000110fb0298]
Event: 6.174 Thread 0x00007fc85d06d800 1147       4       com.jogamp.opengl.GLContext::isGL2 (27 bytes)
Event: 6.175 Thread 0x00007fc85d06d800 nmethod 1147 0x0000000110ef5f50 code [0x0000000110ef6080, 0x0000000110ef6118]

GC Heap History (10 events):
Event: 2.068 GC heap before
{Heap before GC invocations=10 (full 0):
 PSYoungGen      total 5120K, used 5119K [0x000000076ab00000, 0x000000076b480000, 0x00000007c0000000)
  eden space 4096K, 100% used [0x000000076ab00000,0x000000076af00000,0x000000076af00000)
  from space 1024K, 99% used [0x000000076af00000,0x000000076afffc60,0x000000076b000000)
  to   space 1536K, 0% used [0x000000076b300000,0x000000076b300000,0x000000076b480000)
 ParOldGen       total 260608K, used 1473K [0x00000006c0000000, 0x00000006cfe80000, 0x000000076ab00000)
  object space 260608K, 0% used [0x00000006c0000000,0x00000006c01706f8,0x00000006cfe80000)
 Metaspace       used 10025K, capacity 10182K, committed 10368K, reserved 1058816K
  class space    used 1034K, capacity 1078K, committed 1152K, reserved 1048576K
Event: 2.069 GC heap after
Heap after GC invocations=10 (full 0):
 PSYoungGen      total 8192K, used 1081K [0x000000076ab00000, 0x000000076b480000, 0x00000007c0000000)
  eden space 6656K, 0% used [0x000000076ab00000,0x000000076ab00000,0x000000076b180000)
  from space 1536K, 70% used [0x000000076b300000,0x000000076b40e7b8,0x000000076b480000)
  to   space 1536K, 0% used [0x000000076b180000,0x000000076b180000,0x000000076b300000)
 ParOldGen       total 260608K, used 1981K [0x00000006c0000000, 0x00000006cfe80000, 0x000000076ab00000)
  object space 260608K, 0% used [0x00000006c0000000,0x00000006c01ef708,0x00000006cfe80000)
 Metaspace       used 10025K, capacity 10182K, committed 10368K, reserved 1058816K
  class space    used 1034K, capacity 1078K, committed 1152K, reserved 1048576K
}
Event: 2.154 GC heap before
{Heap before GC invocations=11 (full 0):
 PSYoungGen      total 8192K, used 7737K [0x000000076ab00000, 0x000000076b480000, 0x00000007c0000000)
  eden space 6656K, 100% used [0x000000076ab00000,0x000000076b180000,0x000000076b180000)
  from space 1536K, 70% used [0x000000076b300000,0x000000076b40e7b8,0x000000076b480000)
  to   space 1536K, 0% used [0x000000076b180000,0x000000076b180000,0x000000076b300000)
 ParOldGen       total 260608K, used 1981K [0x00000006c0000000, 0x00000006cfe80000, 0x000000076ab00000)
  object space 260608K, 0% used [0x00000006c0000000,0x00000006c01ef708,0x00000006cfe80000)
 Metaspace       used 11431K, capacity 11526K, committed 11776K, reserved 1060864K
  class space    used 1236K, capacity 1270K, committed 1280K, reserved 1048576K
Event: 2.155 GC heap after
Heap after GC invocations=11 (full 0):
 PSYoungGen      total 8192K, used 1164K [0x000000076ab00000, 0x000000076b880000, 0x00000007c0000000)
  eden space 6656K, 0% used [0x000000076ab00000,0x000000076ab00000,0x000000076b180000)
  from space 1536K, 75% used [0x000000076b180000,0x000000076b2a3080,0x000000076b300000)
  to   space 1536K, 0% used [0x000000076b700000,0x000000076b700000,0x000000076b880000)
 ParOldGen       total 260608K, used 2469K [0x00000006c0000000, 0x00000006cfe80000, 0x000000076ab00000)
  object space 260608K, 0% used [0x00000006c0000000,0x00000006c0269728,0x00000006cfe80000)
 Metaspace       used 11431K, capacity 11526K, committed 11776K, reserved 1060864K
  class space    used 1236K, capacity 1270K, committed 1280K, reserved 1048576K
}
Event: 2.301 GC heap before
{Heap before GC invocations=12 (full 0):
 PSYoungGen      total 8192K, used 7790K [0x000000076ab00000, 0x000000076b880000, 0x00000007c0000000)
  eden space 6656K, 99% used [0x000000076ab00000,0x000000076b178a00,0x000000076b180000)
  from space 1536K, 75% used [0x000000076b180000,0x000000076b2a3080,0x000000076b300000)
  to   space 1536K, 0% used [0x000000076b700000,0x000000076b700000,0x000000076b880000)
 ParOldGen       total 260608K, used 2469K [0x00000006c0000000, 0x00000006cfe80000, 0x000000076ab00000)
  object space 260608K, 0% used [0x00000006c0000000,0x00000006c0269728,0x00000006cfe80000)
 Metaspace       used 13975K, capacity 14060K, committed 14464K, reserved 1062912K
  class space    used 1337K, capacity 1364K, committed 1408K, reserved 1048576K
Event: 2.302 GC heap after
Heap after GC invocations=12 (full 0):
 PSYoungGen      total 12288K, used 812K [0x000000076ab00000, 0x000000076b880000, 0x00000007c0000000)
  eden space 10752K, 0% used [0x000000076ab00000,0x000000076ab00000,0x000000076b580000)
  from space 1536K, 52% used [0x000000076b700000,0x000000076b7cb1e0,0x000000076b880000)
  to   space 1536K, 0% used [0x000000076b580000,0x000000076b580000,0x000000076b700000)
 ParOldGen       total 260608K, used 2778K [0x00000006c0000000, 0x00000006cfe80000, 0x000000076ab00000)
  object space 260608K, 1% used [0x00000006c0000000,0x00000006c02b6880,0x00000006cfe80000)
 Metaspace       used 13975K, capacity 14060K, committed 14464K, reserved 1062912K
  class space    used 1337K, capacity 1364K, committed 1408K, reserved 1048576K
}
Event: 2.787 GC heap before
{Heap before GC invocations=13 (full 0):
 PSYoungGen      total 12288K, used 11564K [0x000000076ab00000, 0x000000076b880000, 0x00000007c0000000)
  eden space 10752K, 100% used [0x000000076ab00000,0x000000076b580000,0x000000076b580000)
  from space 1536K, 52% used [0x000000076b700000,0x000000076b7cb1e0,0x000000076b880000)
  to   space 1536K, 0% used [0x000000076b580000,0x000000076b580000,0x000000076b700000)
 ParOldGen       total 260608K, used 2778K [0x00000006c0000000, 0x00000006cfe80000, 0x000000076ab00000)
  object space 260608K, 1% used [0x00000006c0000000,0x00000006c02b6880,0x00000006cfe80000)
 Metaspace       used 15399K, capacity 15538K, committed 15872K, reserved 1062912K
  class space    used 1446K, capacity 1493K, committed 1536K, reserved 1048576K
Event: 2.789 GC heap after
Heap after GC invocations=13 (full 0):
 PSYoungGen      total 12288K, used 1536K [0x000000076ab00000, 0x000000076c000000, 0x00000007c0000000)
  eden space 10752K, 0% used [0x000000076ab00000,0x000000076ab00000,0x000000076b580000)
  from space 1536K, 100% used [0x000000076b580000,0x000000076b700000,0x000000076b700000)
  to   space 2048K, 0% used [0x000000076be00000,0x000000076be00000,0x000000076c000000)
 ParOldGen       total 260608K, used 3750K [0x00000006c0000000, 0x00000006cfe80000, 0x000000076ab00000)
  object space 260608K, 1% used [0x00000006c0000000,0x00000006c03a9980,0x00000006cfe80000)
 Metaspace       used 15399K, capacity 15538K, committed 15872K, reserved 1062912K
  class space    used 1446K, capacity 1493K, committed 1536K, reserved 1048576K
}
Event: 6.179 GC heap before
{Heap before GC invocations=14 (full 0):
 PSYoungGen      total 12288K, used 12288K [0x000000076ab00000, 0x000000076c000000, 0x00000007c0000000)
  eden space 10752K, 100% used [0x000000076ab00000,0x000000076b580000,0x000000076b580000)
  from space 1536K, 100% used [0x000000076b580000,0x000000076b700000,0x000000076b700000)
  to   space 2048K, 0% used [0x000000076be00000,0x000000076be00000,0x000000076c000000)
 ParOldGen       total 260608K, used 3750K [0x00000006c0000000, 0x00000006cfe80000, 0x000000076ab00000)
  object space 260608K, 1% used [0x00000006c0000000,0x00000006c03a9980,0x00000006cfe80000)
 Metaspace       used 16316K, capacity 16498K, committed 16768K, reserved 1064960K
  class space    used 1517K, capacity 1557K, committed 1664K, reserved 1048576K
Event: 6.181 GC heap after
Heap after GC invocations=14 (full 0):
 PSYoungGen      total 19456K, used 894K [0x000000076ab00000, 0x000000076c000000, 0x00000007c0000000)
  eden space 17408K, 0% used [0x000000076ab00000,0x000000076ab00000,0x000000076bc00000)
  from space 2048K, 43% used [0x000000076be00000,0x000000076bedfa08,0x000000076c000000)
  to   space 2048K, 0% used [0x000000076bc00000,0x000000076bc00000,0x000000076be00000)
 ParOldGen       total 260608K, used 5151K [0x00000006c0000000, 0x00000006cfe80000, 0x000000076ab00000)
  object space 260608K, 1% used [0x00000006c0000000,0x00000006c0507ed8,0x00000006cfe80000)
 Metaspace       used 16316K, capacity 16498K, committed 16768K, reserved 1064960K
  class space    used 1517K, capacity 1557K, committed 1664K, reserved 1048576K
}

Deoptimization events (6 events):
Event: 2.502 Thread 0x00007fc85e800000 Uncommon trap: reason=class_check action=maybe_recompile pc=0x0000000110e8e8e4 method=com.jogamp.common.os.NativeLibrary.dynamicLookupFunction(Ljava/lang/String;)J @ 28
Event: 2.502 Thread 0x00007fc85e800000 Uncommon trap: reason=class_check action=maybe_recompile pc=0x0000000110e8e8e4 method=com.jogamp.common.os.NativeLibrary.dynamicLookupFunction(Ljava/lang/String;)J @ 28
Event: 2.502 Thread 0x00007fc85e800000 Uncommon trap: reason=class_check action=maybe_recompile pc=0x0000000110e8e8e4 method=com.jogamp.common.os.NativeLibrary.dynamicLookupFunction(Ljava/lang/String;)J @ 28
Event: 2.503 Thread 0x00007fc85e800000 Uncommon trap: reason=class_check action=maybe_recompile pc=0x0000000110e8e8e4 method=com.jogamp.common.os.NativeLibrary.dynamicLookupFunction(Ljava/lang/String;)J @ 28
Event: 2.962 Thread 0x00007fc85eb3c800 Uncommon trap: reason=unreached action=reinterpret pc=0x0000000110ec3aac method=com.jogamp.common.nio.Buffers.isDirect(Ljava/lang/Object;)Z @ 1
Event: 2.962 Thread 0x00007fc85eb3c800 Uncommon trap: reason=unreached action=reinterpret pc=0x0000000110ea9cb0 method=com.jogamp.common.nio.Buffers.getDirectBufferByteOffset(Ljava/lang/Object;)I @ 1

Internal exceptions (10 events):
Event: 2.916 Thread 0x00007fc85eb3c800 Exception <a 'java/security/PrivilegedActionException'> (0x000000076ae4d270) thrown at [/HUDSON/workspace/8-2-build-macosx-x86_64/jdk8u5/2488/hotspot/src/share/vm/prims/jvm.cpp, line 1248]
Event: 2.917 Thread 0x00007fc85eb3c800 Exception <a 'java/security/PrivilegedActionException'> (0x000000076ae549e0) thrown at [/HUDSON/workspace/8-2-build-macosx-x86_64/jdk8u5/2488/hotspot/src/share/vm/prims/jvm.cpp, line 1248]
Event: 2.923 Thread 0x00007fc85eb3c800 Exception <a 'java/security/PrivilegedActionException'> (0x000000076ae5c768) thrown at [/HUDSON/workspace/8-2-build-macosx-x86_64/jdk8u5/2488/hotspot/src/share/vm/prims/jvm.cpp, line 1248]
Event: 2.958 Thread 0x00007fc85eb3c800 Exception <a 'java/security/PrivilegedActionException'> (0x000000076ae73d68) thrown at [/HUDSON/workspace/8-2-build-macosx-x86_64/jdk8u5/2488/hotspot/src/share/vm/prims/jvm.cpp, line 1248]
Event: 2.959 Thread 0x00007fc85eb3c800 Exception <a 'java/security/PrivilegedActionException'> (0x000000076ae82518) thrown at [/HUDSON/workspace/8-2-build-macosx-x86_64/jdk8u5/2488/hotspot/src/share/vm/prims/jvm.cpp, line 1248]
Event: 2.959 Thread 0x00007fc85eb3c800 Exception <a 'java/security/PrivilegedActionException'> (0x000000076ae89728) thrown at [/HUDSON/workspace/8-2-build-macosx-x86_64/jdk8u5/2488/hotspot/src/share/vm/prims/jvm.cpp, line 1248]
Event: 2.962 Thread 0x00007fc85eb3c800 Implicit null exception at 0x0000000110ec3a6c to 0x0000000110ec3a9d
Event: 2.962 Thread 0x00007fc85eb3c800 Implicit null exception at 0x0000000110ea9c6c to 0x0000000110ea9ca1
Event: 2.964 Thread 0x00007fc85eb3c800 Exception <a 'java/security/PrivilegedActionException'> (0x000000076aea29e0) thrown at [/HUDSON/workspace/8-2-build-macosx-x86_64/jdk8u5/2488/hotspot/src/share/vm/prims/jvm.cpp, line 1248]
Event: 2.976 Thread 0x00007fc85eb3c800 Exception <a 'java/security/PrivilegedActionException'> (0x000000076b030fe8) thrown at [/HUDSON/workspace/8-2-build-macosx-x86_64/jdk8u5/2488/hotspot/src/share/vm/prims/jvm.cpp, line 1248]

Events (10 events):
Event: 5.978 Thread 0x00007fc85d9fc000 Thread exited: 0x00007fc85d9fc000
Event: 6.077 Thread 0x00007fc85b2c0800 Thread added: 0x00007fc85b2c0800
Event: 6.077 Thread 0x00007fc85b2c0800 Thread exited: 0x00007fc85b2c0800
Event: 6.179 Thread 0x00007fc85d9fc000 Thread added: 0x00007fc85d9fc000
Event: 6.179 Executing VM operation: ParallelGCFailedAllocation
Event: 6.181 Executing VM operation: ParallelGCFailedAllocation done
Event: 6.181 Thread 0x00007fc85d9fc000 Thread exited: 0x00007fc85d9fc000
Event: 6.256 Executing VM operation: RevokeBias
Event: 6.256 Executing VM operation: RevokeBias done
Event: 6.256 Thread 0x00007fc85d8ea800 Thread exited: 0x00007fc85d8ea800


Dynamic libraries:
0x0000000005472000 	/System/Library/Frameworks/Cocoa.framework/Versions/A/Cocoa
0x0000000005472000 	/System/Library/Frameworks/Security.framework/Versions/A/Security
0x0000000005472000 	/System/Library/Frameworks/ApplicationServices.framework/Versions/A/ApplicationServices
0x0000000005472000 	/usr/lib/libz.1.dylib
0x0000000005472000 	/usr/lib/libSystem.B.dylib
0x0000000005472000 	/usr/lib/libobjc.A.dylib
0x0000000005472000 	/System/Library/Frameworks/CoreFoundation.framework/Versions/A/CoreFoundation
0x0000000005472000 	/System/Library/Frameworks/Foundation.framework/Versions/C/Foundation
0x0000000005472000 	/System/Library/Frameworks/AppKit.framework/Versions/C/AppKit
0x0000000005472000 	/System/Library/Frameworks/CoreData.framework/Versions/A/CoreData
0x0000000005472000 	/System/Library/PrivateFrameworks/RemoteViewServices.framework/Versions/A/RemoteViewServices
0x0000000005472000 	/System/Library/PrivateFrameworks/UIFoundation.framework/Versions/A/UIFoundation
0x0000000005472000 	/usr/lib/libScreenReader.dylib
0x0000000005472000 	/System/Library/Frameworks/Accelerate.framework/Versions/A/Accelerate
0x0000000005472000 	/System/Library/Frameworks/IOSurface.framework/Versions/A/IOSurface
0x0000000005472000 	/System/Library/Frameworks/AudioToolbox.framework/Versions/A/AudioToolbox
0x0000000005472000 	/System/Library/Frameworks/AudioUnit.framework/Versions/A/AudioUnit
0x0000000005472000 	/System/Library/PrivateFrameworks/DataDetectorsCore.framework/Versions/A/DataDetectorsCore
0x0000000005472000 	/System/Library/PrivateFrameworks/DesktopServicesPriv.framework/Versions/A/DesktopServicesPriv
0x0000000005472000 	/System/Library/Frameworks/Carbon.framework/Versions/A/Frameworks/HIToolbox.framework/Versions/A/HIToolbox
0x0000000005472000 	/System/Library/Frameworks/QuartzCore.framework/Versions/A/QuartzCore
0x0000000005472000 	/System/Library/Frameworks/Carbon.framework/Versions/A/Frameworks/SpeechRecognition.framework/Versions/A/SpeechRecognition
0x0000000005472000 	/usr/lib/libauto.dylib
0x0000000005472000 	/usr/lib/libicucore.A.dylib
0x0000000005472000 	/usr/lib/libxml2.2.dylib
0x0000000005472000 	/System/Library/PrivateFrameworks/CoreUI.framework/Versions/A/CoreUI
0x0000000005472000 	/System/Library/Frameworks/CoreAudio.framework/Versions/A/CoreAudio
0x0000000005472000 	/System/Library/Frameworks/DiskArbitration.framework/Versions/A/DiskArbitration
0x0000000005472000 	/usr/lib/liblangid.dylib
0x0000000005472000 	/System/Library/PrivateFrameworks/MultitouchSupport.framework/Versions/A/MultitouchSupport
0x0000000005472000 	/System/Library/Frameworks/IOKit.framework/Versions/A/IOKit
0x0000000005472000 	/usr/lib/libDiagnosticMessagesClient.dylib
0x0000000005472000 	/System/Library/Frameworks/CoreServices.framework/Versions/A/CoreServices
0x0000000005472000 	/System/Library/PrivateFrameworks/PerformanceAnalysis.framework/Versions/A/PerformanceAnalysis
0x0000000005472000 	/System/Library/PrivateFrameworks/GenerationalStorage.framework/Versions/A/GenerationalStorage
0x0000000005472000 	/System/Library/Frameworks/OpenGL.framework/Versions/A/OpenGL
0x0000000005472000 	/System/Library/PrivateFrameworks/Sharing.framework/Versions/A/Sharing
0x0000000005472000 	/System/Library/Frameworks/CoreGraphics.framework/Versions/A/CoreGraphics
0x0000000005472000 	/System/Library/Frameworks/CoreImage.framework/Versions/A/CoreImage
0x0000000005472000 	/System/Library/Frameworks/CoreText.framework/Versions/A/CoreText
0x0000000005472000 	/System/Library/Frameworks/ImageIO.framework/Versions/A/ImageIO
0x0000000005472000 	/System/Library/PrivateFrameworks/Backup.framework/Versions/A/Backup
0x0000000005472000 	/usr/lib/libextension.dylib
0x0000000005472000 	/usr/lib/libarchive.2.dylib
0x0000000005472000 	/System/Library/Frameworks/CFNetwork.framework/Versions/A/CFNetwork
0x0000000005472000 	/System/Library/Frameworks/SystemConfiguration.framework/Versions/A/SystemConfiguration
0x0000000005472000 	/usr/lib/libCRFSuite.dylib
0x0000000005472000 	/usr/lib/libc++.1.dylib
0x0000000005472000 	/usr/lib/libc++abi.dylib
0x0000000005472000 	/usr/lib/system/libcache.dylib
0x0000000005472000 	/usr/lib/system/libcommonCrypto.dylib
0x0000000005472000 	/usr/lib/system/libcompiler_rt.dylib
0x0000000005472000 	/usr/lib/system/libcopyfile.dylib
0x0000000005472000 	/usr/lib/system/libcorecrypto.dylib
0x0000000005472000 	/usr/lib/system/libdispatch.dylib
0x0000000005472000 	/usr/lib/system/libdyld.dylib
0x0000000005472000 	/usr/lib/system/libkeymgr.dylib
0x0000000005472000 	/usr/lib/system/liblaunch.dylib
0x0000000005472000 	/usr/lib/system/libmacho.dylib
0x0000000005472000 	/usr/lib/system/libquarantine.dylib
0x0000000005472000 	/usr/lib/system/libremovefile.dylib
0x0000000005472000 	/usr/lib/system/libsystem_asl.dylib
0x0000000005472000 	/usr/lib/system/libsystem_blocks.dylib
0x0000000005472000 	/usr/lib/system/libsystem_c.dylib
0x0000000005472000 	/usr/lib/system/libsystem_configuration.dylib
0x0000000005472000 	/usr/lib/system/libsystem_coreservices.dylib
0x0000000005472000 	/usr/lib/system/libsystem_coretls.dylib
0x0000000005472000 	/usr/lib/system/libsystem_dnssd.dylib
0x0000000005472000 	/usr/lib/system/libsystem_info.dylib
0x0000000005472000 	/usr/lib/system/libsystem_kernel.dylib
0x0000000005472000 	/usr/lib/system/libsystem_m.dylib
0x0000000005472000 	/usr/lib/system/libsystem_malloc.dylib
0x0000000005472000 	/usr/lib/system/libsystem_network.dylib
0x0000000005472000 	/usr/lib/system/libsystem_networkextension.dylib
0x0000000005472000 	/usr/lib/system/libsystem_notify.dylib
0x0000000005472000 	/usr/lib/system/libsystem_platform.dylib
0x0000000005472000 	/usr/lib/system/libsystem_pthread.dylib
0x0000000005472000 	/usr/lib/system/libsystem_sandbox.dylib
0x0000000005472000 	/usr/lib/system/libsystem_secinit.dylib
0x0000000005472000 	/usr/lib/system/libsystem_trace.dylib
0x0000000005472000 	/usr/lib/system/libunc.dylib
0x0000000005472000 	/usr/lib/system/libunwind.dylib
0x0000000005472000 	/usr/lib/system/libxpc.dylib
0x0000000005472000 	/usr/lib/libenergytrace.dylib
0x0000000005472000 	/usr/lib/libbsm.0.dylib
0x0000000005472000 	/usr/lib/system/libkxld.dylib
0x0000000005472000 	/usr/lib/libxar.1.dylib
0x0000000005472000 	/usr/lib/libsqlite3.dylib
0x0000000005472000 	/usr/lib/libpam.2.dylib
0x0000000005472000 	/usr/lib/libOpenScriptingUtil.dylib
0x0000000005472000 	/usr/lib/libbz2.1.0.dylib
0x0000000005472000 	/usr/lib/liblzma.5.dylib
0x0000000005472000 	/System/Library/Frameworks/CoreServices.framework/Versions/A/Frameworks/FSEvents.framework/Versions/A/FSEvents
0x0000000005472000 	/System/Library/Frameworks/CoreServices.framework/Versions/A/Frameworks/CarbonCore.framework/Versions/A/CarbonCore
0x0000000005472000 	/System/Library/Frameworks/CoreServices.framework/Versions/A/Frameworks/Metadata.framework/Versions/A/Metadata
0x0000000005472000 	/System/Library/Frameworks/CoreServices.framework/Versions/A/Frameworks/OSServices.framework/Versions/A/OSServices
0x0000000005472000 	/System/Library/Frameworks/CoreServices.framework/Versions/A/Frameworks/SearchKit.framework/Versions/A/SearchKit
0x0000000005472000 	/System/Library/Frameworks/CoreServices.framework/Versions/A/Frameworks/AE.framework/Versions/A/AE
0x0000000005472000 	/System/Library/Frameworks/CoreServices.framework/Versions/A/Frameworks/LaunchServices.framework/Versions/A/LaunchServices
0x0000000005472000 	/System/Library/Frameworks/CoreServices.framework/Versions/A/Frameworks/DictionaryServices.framework/Versions/A/DictionaryServices
0x0000000005472000 	/System/Library/Frameworks/CoreServices.framework/Versions/A/Frameworks/SharedFileList.framework/Versions/A/SharedFileList
0x0000000005472000 	/System/Library/Frameworks/NetFS.framework/Versions/A/NetFS
0x0000000005472000 	/System/Library/PrivateFrameworks/NetAuth.framework/Versions/A/NetAuth
0x0000000005472000 	/System/Library/PrivateFrameworks/login.framework/Versions/A/Frameworks/loginsupport.framework/Versions/A/loginsupport
0x0000000005472000 	/System/Library/PrivateFrameworks/TCC.framework/Versions/A/TCC
0x0000000005472000 	/usr/lib/libmecabra.dylib
0x0000000005472000 	/System/Library/Frameworks/ApplicationServices.framework/Versions/A/Frameworks/ATS.framework/Versions/A/ATS
0x0000000005472000 	/System/Library/Frameworks/ApplicationServices.framework/Versions/A/Frameworks/ColorSync.framework/Versions/A/ColorSync
0x0000000005472000 	/System/Library/Frameworks/ApplicationServices.framework/Versions/A/Frameworks/HIServices.framework/Versions/A/HIServices
0x0000000005472000 	/System/Library/Frameworks/ApplicationServices.framework/Versions/A/Frameworks/LangAnalysis.framework/Versions/A/LangAnalysis
0x0000000005472000 	/System/Library/Frameworks/ApplicationServices.framework/Versions/A/Frameworks/PrintCore.framework/Versions/A/PrintCore
0x0000000005472000 	/System/Library/Frameworks/ApplicationServices.framework/Versions/A/Frameworks/QD.framework/Versions/A/QD
0x0000000005472000 	/System/Library/Frameworks/ApplicationServices.framework/Versions/A/Frameworks/SpeechSynthesis.framework/Versions/A/SpeechSynthesis
0x0000000005472000 	/System/Library/Frameworks/Metal.framework/Versions/A/Metal
0x0000000005472000 	/System/Library/Frameworks/Accelerate.framework/Versions/A/Frameworks/vImage.framework/Versions/A/vImage
0x0000000005472000 	/System/Library/Frameworks/Accelerate.framework/Versions/A/Frameworks/vecLib.framework/Versions/A/vecLib
0x0000000005472000 	/System/Library/Frameworks/Accelerate.framework/Versions/A/Frameworks/vecLib.framework/Versions/A/libvDSP.dylib
0x0000000005472000 	/System/Library/Frameworks/Accelerate.framework/Versions/A/Frameworks/vecLib.framework/Versions/A/libvMisc.dylib
0x0000000005472000 	/System/Library/Frameworks/Accelerate.framework/Versions/A/Frameworks/vecLib.framework/Versions/A/libLAPACK.dylib
0x0000000005472000 	/System/Library/Frameworks/Accelerate.framework/Versions/A/Frameworks/vecLib.framework/Versions/A/libBLAS.dylib
0x0000000005472000 	/System/Library/Frameworks/Accelerate.framework/Versions/A/Frameworks/vecLib.framework/Versions/A/libLinearAlgebra.dylib
0x0000000005472000 	/System/Library/Frameworks/Accelerate.framework/Versions/A/Frameworks/vecLib.framework/Versions/A/libSparseBLAS.dylib
0x0000000005472000 	/System/Library/PrivateFrameworks/GPUCompiler.framework/libmetal_timestamp.dylib
0x0000000005472000 	/System/Library/Frameworks/OpenGL.framework/Versions/A/Libraries/libCoreFSCache.dylib
0x0000000005472000 	/System/Library/PrivateFrameworks/IOAccelerator.framework/Versions/A/IOAccelerator
0x0000000005472000 	/System/Library/Frameworks/ApplicationServices.framework/Versions/A/Frameworks/ATS.framework/Versions/A/Resources/libFontParser.dylib
0x0000000005472000 	/System/Library/Frameworks/ApplicationServices.framework/Versions/A/Frameworks/ATS.framework/Versions/A/Resources/libFontRegistry.dylib
0x0000000005472000 	/System/Library/PrivateFrameworks/AppleVPA.framework/Versions/A/AppleVPA
0x0000000005472000 	/System/Library/PrivateFrameworks/AppleJPEG.framework/Versions/A/AppleJPEG
0x0000000005472000 	/System/Library/Frameworks/ImageIO.framework/Versions/A/Resources/libJPEG.dylib
0x0000000005472000 	/System/Library/Frameworks/ImageIO.framework/Versions/A/Resources/libTIFF.dylib
0x0000000005472000 	/System/Library/Frameworks/ImageIO.framework/Versions/A/Resources/libPng.dylib
0x0000000005472000 	/System/Library/Frameworks/ImageIO.framework/Versions/A/Resources/libGIF.dylib
0x0000000005472000 	/System/Library/Frameworks/ImageIO.framework/Versions/A/Resources/libJP2.dylib
0x0000000005472000 	/System/Library/Frameworks/ImageIO.framework/Versions/A/Resources/libRadiance.dylib
0x0000000005472000 	/System/Library/Frameworks/CoreVideo.framework/Versions/A/CoreVideo
0x0000000005472000 	/System/Library/Frameworks/OpenGL.framework/Versions/A/Libraries/libGLU.dylib
0x0000000005472000 	/System/Library/Frameworks/OpenGL.framework/Versions/A/Libraries/libGFXShared.dylib
0x0000000005472000 	/System/Library/Frameworks/OpenGL.framework/Versions/A/Libraries/libGL.dylib
0x0000000005472000 	/System/Library/Frameworks/OpenGL.framework/Versions/A/Libraries/libGLImage.dylib
0x0000000005472000 	/System/Library/Frameworks/OpenGL.framework/Versions/A/Libraries/libCVMSPluginSupport.dylib
0x0000000005472000 	/System/Library/Frameworks/OpenGL.framework/Versions/A/Libraries/libCoreVMClient.dylib
0x0000000005472000 	/usr/lib/libcompression.dylib
0x0000000005472000 	/usr/lib/libcups.2.dylib
0x0000000005472000 	/System/Library/Frameworks/Kerberos.framework/Versions/A/Kerberos
0x0000000005472000 	/System/Library/Frameworks/GSS.framework/Versions/A/GSS
0x0000000005472000 	/usr/lib/libresolv.9.dylib
0x0000000005472000 	/usr/lib/libiconv.2.dylib
0x0000000005472000 	/System/Library/PrivateFrameworks/Heimdal.framework/Versions/A/Heimdal
0x0000000005472000 	/usr/lib/libheimdal-asn1.dylib
0x0000000005472000 	/System/Library/Frameworks/OpenDirectory.framework/Versions/A/OpenDirectory
0x0000000005472000 	/System/Library/PrivateFrameworks/CommonAuth.framework/Versions/A/CommonAuth
0x0000000005472000 	/System/Library/Frameworks/OpenDirectory.framework/Versions/A/Frameworks/CFOpenDirectory.framework/Versions/A/CFOpenDirectory
0x0000000005472000 	/System/Library/Frameworks/SecurityFoundation.framework/Versions/A/SecurityFoundation
0x0000000005472000 	/System/Library/PrivateFrameworks/LanguageModeling.framework/Versions/A/LanguageModeling
0x0000000005472000 	/usr/lib/libmarisa.dylib
0x0000000005472000 	/usr/lib/libChineseTokenizer.dylib
0x0000000005472000 	/usr/lib/libcmph.dylib
0x0000000005472000 	/System/Library/Frameworks/ServiceManagement.framework/Versions/A/ServiceManagement
0x0000000005472000 	/usr/lib/libxslt.1.dylib
0x0000000005472000 	/System/Library/Frameworks/Carbon.framework/Versions/A/Frameworks/Ink.framework/Versions/A/Ink
0x0000000005472000 	/usr/lib/libFosl_dynamic.dylib
0x0000000005472000 	/System/Library/PrivateFrameworks/FaceCore.framework/Versions/A/FaceCore
0x0000000005472000 	/System/Library/Frameworks/OpenCL.framework/Versions/A/OpenCL
0x0000000005472000 	/System/Library/PrivateFrameworks/CrashReporterSupport.framework/Versions/A/CrashReporterSupport
0x0000000005472000 	/System/Library/PrivateFrameworks/IconServices.framework/Versions/A/IconServices
0x0000000005472000 	/System/Library/PrivateFrameworks/Apple80211.framework/Versions/A/Apple80211
0x0000000005472000 	/System/Library/Frameworks/CoreWLAN.framework/Versions/A/CoreWLAN
0x0000000005472000 	/System/Library/Frameworks/IOBluetooth.framework/Versions/A/IOBluetooth
0x0000000005472000 	/System/Library/PrivateFrameworks/CoreWiFi.framework/Versions/A/CoreWiFi
0x0000000005472000 	/System/Library/Frameworks/CoreBluetooth.framework/Versions/A/CoreBluetooth
0x0000000005472000 	/System/Library/PrivateFrameworks/ChunkingLibrary.framework/Versions/A/ChunkingLibrary
0x0000000005472000 	/System/Library/PrivateFrameworks/DebugSymbols.framework/Versions/A/DebugSymbols
0x0000000005472000 	/System/Library/PrivateFrameworks/CoreSymbolication.framework/Versions/A/CoreSymbolication
0x0000000005472000 	/System/Library/PrivateFrameworks/Symbolication.framework/Versions/A/Symbolication
0x0000000005472000 	/System/Library/PrivateFrameworks/SpeechRecognitionCore.framework/Versions/A/SpeechRecognitionCore
0x000000010fc00000 	/Library/Java/JavaVirtualMachines/jdk1.8.0_05.jdk/Contents/Home/jre/lib/server/libjvm.dylib
0x0000000005472000 	/usr/lib/libstdc++.6.dylib
0x000000010ebd3000 	/Library/Java/JavaVirtualMachines/jdk1.8.0_05.jdk/Contents/Home/jre/lib/libverify.dylib
0x0000000110ac0000 	/Library/Java/JavaVirtualMachines/jdk1.8.0_05.jdk/Contents/Home/jre/lib/libjava.dylib
0x0000000110af4000 	/Library/Java/JavaVirtualMachines/jdk1.8.0_05.jdk/Contents/Home/jre/lib/libinstrument.dylib
0x000000010ebec000 	/Library/Java/JavaVirtualMachines/jdk1.8.0_05.jdk/Contents/Home/jre/lib/libzip.dylib
0x000000012bbd2000 	/System/Library/Frameworks/JavaVM.framework/Frameworks/JavaRuntimeSupport.framework/JavaRuntimeSupport
0x000000012bbed000 	/System/Library/Frameworks/JavaVM.framework/Versions/A/Frameworks/JavaNativeFoundation.framework/Versions/A/JavaNativeFoundation
0x000000012bc02000 	/System/Library/Frameworks/JavaVM.framework/Versions/A/JavaVM
0x0000000005472000 	/System/Library/Frameworks/Carbon.framework/Versions/A/Carbon
0x000000012bc0f000 	/System/Library/PrivateFrameworks/JavaLaunching.framework/Versions/A/JavaLaunching
0x0000000005472000 	/System/Library/Frameworks/Carbon.framework/Versions/A/Frameworks/CommonPanels.framework/Versions/A/CommonPanels
0x0000000005472000 	/System/Library/Frameworks/Carbon.framework/Versions/A/Frameworks/Help.framework/Versions/A/Help
0x0000000005472000 	/System/Library/Frameworks/Carbon.framework/Versions/A/Frameworks/ImageCapture.framework/Versions/A/ImageCapture
0x0000000005472000 	/System/Library/Frameworks/Carbon.framework/Versions/A/Frameworks/OpenScripting.framework/Versions/A/OpenScripting
0x0000000005472000 	/System/Library/Frameworks/Carbon.framework/Versions/A/Frameworks/Print.framework/Versions/A/Print
0x0000000005472000 	/System/Library/Frameworks/Carbon.framework/Versions/A/Frameworks/SecurityHI.framework/Versions/A/SecurityHI
0x000000012d727000 	/Library/Java/JavaVirtualMachines/jdk1.8.0_05.jdk/Contents/Home/jre/lib/libnet.dylib
0x000000012d7b1000 	/Library/Java/JavaVirtualMachines/jdk1.8.0_05.jdk/Contents/Home/jre/lib/libawt.dylib
0x000000012d860000 	/Library/Java/JavaVirtualMachines/jdk1.8.0_05.jdk/Contents/Home/jre/lib/./libmlib_image.dylib
0x000000012d92c000 	/Library/Java/JavaVirtualMachines/jdk1.8.0_05.jdk/Contents/Home/jre/lib/libawt_lwawt.dylib
0x000000012d9de000 	/Library/Java/JavaVirtualMachines/jdk1.8.0_05.jdk/Contents/Home/jre/lib/./libosxapp.dylib
0x0000000005472000 	/System/Library/Frameworks/ExceptionHandling.framework/Versions/A/ExceptionHandling
0x0000000005472000 	/System/Library/PrivateFrameworks/CoreServicesInternal.framework/Versions/A/CoreServicesInternal
0x0000000005472000 	/System/Library/Frameworks/CoreGraphics.framework/Versions/A/Resources/libRIP.A.dylib
0x0000000005472000 	/System/Library/Frameworks/Accelerate.framework/Versions/A/Frameworks/vImage.framework/Versions/A/Libraries/libCGInterfaces.dylib
0x0000000005472000 	/System/Library/CoreServices/RawCamera.bundle/Contents/MacOS/RawCamera
0x0000000005472000 	/System/Library/Frameworks/CoreGraphics.framework/Versions/A/Resources/libCGXType.A.dylib
0x0000000005472000 	/System/Library/Frameworks/OpenCL.framework/Versions/A/Libraries/libcldcpuengine.dylib
0x0000000005472000 	/System/Library/PrivateFrameworks/DiskImages.framework/Versions/A/DiskImages
0x0000000005472000 	/System/Library/Frameworks/DiscRecording.framework/Versions/A/DiscRecording
0x0000000005472000 	/usr/lib/libcsfde.dylib
0x0000000005472000 	/usr/lib/libcurl.4.dylib
0x0000000005472000 	/System/Library/PrivateFrameworks/MediaKit.framework/Versions/A/MediaKit
0x0000000005472000 	/System/Library/PrivateFrameworks/ProtectedCloudStorage.framework/Versions/A/ProtectedCloudStorage
0x0000000005472000 	/usr/lib/libCoreStorage.dylib
0x0000000005472000 	/System/Library/PrivateFrameworks/EFILogin.framework/Versions/A/EFILogin
0x0000000005472000 	/usr/lib/libutil.dylib
0x0000000005472000 	/System/Library/PrivateFrameworks/FindMyDevice.framework/Versions/A/FindMyDevice
0x0000000005472000 	/System/Library/Frameworks/LDAP.framework/Versions/A/LDAP
0x0000000005472000 	/usr/lib/libsasl2.2.dylib
0x0000000005472000 	/System/Library/PrivateFrameworks/CoreDaemon.framework/Versions/B/CoreDaemon
0x0000000005472000 	/usr/lib/libcrypto.0.9.8.dylib
0x0000000005472000 	/System/Library/PrivateFrameworks/AppleSRP.framework/Versions/A/AppleSRP
0x0000000005472000 	/System/Library/PrivateFrameworks/TrustEvaluationAgent.framework/Versions/A/TrustEvaluationAgent
0x000000013005c000 	cl_kernels
0x0000000005472000 	/System/Library/Frameworks/OpenCL.framework/Versions/A/Libraries/ImageFormats/unorm8_bgra.dylib
0x0000000005472000 	/System/Library/Frameworks/OpenCL.framework/Versions/A/Libraries/ImageFormats/unorm8_rgba.dylib
0x0000000005472000 	/System/Library/PrivateFrameworks/FamilyControls.framework/Versions/A/FamilyControls
0x0000000005472000 	/System/Library/PrivateFrameworks/CommerceKit.framework/Versions/A/Frameworks/CommerceCore.framework/Versions/A/CommerceCore
0x0000000005472000 	/System/Library/PrivateFrameworks/SystemAdministration.framework/Versions/A/SystemAdministration
0x0000000005472000 	/System/Library/PrivateFrameworks/AppContainer.framework/Versions/A/AppContainer
0x0000000005472000 	/System/Library/PrivateFrameworks/SecCodeWrapper.framework/Versions/A/SecCodeWrapper
0x0000000005472000 	/System/Library/Frameworks/DirectoryService.framework/Versions/A/DirectoryService
0x0000000005472000 	/System/Library/PrivateFrameworks/LoginUIKit.framework/Versions/A/Frameworks/LoginUICore.framework/Versions/A/LoginUICore
0x0000000005472000 	/usr/lib/libodfde.dylib
0x00000001316e3000 	/Library/Java/JavaVirtualMachines/jdk1.8.0_05.jdk/Contents/Home/jre/lib/libfontmanager.dylib
0x0000000005472000 	/System/Library/Frameworks/OpenGL.framework/Versions/A/Resources/GLEngine.bundle/GLEngine
0x0000000005472000 	/System/Library/Frameworks/OpenGL.framework/Versions/A/Libraries/libGLProgrammability.dylib
0x0000000131749000 	/System/Library/Extensions/AppleIntelHD5000GraphicsGLDriver.bundle/Contents/MacOS/AppleIntelHD5000GraphicsGLDriver
0x0000000005472000 	/System/Library/PrivateFrameworks/GPUSupport.framework/Versions/A/Libraries/libGPUSupportMercury.dylib
0x0000000131e98000 	/System/Library/Extensions/AMDRadeonX4000GLDriver.bundle/Contents/MacOS/AMDRadeonX4000GLDriver
0x0000000131f64000 	/System/Library/Extensions/AMDRadeonX4000GLDriver.bundle/Contents/MacOS/ATIRadeonX4000SCLib.dylib
0x0000000005472000 	/System/Library/Frameworks/OpenGL.framework/Versions/A/Resources/GLRendererFloat.bundle/GLRendererFloat
0x000000013287c000 	/Library/Java/JavaVirtualMachines/jdk1.8.0_05.jdk/Contents/Home/jre/lib/libnio.dylib
0x000000013288b000 	/private/var/folders/y6/rr7ffgs53s7d47llq1wwk4740000gp/T/jogamp_0000/file_cache/jln2093904558443906066/jln530205830746559743/natives/macosx-universal/libgluegen-rt.jnilib
0x000000012f362000 	/private/var/folders/y6/rr7ffgs53s7d47llq1wwk4740000gp/T/jogamp_0000/file_cache/jln2093904558443906066/jln530205830746559743/natives/macosx-universal/libnativewindow_awt.jnilib
0x000000012f365000 	/Library/Java/JavaVirtualMachines/jdk1.8.0_05.jdk/Contents/Home/jre/lib/libjawt.dylib
0x000000012f368000 	/private/var/folders/y6/rr7ffgs53s7d47llq1wwk4740000gp/T/jogamp_0000/file_cache/jln2093904558443906066/jln530205830746559743/natives/macosx-universal/libnativewindow_macosx.jnilib
0x000000012f372000 	/private/var/folders/y6/rr7ffgs53s7d47llq1wwk4740000gp/T/jogamp_0000/file_cache/jln2093904558443906066/jln530205830746559743/natives/macosx-universal/libnewt.jnilib
0x000000012f1c6000 	/private/var/folders/y6/rr7ffgs53s7d47llq1wwk4740000gp/T/jogamp_0000/file_cache/jln2093904558443906066/jln530205830746559743/natives/macosx-universal/libjogl_desktop.jnilib
0x000000012f29a000 	/private/var/folders/y6/rr7ffgs53s7d47llq1wwk4740000gp/T/jogamp_0000/file_cache/jln2093904558443906066/jln530205830746559743/natives/macosx-universal/libjogl_mobile.jnilib
0x000000012f3e8000 	/Users/miller/Projects/LeapDeveloperKit/LeapSDK/lib/libLeapJava.dylib
0x00000001336f1000 	/Users/miller/Projects/LeapDeveloperKit/LeapSDK/lib/libLeap.dylib

VM Arguments:
jvm_args: -Djava.library.path=/Users/miller/Documents/Processing3/libraries/Syphon/library:/Users/miller/Documents/Processing3/libraries/toxiclibs/library:/Users/miller/Projects/LeapDeveloperKit/LeapSDK/lib -javaagent:/Applications/IntelliJ IDEA.app/Contents/lib/idea_rt.jar=50362:/Applications/IntelliJ IDEA.app/Contents/bin -Dfile.encoding=UTF-8 
java_command: algowave.Algowave
java_class_path (initial): /Library/Java/JavaVirtualMachines/jdk1.8.0_05.jdk/Contents/Home/jre/lib/charsets.jar:/Library/Java/JavaVirtualMachines/jdk1.8.0_05.jdk/Contents/Home/jre/lib/deploy.jar:/Library/Java/JavaVirtualMachines/jdk1.8.0_05.jdk/Contents/Home/jre/lib/ext/cldrdata.jar:/Library/Java/JavaVirtualMachines/jdk1.8.0_05.jdk/Contents/Home/jre/lib/ext/dnsns.jar:/Library/Java/JavaVirtualMachines/jdk1.8.0_05.jdk/Contents/Home/jre/lib/ext/jfxrt.jar:/Library/Java/JavaVirtualMachines/jdk1.8.0_05.jdk/Contents/Home/jre/lib/ext/localedata.jar:/Library/Java/JavaVirtualMachines/jdk1.8.0_05.jdk/Contents/Home/jre/lib/ext/nashorn.jar:/Library/Java/JavaVirtualMachines/jdk1.8.0_05.jdk/Contents/Home/jre/lib/ext/sunec.jar:/Library/Java/JavaVirtualMachines/jdk1.8.0_05.jdk/Contents/Home/jre/lib/ext/sunjce_provider.jar:/Library/Java/JavaVirtualMachines/jdk1.8.0_05.jdk/Contents/Home/jre/lib/ext/sunpkcs11.jar:/Library/Java/JavaVirtualMachines/jdk1.8.0_05.jdk/Contents/Home/jre/lib/ext/zipfs.jar:/Library/Java/JavaVirtualMachines/jdk1.8.0_05.jdk/Contents/Home/jre/lib/htmlconverter.jar:/Library/Java/JavaVirtualMachines/jdk1.8.0_05.jdk/Contents/Home/jre/lib/javaws.jar:/Library/Java/JavaVirtualMachines/jdk1.8.0_05.jdk/Contents/Home/jre/lib/jce.jar:/Library/Java/JavaVirtualMachines/jdk1.8.0_05.jdk/Contents/Home/jre/lib/jfr.jar:/Library/Java/JavaVirtualMachines/jdk1.8.0_05.jdk/Contents/Home/jre/lib/jfxswt.jar:/Library/Java/JavaVirtualMachines/jdk1.8.0_05.jdk/Contents/Home/jre/lib/jsse.jar:/Library/Java/JavaVirtualMachines/jdk1.8.0_05.jdk/Contents/Home/jre/lib/management-agent.jar:/Library/Java/JavaVirtualMachines/jdk1.8.0_05.jdk/Contents/Home/jre/lib/plugin.jar:/Library/Java/JavaVirtualMachines/jdk1.8.0_05.jdk/Contents/Home/jre/lib/resources.jar:/Library/Java/JavaVirtualMachines/jdk1.8.0_05.jdk/Contents/Home/jre/lib/rt.jar:/Library/Java/JavaVirtualMachines/jdk1.8.0_05.jdk/Contents/Home/lib/ant-javafx.jar:/Library/Java/JavaVirtualMachines/jdk1.8.0_05.jdk/Contents/Home/lib/dt.jar:/Library/
Launcher Type: SUN_STANDARD

Environment Variables:
PATH=/opt/apache-maven-3.3.9/bin:/opt/local/bin:/opt/local/sbin:/opt/local/bin:/opt/local/sbin:/Users/miller/.rvm/gems/ruby-1.9.2-p290/bin:/Users/miller/.rvm/gems/ruby-1.9.2-p290@global/bin:/Users/miller/.rvm/rubies/ruby-1.9.2-p290/bin:/Users/miller/.rvm/bin:/usr/local/bin:/usr/local/bin:/usr/bin:/bin:/usr/sbin:/sbin:/opt/X11/bin:/usr/local/git/bin:/usr/local/go/bin:/usr/local/bin/haxe:/usr/local/bin/haxelib:/Library/PostgreSQL/8.3/bin:/usr/local/bin/activator-1.2.3-minimal/
SHELL=/bin/bash
DISPLAY=/private/tmp/com.apple.launchd.NSi1668sVR/org.macosforge.xquartz:0

Signal Handlers:
SIGSEGV: [libjvm.dylib+0x55f7df], sa_mask[0]=0xfffefeff, sa_flags=0x00000043
SIGBUS: [libjvm.dylib+0x55f7df], sa_mask[0]=0xfffefeff, sa_flags=0x00000042
SIGFPE: [libjvm.dylib+0x442cfa], sa_mask[0]=0xfffefeff, sa_flags=0x00000042
SIGPIPE: [libjvm.dylib+0x442cfa], sa_mask[0]=0xfffefeff, sa_flags=0x00000042
SIGXFSZ: [libjvm.dylib+0x442cfa], sa_mask[0]=0xfffefeff, sa_flags=0x00000042
SIGILL: [libjvm.dylib+0x442cfa], sa_mask[0]=0xfffefeff, sa_flags=0x00000042
SIGUSR1: SIG_DFL, sa_mask[0]=0x00000000, sa_flags=0x00000000
SIGUSR2: [libjvm.dylib+0x442818], sa_mask[0]=0x00000004, sa_flags=0x00000042
SIGHUP: [libjvm.dylib+0x440ba5], sa_mask[0]=0xfffefeff, sa_flags=0x00000042
SIGINT: [libjvm.dylib+0x440ba5], sa_mask[0]=0xfffefeff, sa_flags=0x00000042
SIGTERM: [libjvm.dylib+0x440ba5], sa_mask[0]=0xfffefeff, sa_flags=0x00000042
SIGQUIT: [libjvm.dylib+0x440ba5], sa_mask[0]=0xfffefeff, sa_flags=0x00000042


---------------  S Y S T E M  ---------------

OS:Bsduname:Darwin 15.6.0 Darwin Kernel Version 15.6.0: Mon Oct  2 22:20:08 PDT 2017; root:xnu-3248.71.4~1/RELEASE_X86_64 x86_64
rlimit: STACK 8192k, CORE 0k, NPROC 709, NOFILE 10240, AS infinity
load average:2.50 2.14 2.04

CPU:total 8 (4 cores per cpu, 2 threads per core) family 6 model 70 stepping 1, cmov, cx8, fxsr, mmx, sse, sse2, sse3, ssse3, sse4.1, sse4.2, popcnt, avx, avx2, aes, clmul, erms, ht, tsc, tscinvbit

Memory: 4k page, physical 16777216k(2226096k free)

/proc/meminfo:


vm_info: Java HotSpot(TM) 64-Bit Server VM (25.5-b02) for bsd-amd64 JRE (1.8.0_05-b13), built on Mar 18 2014 00:36:13 by "java_re" with gcc 4.2.1 (Based on Apple Inc. build 5658) (LLVM build 2336.11.00)

time: Thu Feb 15 08:05:48 2018
elapsed time: 6 seconds

