#
# A fatal error has been detected by the Java Runtime Environment:
#
#  SIGBUS (0xa) at pc=0x00007ffa891d0200, pid=2682, tid=68611
#
# JRE version: Java(TM) SE Runtime Environment (8.0_05-b13) (build 1.8.0_05-b13)
# Java VM: Java HotSpot(TM) 64-Bit Server VM (25.5-b02 mixed mode bsd-amd64 compressed oops)
# Problematic frame:
# C  0x00007ffa891d0200
#
# Failed to write core dump. Core dumps have been disabled. To enable core dumping, try "ulimit -c unlimited" before starting Java again
#
# If you would like to submit a bug report, please visit:
#   http://bugreport.sun.com/bugreport/crash.jsp
#

---------------  T H R E A D  ---------------

Current thread is native thread

siginfo:si_signo=SIGBUS: si_errno=0, si_code=2 (BUS_ADRERR), si_addr=0x00007ffa891d0200

Registers:
RAX=0x00007ffa891d0200, RBX=0x00007ffa8857b7b0, RCX=0x0000160000000000, RDX=0x00007ffa8e922600
RSP=0x000070000251ada8, RBP=0x000070000251aec0, RSI=0x00007ffa8e919cd0, RDI=0x00007ffa885a1030
R8 =0x00000000fffffffc, R9 =0x00007ffa8e9225f8, R10=0x00000000ffffffff, R11=0xffffffff00000000
R12=0x00007ffa8e919cd0, R13=0x00007ffa8857a2a0, R14=0x00007ffa885a1030, R15=0x0000000000000001
RIP=0x00007ffa891d0200, EFLAGS=0x0000000000010202, ERR=0x0000000000000015
  TRAPNO=0x000000000000000e

Top of Stack: (sp=0x000070000251ada8)
0x000070000251ada8:   00000001332559a7 0000000000001e00
0x000070000251adb8:   00007ffa8b46f870 00007ffa8b46f840
0x000070000251adc8:   00007ffa8b46fba0 00007ffa8b46fcf8
0x000070000251add8:   00007ffa8b46fb20 00007ffa8b46fb60
0x000070000251ade8:   00007ffa8b46fd20 00007ffa8b46fae0
0x000070000251adf8:   000000010000ffff 00007ffa8b46f818
0x000070000251ae08:   00007ffa8b46f600 0000000000000000
0x000070000251ae18:   0000000000000000 0000000100000000
0x000070000251ae28:   00007ffa8857b7b0 00007ffa8857b7b0
0x000070000251ae38:   0000000000000001 00007ffa8857a2a0
0x000070000251ae48:   00007ffa8857a2a0 0000000000000001
0x000070000251ae58:   00007ffa88607970 00007ffa8b46f840
0x000070000251ae68:   00007ffa8e9239e0 00007ffa8b46fb60
0x000070000251ae78:   0000000000000001 00007ffa8b46f870
0x000070000251ae88:   00007ffa8e923c00 000070000251ae48
0x000070000251ae98:   0000000000000000 00007fff79a0cc08
0x000070000251aea8:   0000000000010c03 00007ffa885a1bd0
0x000070000251aeb8:   00007ffa88607970 000070000251aef0
0x000070000251aec8:   000000013325f161 000070000251b000
0x000070000251aed8:   00000000000008ff 00007ffa885a1bd0
0x000070000251aee8:   000000013325f0f0 000070000251af10
0x000070000251aef8:   00007fff91de999d 0000000000010c03
0x000070000251af08:   000070000251b000 000070000251af50
0x000070000251af18:   00007fff91de991a 0000000000000000
0x000070000251af28:   0000000000000000 0000000000000000
0x000070000251af38:   0000000000000000 0000000000000000
0x000070000251af48:   0000000000000000 000070000251af78
0x000070000251af58:   00007fff91de7351 0000000000000000
0x000070000251af68:   0000000000000000 0000000000000000
0x000070000251af78:   0000000000000000 0000000000000000
0x000070000251af88:   0000000000000000 0000000000000000
0x000070000251af98:   0000000000000000 0000000000000000 

Instructions: (pc=0x00007ffa891d0200)
0x00007ffa891d01e0:   99 01 21 01 9b 01 2f 01 9c 01 3c 01 9e 01 42 01
0x00007ffa891d01f0:   9f 01 48 01 a1 01 78 01 a3 01 7b 01 a8 01 84 01
0x00007ffa891d0200:   16 00 00 00 ff ff ff ff 10 02 1d 89 fa 7f 00 00
0x00007ffa891d0210:   c0 02 1d 89 fa 7f 00 00 e8 02 1d 89 fa 7f 00 00 

Register to memory mapping:

RAX=0x00007ffa891d0200 is an unknown value
RBX=0x00007ffa8857b7b0 is an unknown value
RCX=0x0000160000000000 is an unknown value
RDX=0x00007ffa8e922600 is an unknown value
RSP=0x000070000251ada8 is an unknown value
RBP=0x000070000251aec0 is an unknown value
RSI=0x00007ffa8e919cd0 is an unknown value
RDI=0x00007ffa885a1030 is an unknown value
R8 =0x00000000fffffffc is an unknown value
R9 =0x00007ffa8e9225f8 is an unknown value
R10=0x00000000ffffffff is an unknown value
R11=0xffffffff00000000 is an unknown value
R12=0x00007ffa8e919cd0 is an unknown value
R13=0x00007ffa8857a2a0 is an unknown value
R14=0x00007ffa885a1030 is an unknown value
R15=0x0000000000000001 is an unknown value


Stack: [0x000070000249b000,0x000070000251b000],  sp=0x000070000251ada8,  free space=511k
Native frames: (J=compiled Java code, j=interpreted, Vv=VM code, C=native code)
C  0x00007ffa891d0200
C  [libLeap.dylib+0x31161]  Leap::InteractionBox::toCString() const+0xc511
C  [libsystem_pthread.dylib+0x399d]  _pthread_body+0x83
C  [libsystem_pthread.dylib+0x391a]  _pthread_body+0x0
C  [libsystem_pthread.dylib+0x1351]  thread_start+0xd


---------------  P R O C E S S  ---------------

VM state:not at safepoint (normal execution)

VM Mutex/Monitor currently owned by a thread: None

Heap:
 PSYoungGen      total 22016K, used 2116K [0x000000076ab00000, 0x000000076c480000, 0x00000007c0000000)
  eden space 19456K, 2% used [0x000000076ab00000,0x000000076ab639e8,0x000000076be00000)
  from space 2560K, 67% used [0x000000076c100000,0x000000076c2ad7f0,0x000000076c380000)
  to   space 3072K, 0% used [0x000000076be00000,0x000000076be00000,0x000000076c100000)
 ParOldGen       total 260608K, used 5139K [0x00000006c0000000, 0x00000006cfe80000, 0x000000076ab00000)
  object space 260608K, 1% used [0x00000006c0000000,0x00000006c0504e80,0x00000006cfe80000)
 Metaspace       used 17413K, capacity 17546K, committed 17920K, reserved 1064960K
  class space    used 1632K, capacity 1689K, committed 1792K, reserved 1048576K

Card table byte_map: [0x000000011fdfa000,0x00000001205fb000] byte_map_base: 0x000000011c7fa000

Marking Bits: (ParMarkBitMap*) 0x000000010f32a0a0
 Begin Bits: [0x0000000120b51000, 0x0000000124b51000)
 End Bits:   [0x0000000124b51000, 0x0000000128b51000)

Polling page: 0x000000010f9ca000

CodeCache: size=245760Kb used=4577Kb max_used=4577Kb free=241182Kb
 bounds [0x0000000110a3a000, 0x0000000110eba000, 0x000000011fa3a000]
 total_blobs=2067 nmethods=1197 adapters=786
 compilation: enabled

Compilation events (10 events):
Event: 3.483 Thread 0x00007ffa8b850800 1193   !   3       jogamp.common.util.locks.RecursiveLockImpl01Unfairish::unlock (23 bytes)
Event: 3.483 Thread 0x00007ffa8b850800 nmethod 1193 0x0000000110eb3050 code [0x0000000110eb31c0, 0x0000000110eb3588]
Event: 3.483 Thread 0x00007ffa8b850800 1194   !   3       jogamp.common.util.locks.RecursiveLockImpl01Unfairish::unlock (196 bytes)
Event: 3.484 Thread 0x00007ffa8b850800 nmethod 1194 0x0000000110eb3690 code [0x0000000110eb3860, 0x0000000110eb4198]
Event: 3.484 Thread 0x00007ffa8b850800 1195       3       jogamp.common.util.locks.RecursiveLockImpl01Unfairish$SingleThreadSync::decrHoldCount (11 bytes)
Event: 3.484 Thread 0x00007ffa8b850800 nmethod 1195 0x0000000110eb45d0 code [0x0000000110eb4720, 0x0000000110eb4870]
Event: 3.515 Thread 0x00007ffa8b850800 1197       3       processing.opengl.PGraphicsOpenGL$InGeometry::calcQuadsNormals (62 bytes)
Event: 3.516 Thread 0x00007ffa8b850800 nmethod 1197 0x0000000110eb4910 code [0x0000000110eb4aa0, 0x0000000110eb4d98]
Event: 3.516 Thread 0x00007ffa8b850800 1196       3       processing.core.PGraphics::texture (6 bytes)
Event: 3.516 Thread 0x00007ffa8b850800 nmethod 1196 0x0000000110eb4f10 code [0x0000000110eb5060, 0x0000000110eb51d0]

GC Heap History (10 events):
Event: 0.485 GC heap before
{Heap before GC invocations=8 (full 0):
 PSYoungGen      total 5120K, used 5076K [0x000000076ab00000, 0x000000076b600000, 0x00000007c0000000)
  eden space 4096K, 99% used [0x000000076ab00000,0x000000076aefd288,0x000000076af00000)
  from space 1024K, 96% used [0x000000076af00000,0x000000076aff8020,0x000000076b000000)
  to   space 1536K, 0% used [0x000000076b480000,0x000000076b480000,0x000000076b600000)
 ParOldGen       total 260608K, used 1310K [0x00000006c0000000, 0x00000006cfe80000, 0x000000076ab00000)
  object space 260608K, 0% used [0x00000006c0000000,0x00000006c0147958,0x00000006cfe80000)
 Metaspace       used 9612K, capacity 9766K, committed 10112K, reserved 1058816K
  class space    used 990K, capacity 1046K, committed 1152K, reserved 1048576K
Event: 0.487 GC heap after
Heap after GC invocations=8 (full 0):
 PSYoungGen      total 9216K, used 1507K [0x000000076ab00000, 0x000000076b700000, 0x00000007c0000000)
  eden space 7680K, 0% used [0x000000076ab00000,0x000000076ab00000,0x000000076b280000)
  from space 1536K, 98% used [0x000000076b480000,0x000000076b5f8c88,0x000000076b600000)
  to   space 2048K, 0% used [0x000000076b280000,0x000000076b280000,0x000000076b480000)
 ParOldGen       total 260608K, used 1478K [0x00000006c0000000, 0x00000006cfe80000, 0x000000076ab00000)
  object space 260608K, 0% used [0x00000006c0000000,0x00000006c0171958,0x00000006cfe80000)
 Metaspace       used 9612K, capacity 9766K, committed 10112K, reserved 1058816K
  class space    used 990K, capacity 1046K, committed 1152K, reserved 1048576K
}
Event: 0.633 GC heap before
{Heap before GC invocations=9 (full 0):
 PSYoungGen      total 9216K, used 9187K [0x000000076ab00000, 0x000000076b700000, 0x00000007c0000000)
  eden space 7680K, 100% used [0x000000076ab00000,0x000000076b280000,0x000000076b280000)
  from space 1536K, 98% used [0x000000076b480000,0x000000076b5f8c88,0x000000076b600000)
  to   space 2048K, 0% used [0x000000076b280000,0x000000076b280000,0x000000076b480000)
 ParOldGen       total 260608K, used 1478K [0x00000006c0000000, 0x00000006cfe80000, 0x000000076ab00000)
  object space 260608K, 0% used [0x00000006c0000000,0x00000006c0171958,0x00000006cfe80000)
 Metaspace       used 11413K, capacity 11526K, committed 11776K, reserved 1060864K
  class space    used 1233K, capacity 1270K, committed 1280K, reserved 1048576K
Event: 0.635 GC heap after
Heap after GC invocations=9 (full 0):
 PSYoungGen      total 9728K, used 1735K [0x000000076ab00000, 0x000000076bb00000, 0x00000007c0000000)
  eden space 7680K, 0% used [0x000000076ab00000,0x000000076ab00000,0x000000076b280000)
  from space 2048K, 84% used [0x000000076b280000,0x000000076b431f30,0x000000076b480000)
  to   space 2048K, 0% used [0x000000076b900000,0x000000076b900000,0x000000076bb00000)
 ParOldGen       total 260608K, used 1906K [0x00000006c0000000, 0x00000006cfe80000, 0x000000076ab00000)
  object space 260608K, 0% used [0x00000006c0000000,0x00000006c01dc988,0x00000006cfe80000)
 Metaspace       used 11413K, capacity 11526K, committed 11776K, reserved 1060864K
  class space    used 1233K, capacity 1270K, committed 1280K, reserved 1048576K
}
Event: 0.864 GC heap before
{Heap before GC invocations=10 (full 0):
 PSYoungGen      total 9728K, used 9411K [0x000000076ab00000, 0x000000076bb00000, 0x00000007c0000000)
  eden space 7680K, 99% used [0x000000076ab00000,0x000000076b27ee68,0x000000076b280000)
  from space 2048K, 84% used [0x000000076b280000,0x000000076b431f30,0x000000076b480000)
  to   space 2048K, 0% used [0x000000076b900000,0x000000076b900000,0x000000076bb00000)
 ParOldGen       total 260608K, used 1906K [0x00000006c0000000, 0x00000006cfe80000, 0x000000076ab00000)
  object space 260608K, 0% used [0x00000006c0000000,0x00000006c01dc988,0x00000006cfe80000)
 Metaspace       used 14228K, capacity 14348K, committed 14720K, reserved 1062912K
  class space    used 1343K, capacity 1396K, committed 1408K, reserved 1048576K
Event: 0.866 GC heap after
Heap after GC invocations=10 (full 0):
 PSYoungGen      total 14336K, used 1216K [0x000000076ab00000, 0x000000076bb00000, 0x00000007c0000000)
  eden space 12288K, 0% used [0x000000076ab00000,0x000000076ab00000,0x000000076b700000)
  from space 2048K, 59% used [0x000000076b900000,0x000000076ba30370,0x000000076bb00000)
  to   space 2048K, 0% used [0x000000076b700000,0x000000076b700000,0x000000076b900000)
 ParOldGen       total 260608K, used 2450K [0x00000006c0000000, 0x00000006cfe80000, 0x000000076ab00000)
  object space 260608K, 0% used [0x00000006c0000000,0x00000006c02649a8,0x00000006cfe80000)
 Metaspace       used 14228K, capacity 14348K, committed 14720K, reserved 1062912K
  class space    used 1343K, capacity 1396K, committed 1408K, reserved 1048576K
}
Event: 1.703 GC heap before
{Heap before GC invocations=11 (full 0):
 PSYoungGen      total 14336K, used 13504K [0x000000076ab00000, 0x000000076bb00000, 0x00000007c0000000)
  eden space 12288K, 100% used [0x000000076ab00000,0x000000076b700000,0x000000076b700000)
  from space 2048K, 59% used [0x000000076b900000,0x000000076ba30370,0x000000076bb00000)
  to   space 2048K, 0% used [0x000000076b700000,0x000000076b700000,0x000000076b900000)
 ParOldGen       total 260608K, used 2450K [0x00000006c0000000, 0x00000006cfe80000, 0x000000076ab00000)
  object space 260608K, 0% used [0x00000006c0000000,0x00000006c02649a8,0x00000006cfe80000)
 Metaspace       used 15733K, capacity 15826K, committed 16128K, reserved 1064960K
  class space    used 1487K, capacity 1525K, committed 1536K, reserved 1048576K
Event: 1.705 GC heap after
Heap after GC invocations=11 (full 0):
 PSYoungGen      total 14336K, used 2034K [0x000000076ab00000, 0x000000076c380000, 0x00000007c0000000)
  eden space 12288K, 0% used [0x000000076ab00000,0x000000076ab00000,0x000000076b700000)
  from space 2048K, 99% used [0x000000076b700000,0x000000076b8fcb58,0x000000076b900000)
  to   space 2560K, 0% used [0x000000076c100000,0x000000076c100000,0x000000076c380000)
 ParOldGen       total 260608K, used 3385K [0x00000006c0000000, 0x00000006cfe80000, 0x000000076ab00000)
  object space 260608K, 1% used [0x00000006c0000000,0x00000006c034e6b8,0x00000006cfe80000)
 Metaspace       used 15733K, capacity 15826K, committed 16128K, reserved 1064960K
  class space    used 1487K, capacity 1525K, committed 1536K, reserved 1048576K
}
Event: 3.459 GC heap before
{Heap before GC invocations=12 (full 0):
 PSYoungGen      total 14336K, used 14322K [0x000000076ab00000, 0x000000076c380000, 0x00000007c0000000)
  eden space 12288K, 100% used [0x000000076ab00000,0x000000076b700000,0x000000076b700000)
  from space 2048K, 99% used [0x000000076b700000,0x000000076b8fcb58,0x000000076b900000)
  to   space 2560K, 0% used [0x000000076c100000,0x000000076c100000,0x000000076c380000)
 ParOldGen       total 260608K, used 3385K [0x00000006c0000000, 0x00000006cfe80000, 0x000000076ab00000)
  object space 260608K, 1% used [0x00000006c0000000,0x00000006c034e6b8,0x00000006cfe80000)
 Metaspace       used 17407K, capacity 17546K, committed 17920K, reserved 1064960K
  class space    used 1632K, capacity 1689K, committed 1792K, reserved 1048576K
Event: 3.462 GC heap after
Heap after GC invocations=12 (full 0):
 PSYoungGen      total 22016K, used 1717K [0x000000076ab00000, 0x000000076c480000, 0x00000007c0000000)
  eden space 19456K, 0% used [0x000000076ab00000,0x000000076ab00000,0x000000076be00000)
  from space 2560K, 67% used [0x000000076c100000,0x000000076c2ad7f0,0x000000076c380000)
  to   space 3072K, 0% used [0x000000076be00000,0x000000076be00000,0x000000076c100000)
 ParOldGen       total 260608K, used 5139K [0x00000006c0000000, 0x00000006cfe80000, 0x000000076ab00000)
  object space 260608K, 1% used [0x00000006c0000000,0x00000006c0504e80,0x00000006cfe80000)
 Metaspace       used 17407K, capacity 17546K, committed 17920K, reserved 1064960K
  class space    used 1632K, capacity 1689K, committed 1792K, reserved 1048576K
}

Deoptimization events (8 events):
Event: 1.259 Thread 0x00007ffa88804000 Uncommon trap: reason=class_check action=maybe_recompile pc=0x0000000110d7f3e4 method=com.jogamp.common.os.NativeLibrary.dynamicLookupFunction(Ljava/lang/String;)J @ 28
Event: 1.260 Thread 0x00007ffa88804000 Uncommon trap: reason=class_check action=maybe_recompile pc=0x0000000110d7f3e4 method=com.jogamp.common.os.NativeLibrary.dynamicLookupFunction(Ljava/lang/String;)J @ 28
Event: 1.260 Thread 0x00007ffa88804000 Uncommon trap: reason=class_check action=maybe_recompile pc=0x0000000110d7f3e4 method=com.jogamp.common.os.NativeLibrary.dynamicLookupFunction(Ljava/lang/String;)J @ 28
Event: 1.260 Thread 0x00007ffa88804000 Uncommon trap: reason=class_check action=maybe_recompile pc=0x0000000110d7f3e4 method=com.jogamp.common.os.NativeLibrary.dynamicLookupFunction(Ljava/lang/String;)J @ 28
Event: 1.863 Thread 0x00007ffa889fe000 Uncommon trap: reason=unreached action=reinterpret pc=0x0000000110dcddb0 method=com.jogamp.common.util.IntIntHashMap.get(I)I @ 19
Event: 1.863 Thread 0x00007ffa889fe000 Uncommon trap: reason=unreached action=reinterpret pc=0x0000000110dd84d0 method=com.jogamp.common.nio.Buffers.rangeCheckBytes(Ljava/lang/Object;I)V @ 1
Event: 1.863 Thread 0x00007ffa889fe000 Uncommon trap: reason=unreached action=reinterpret pc=0x0000000110dd91ec method=com.jogamp.common.nio.Buffers.isDirect(Ljava/lang/Object;)Z @ 1
Event: 1.863 Thread 0x00007ffa889fe000 Uncommon trap: reason=unreached action=reinterpret pc=0x0000000110dd9730 method=com.jogamp.common.nio.Buffers.getDirectBufferByteOffset(Ljava/lang/Object;)I @ 1

Internal exceptions (10 events):
Event: 1.816 Thread 0x00007ffa889fe000 Exception <a 'java/security/PrivilegedActionException'> (0x000000076b0e4958) thrown at [/HUDSON/workspace/8-2-build-macosx-x86_64/jdk8u5/2488/hotspot/src/share/vm/prims/jvm.cpp, line 1248]
Event: 1.822 Thread 0x00007ffa889fe000 Exception <a 'java/security/PrivilegedActionException'> (0x000000076b0ec6c8) thrown at [/HUDSON/workspace/8-2-build-macosx-x86_64/jdk8u5/2488/hotspot/src/share/vm/prims/jvm.cpp, line 1248]
Event: 1.862 Thread 0x00007ffa889fe000 Exception <a 'java/security/PrivilegedActionException'> (0x000000076b156fd0) thrown at [/HUDSON/workspace/8-2-build-macosx-x86_64/jdk8u5/2488/hotspot/src/share/vm/prims/jvm.cpp, line 1248]
Event: 1.863 Thread 0x00007ffa889fe000 Implicit null exception at 0x0000000110dd846c to 0x0000000110dd84bd
Event: 1.863 Thread 0x00007ffa889fe000 Implicit null exception at 0x0000000110dd91ac to 0x0000000110dd91dd
Event: 1.863 Thread 0x00007ffa889fe000 Implicit null exception at 0x0000000110dd96ec to 0x0000000110dd9721
Event: 1.864 Thread 0x00007ffa889fe000 Exception <a 'java/security/PrivilegedActionException'> (0x000000076b162f58) thrown at [/HUDSON/workspace/8-2-build-macosx-x86_64/jdk8u5/2488/hotspot/src/share/vm/prims/jvm.cpp, line 1248]
Event: 1.865 Thread 0x00007ffa889fe000 Exception <a 'java/security/PrivilegedActionException'> (0x000000076b176b78) thrown at [/HUDSON/workspace/8-2-build-macosx-x86_64/jdk8u5/2488/hotspot/src/share/vm/prims/jvm.cpp, line 1248]
Event: 1.866 Thread 0x00007ffa889fe000 Exception <a 'java/security/PrivilegedActionException'> (0x000000076b17dda8) thrown at [/HUDSON/workspace/8-2-build-macosx-x86_64/jdk8u5/2488/hotspot/src/share/vm/prims/jvm.cpp, line 1248]
Event: 1.883 Thread 0x00007ffa889fe000 Exception <a 'java/security/PrivilegedActionException'> (0x000000076b2fa440) thrown at [/HUDSON/workspace/8-2-build-macosx-x86_64/jdk8u5/2488/hotspot/src/share/vm/prims/jvm.cpp, line 1248]

Events (10 events):
Event: 3.159 Thread 0x00007ffa891cf800 Thread added: 0x00007ffa891cf800
Event: 3.159 Thread 0x00007ffa891cf800 Thread exited: 0x00007ffa891cf800
Event: 3.259 Thread 0x00007ffa8b9de800 Thread added: 0x00007ffa8b9de800
Event: 3.259 Thread 0x00007ffa8b9de800 Thread exited: 0x00007ffa8b9de800
Event: 3.359 Thread 0x00007ffa88800800 Thread added: 0x00007ffa88800800
Event: 3.359 Thread 0x00007ffa88800800 Thread exited: 0x00007ffa88800800
Event: 3.459 Thread 0x00007ffa88800800 Thread added: 0x00007ffa88800800
Event: 3.459 Executing VM operation: ParallelGCFailedAllocation
Event: 3.462 Executing VM operation: ParallelGCFailedAllocation done
Event: 3.462 Thread 0x00007ffa88800800 Thread exited: 0x00007ffa88800800


Dynamic libraries:
0x0000000005472000 	/System/Library/Frameworks/Cocoa.framework/Versions/A/Cocoa
0x0000000005472000 	/System/Library/Frameworks/Security.framework/Versions/A/Security
0x0000000005472000 	/System/Library/Frameworks/ApplicationServices.framework/Versions/A/ApplicationServices
0x0000000005472000 	/usr/lib/libz.1.dylib
0x0000000005472000 	/usr/lib/libSystem.B.dylib
0x0000000005472000 	/usr/lib/libobjc.A.dylib
0x0000000005472000 	/System/Library/Frameworks/CoreFoundation.framework/Versions/A/CoreFoundation
0x0000000005472000 	/System/Library/Frameworks/Foundation.framework/Versions/C/Foundation
0x0000000005472000 	/System/Library/Frameworks/AppKit.framework/Versions/C/AppKit
0x0000000005472000 	/System/Library/Frameworks/CoreData.framework/Versions/A/CoreData
0x0000000005472000 	/System/Library/PrivateFrameworks/RemoteViewServices.framework/Versions/A/RemoteViewServices
0x0000000005472000 	/System/Library/PrivateFrameworks/UIFoundation.framework/Versions/A/UIFoundation
0x0000000005472000 	/usr/lib/libScreenReader.dylib
0x0000000005472000 	/System/Library/Frameworks/Accelerate.framework/Versions/A/Accelerate
0x0000000005472000 	/System/Library/Frameworks/IOSurface.framework/Versions/A/IOSurface
0x0000000005472000 	/System/Library/Frameworks/AudioToolbox.framework/Versions/A/AudioToolbox
0x0000000005472000 	/System/Library/Frameworks/AudioUnit.framework/Versions/A/AudioUnit
0x0000000005472000 	/System/Library/PrivateFrameworks/DataDetectorsCore.framework/Versions/A/DataDetectorsCore
0x0000000005472000 	/System/Library/PrivateFrameworks/DesktopServicesPriv.framework/Versions/A/DesktopServicesPriv
0x0000000005472000 	/System/Library/Frameworks/Carbon.framework/Versions/A/Frameworks/HIToolbox.framework/Versions/A/HIToolbox
0x0000000005472000 	/System/Library/Frameworks/QuartzCore.framework/Versions/A/QuartzCore
0x0000000005472000 	/System/Library/Frameworks/Carbon.framework/Versions/A/Frameworks/SpeechRecognition.framework/Versions/A/SpeechRecognition
0x0000000005472000 	/usr/lib/libauto.dylib
0x0000000005472000 	/usr/lib/libicucore.A.dylib
0x0000000005472000 	/usr/lib/libxml2.2.dylib
0x0000000005472000 	/System/Library/PrivateFrameworks/CoreUI.framework/Versions/A/CoreUI
0x0000000005472000 	/System/Library/Frameworks/CoreAudio.framework/Versions/A/CoreAudio
0x0000000005472000 	/System/Library/Frameworks/DiskArbitration.framework/Versions/A/DiskArbitration
0x0000000005472000 	/usr/lib/liblangid.dylib
0x0000000005472000 	/System/Library/PrivateFrameworks/MultitouchSupport.framework/Versions/A/MultitouchSupport
0x0000000005472000 	/System/Library/Frameworks/IOKit.framework/Versions/A/IOKit
0x0000000005472000 	/usr/lib/libDiagnosticMessagesClient.dylib
0x0000000005472000 	/System/Library/Frameworks/CoreServices.framework/Versions/A/CoreServices
0x0000000005472000 	/System/Library/PrivateFrameworks/PerformanceAnalysis.framework/Versions/A/PerformanceAnalysis
0x0000000005472000 	/System/Library/PrivateFrameworks/GenerationalStorage.framework/Versions/A/GenerationalStorage
0x0000000005472000 	/System/Library/Frameworks/OpenGL.framework/Versions/A/OpenGL
0x0000000005472000 	/System/Library/PrivateFrameworks/Sharing.framework/Versions/A/Sharing
0x0000000005472000 	/System/Library/Frameworks/CoreGraphics.framework/Versions/A/CoreGraphics
0x0000000005472000 	/System/Library/Frameworks/CoreImage.framework/Versions/A/CoreImage
0x0000000005472000 	/System/Library/Frameworks/CoreText.framework/Versions/A/CoreText
0x0000000005472000 	/System/Library/Frameworks/ImageIO.framework/Versions/A/ImageIO
0x0000000005472000 	/System/Library/PrivateFrameworks/Backup.framework/Versions/A/Backup
0x0000000005472000 	/usr/lib/libextension.dylib
0x0000000005472000 	/usr/lib/libarchive.2.dylib
0x0000000005472000 	/System/Library/Frameworks/CFNetwork.framework/Versions/A/CFNetwork
0x0000000005472000 	/System/Library/Frameworks/SystemConfiguration.framework/Versions/A/SystemConfiguration
0x0000000005472000 	/usr/lib/libCRFSuite.dylib
0x0000000005472000 	/usr/lib/libc++.1.dylib
0x0000000005472000 	/usr/lib/libc++abi.dylib
0x0000000005472000 	/usr/lib/system/libcache.dylib
0x0000000005472000 	/usr/lib/system/libcommonCrypto.dylib
0x0000000005472000 	/usr/lib/system/libcompiler_rt.dylib
0x0000000005472000 	/usr/lib/system/libcopyfile.dylib
0x0000000005472000 	/usr/lib/system/libcorecrypto.dylib
0x0000000005472000 	/usr/lib/system/libdispatch.dylib
0x0000000005472000 	/usr/lib/system/libdyld.dylib
0x0000000005472000 	/usr/lib/system/libkeymgr.dylib
0x0000000005472000 	/usr/lib/system/liblaunch.dylib
0x0000000005472000 	/usr/lib/system/libmacho.dylib
0x0000000005472000 	/usr/lib/system/libquarantine.dylib
0x0000000005472000 	/usr/lib/system/libremovefile.dylib
0x0000000005472000 	/usr/lib/system/libsystem_asl.dylib
0x0000000005472000 	/usr/lib/system/libsystem_blocks.dylib
0x0000000005472000 	/usr/lib/system/libsystem_c.dylib
0x0000000005472000 	/usr/lib/system/libsystem_configuration.dylib
0x0000000005472000 	/usr/lib/system/libsystem_coreservices.dylib
0x0000000005472000 	/usr/lib/system/libsystem_coretls.dylib
0x0000000005472000 	/usr/lib/system/libsystem_dnssd.dylib
0x0000000005472000 	/usr/lib/system/libsystem_info.dylib
0x0000000005472000 	/usr/lib/system/libsystem_kernel.dylib
0x0000000005472000 	/usr/lib/system/libsystem_m.dylib
0x0000000005472000 	/usr/lib/system/libsystem_malloc.dylib
0x0000000005472000 	/usr/lib/system/libsystem_network.dylib
0x0000000005472000 	/usr/lib/system/libsystem_networkextension.dylib
0x0000000005472000 	/usr/lib/system/libsystem_notify.dylib
0x0000000005472000 	/usr/lib/system/libsystem_platform.dylib
0x0000000005472000 	/usr/lib/system/libsystem_pthread.dylib
0x0000000005472000 	/usr/lib/system/libsystem_sandbox.dylib
0x0000000005472000 	/usr/lib/system/libsystem_secinit.dylib
0x0000000005472000 	/usr/lib/system/libsystem_trace.dylib
0x0000000005472000 	/usr/lib/system/libunc.dylib
0x0000000005472000 	/usr/lib/system/libunwind.dylib
0x0000000005472000 	/usr/lib/system/libxpc.dylib
0x0000000005472000 	/usr/lib/libenergytrace.dylib
0x0000000005472000 	/usr/lib/libbsm.0.dylib
0x0000000005472000 	/usr/lib/system/libkxld.dylib
0x0000000005472000 	/usr/lib/libxar.1.dylib
0x0000000005472000 	/usr/lib/libsqlite3.dylib
0x0000000005472000 	/usr/lib/libpam.2.dylib
0x0000000005472000 	/usr/lib/libOpenScriptingUtil.dylib
0x0000000005472000 	/usr/lib/libbz2.1.0.dylib
0x0000000005472000 	/usr/lib/liblzma.5.dylib
0x0000000005472000 	/System/Library/Frameworks/CoreServices.framework/Versions/A/Frameworks/FSEvents.framework/Versions/A/FSEvents
0x0000000005472000 	/System/Library/Frameworks/CoreServices.framework/Versions/A/Frameworks/CarbonCore.framework/Versions/A/CarbonCore
0x0000000005472000 	/System/Library/Frameworks/CoreServices.framework/Versions/A/Frameworks/Metadata.framework/Versions/A/Metadata
0x0000000005472000 	/System/Library/Frameworks/CoreServices.framework/Versions/A/Frameworks/OSServices.framework/Versions/A/OSServices
0x0000000005472000 	/System/Library/Frameworks/CoreServices.framework/Versions/A/Frameworks/SearchKit.framework/Versions/A/SearchKit
0x0000000005472000 	/System/Library/Frameworks/CoreServices.framework/Versions/A/Frameworks/AE.framework/Versions/A/AE
0x0000000005472000 	/System/Library/Frameworks/CoreServices.framework/Versions/A/Frameworks/LaunchServices.framework/Versions/A/LaunchServices
0x0000000005472000 	/System/Library/Frameworks/CoreServices.framework/Versions/A/Frameworks/DictionaryServices.framework/Versions/A/DictionaryServices
0x0000000005472000 	/System/Library/Frameworks/CoreServices.framework/Versions/A/Frameworks/SharedFileList.framework/Versions/A/SharedFileList
0x0000000005472000 	/System/Library/Frameworks/NetFS.framework/Versions/A/NetFS
0x0000000005472000 	/System/Library/PrivateFrameworks/NetAuth.framework/Versions/A/NetAuth
0x0000000005472000 	/System/Library/PrivateFrameworks/login.framework/Versions/A/Frameworks/loginsupport.framework/Versions/A/loginsupport
0x0000000005472000 	/System/Library/PrivateFrameworks/TCC.framework/Versions/A/TCC
0x0000000005472000 	/usr/lib/libmecabra.dylib
0x0000000005472000 	/System/Library/Frameworks/ApplicationServices.framework/Versions/A/Frameworks/ATS.framework/Versions/A/ATS
0x0000000005472000 	/System/Library/Frameworks/ApplicationServices.framework/Versions/A/Frameworks/ColorSync.framework/Versions/A/ColorSync
0x0000000005472000 	/System/Library/Frameworks/ApplicationServices.framework/Versions/A/Frameworks/HIServices.framework/Versions/A/HIServices
0x0000000005472000 	/System/Library/Frameworks/ApplicationServices.framework/Versions/A/Frameworks/LangAnalysis.framework/Versions/A/LangAnalysis
0x0000000005472000 	/System/Library/Frameworks/ApplicationServices.framework/Versions/A/Frameworks/PrintCore.framework/Versions/A/PrintCore
0x0000000005472000 	/System/Library/Frameworks/ApplicationServices.framework/Versions/A/Frameworks/QD.framework/Versions/A/QD
0x0000000005472000 	/System/Library/Frameworks/ApplicationServices.framework/Versions/A/Frameworks/SpeechSynthesis.framework/Versions/A/SpeechSynthesis
0x0000000005472000 	/System/Library/Frameworks/Metal.framework/Versions/A/Metal
0x0000000005472000 	/System/Library/Frameworks/Accelerate.framework/Versions/A/Frameworks/vImage.framework/Versions/A/vImage
0x0000000005472000 	/System/Library/Frameworks/Accelerate.framework/Versions/A/Frameworks/vecLib.framework/Versions/A/vecLib
0x0000000005472000 	/System/Library/Frameworks/Accelerate.framework/Versions/A/Frameworks/vecLib.framework/Versions/A/libvDSP.dylib
0x0000000005472000 	/System/Library/Frameworks/Accelerate.framework/Versions/A/Frameworks/vecLib.framework/Versions/A/libvMisc.dylib
0x0000000005472000 	/System/Library/Frameworks/Accelerate.framework/Versions/A/Frameworks/vecLib.framework/Versions/A/libLAPACK.dylib
0x0000000005472000 	/System/Library/Frameworks/Accelerate.framework/Versions/A/Frameworks/vecLib.framework/Versions/A/libBLAS.dylib
0x0000000005472000 	/System/Library/Frameworks/Accelerate.framework/Versions/A/Frameworks/vecLib.framework/Versions/A/libLinearAlgebra.dylib
0x0000000005472000 	/System/Library/Frameworks/Accelerate.framework/Versions/A/Frameworks/vecLib.framework/Versions/A/libSparseBLAS.dylib
0x0000000005472000 	/System/Library/PrivateFrameworks/GPUCompiler.framework/libmetal_timestamp.dylib
0x0000000005472000 	/System/Library/Frameworks/OpenGL.framework/Versions/A/Libraries/libCoreFSCache.dylib
0x0000000005472000 	/System/Library/PrivateFrameworks/IOAccelerator.framework/Versions/A/IOAccelerator
0x0000000005472000 	/System/Library/Frameworks/ApplicationServices.framework/Versions/A/Frameworks/ATS.framework/Versions/A/Resources/libFontParser.dylib
0x0000000005472000 	/System/Library/Frameworks/ApplicationServices.framework/Versions/A/Frameworks/ATS.framework/Versions/A/Resources/libFontRegistry.dylib
0x0000000005472000 	/System/Library/PrivateFrameworks/AppleVPA.framework/Versions/A/AppleVPA
0x0000000005472000 	/System/Library/PrivateFrameworks/AppleJPEG.framework/Versions/A/AppleJPEG
0x0000000005472000 	/System/Library/Frameworks/ImageIO.framework/Versions/A/Resources/libJPEG.dylib
0x0000000005472000 	/System/Library/Frameworks/ImageIO.framework/Versions/A/Resources/libTIFF.dylib
0x0000000005472000 	/System/Library/Frameworks/ImageIO.framework/Versions/A/Resources/libPng.dylib
0x0000000005472000 	/System/Library/Frameworks/ImageIO.framework/Versions/A/Resources/libGIF.dylib
0x0000000005472000 	/System/Library/Frameworks/ImageIO.framework/Versions/A/Resources/libJP2.dylib
0x0000000005472000 	/System/Library/Frameworks/ImageIO.framework/Versions/A/Resources/libRadiance.dylib
0x0000000005472000 	/System/Library/Frameworks/CoreVideo.framework/Versions/A/CoreVideo
0x0000000005472000 	/System/Library/Frameworks/OpenGL.framework/Versions/A/Libraries/libGLU.dylib
0x0000000005472000 	/System/Library/Frameworks/OpenGL.framework/Versions/A/Libraries/libGFXShared.dylib
0x0000000005472000 	/System/Library/Frameworks/OpenGL.framework/Versions/A/Libraries/libGL.dylib
0x0000000005472000 	/System/Library/Frameworks/OpenGL.framework/Versions/A/Libraries/libGLImage.dylib
0x0000000005472000 	/System/Library/Frameworks/OpenGL.framework/Versions/A/Libraries/libCVMSPluginSupport.dylib
0x0000000005472000 	/System/Library/Frameworks/OpenGL.framework/Versions/A/Libraries/libCoreVMClient.dylib
0x0000000005472000 	/usr/lib/libcompression.dylib
0x0000000005472000 	/usr/lib/libcups.2.dylib
0x0000000005472000 	/System/Library/Frameworks/Kerberos.framework/Versions/A/Kerberos
0x0000000005472000 	/System/Library/Frameworks/GSS.framework/Versions/A/GSS
0x0000000005472000 	/usr/lib/libresolv.9.dylib
0x0000000005472000 	/usr/lib/libiconv.2.dylib
0x0000000005472000 	/System/Library/PrivateFrameworks/Heimdal.framework/Versions/A/Heimdal
0x0000000005472000 	/usr/lib/libheimdal-asn1.dylib
0x0000000005472000 	/System/Library/Frameworks/OpenDirectory.framework/Versions/A/OpenDirectory
0x0000000005472000 	/System/Library/PrivateFrameworks/CommonAuth.framework/Versions/A/CommonAuth
0x0000000005472000 	/System/Library/Frameworks/OpenDirectory.framework/Versions/A/Frameworks/CFOpenDirectory.framework/Versions/A/CFOpenDirectory
0x0000000005472000 	/System/Library/Frameworks/SecurityFoundation.framework/Versions/A/SecurityFoundation
0x0000000005472000 	/System/Library/PrivateFrameworks/LanguageModeling.framework/Versions/A/LanguageModeling
0x0000000005472000 	/usr/lib/libmarisa.dylib
0x0000000005472000 	/usr/lib/libChineseTokenizer.dylib
0x0000000005472000 	/usr/lib/libcmph.dylib
0x0000000005472000 	/System/Library/Frameworks/ServiceManagement.framework/Versions/A/ServiceManagement
0x0000000005472000 	/usr/lib/libxslt.1.dylib
0x0000000005472000 	/System/Library/Frameworks/Carbon.framework/Versions/A/Frameworks/Ink.framework/Versions/A/Ink
0x0000000005472000 	/usr/lib/libFosl_dynamic.dylib
0x0000000005472000 	/System/Library/PrivateFrameworks/FaceCore.framework/Versions/A/FaceCore
0x0000000005472000 	/System/Library/Frameworks/OpenCL.framework/Versions/A/OpenCL
0x0000000005472000 	/System/Library/PrivateFrameworks/CrashReporterSupport.framework/Versions/A/CrashReporterSupport
0x0000000005472000 	/System/Library/PrivateFrameworks/IconServices.framework/Versions/A/IconServices
0x0000000005472000 	/System/Library/PrivateFrameworks/Apple80211.framework/Versions/A/Apple80211
0x0000000005472000 	/System/Library/Frameworks/CoreWLAN.framework/Versions/A/CoreWLAN
0x0000000005472000 	/System/Library/Frameworks/IOBluetooth.framework/Versions/A/IOBluetooth
0x0000000005472000 	/System/Library/PrivateFrameworks/CoreWiFi.framework/Versions/A/CoreWiFi
0x0000000005472000 	/System/Library/Frameworks/CoreBluetooth.framework/Versions/A/CoreBluetooth
0x0000000005472000 	/System/Library/PrivateFrameworks/ChunkingLibrary.framework/Versions/A/ChunkingLibrary
0x0000000005472000 	/System/Library/PrivateFrameworks/DebugSymbols.framework/Versions/A/DebugSymbols
0x0000000005472000 	/System/Library/PrivateFrameworks/CoreSymbolication.framework/Versions/A/CoreSymbolication
0x0000000005472000 	/System/Library/PrivateFrameworks/Symbolication.framework/Versions/A/Symbolication
0x0000000005472000 	/System/Library/PrivateFrameworks/SpeechRecognitionCore.framework/Versions/A/SpeechRecognitionCore
0x000000010eac4000 	/Library/Java/JavaVirtualMachines/jdk1.8.0_05.jdk/Contents/Home/jre/lib/server/libjvm.dylib
0x0000000005472000 	/usr/lib/libstdc++.6.dylib
0x000000010f988000 	/Library/Java/JavaVirtualMachines/jdk1.8.0_05.jdk/Contents/Home/jre/lib/libverify.dylib
0x000000010f996000 	/Library/Java/JavaVirtualMachines/jdk1.8.0_05.jdk/Contents/Home/jre/lib/libjava.dylib
0x000000010f9cb000 	/Library/Java/JavaVirtualMachines/jdk1.8.0_05.jdk/Contents/Home/jre/lib/libinstrument.dylib
0x0000000110a31000 	/Library/Java/JavaVirtualMachines/jdk1.8.0_05.jdk/Contents/Home/jre/lib/libzip.dylib
0x000000012bac4000 	/System/Library/Frameworks/JavaVM.framework/Frameworks/JavaRuntimeSupport.framework/JavaRuntimeSupport
0x000000012badf000 	/System/Library/Frameworks/JavaVM.framework/Versions/A/Frameworks/JavaNativeFoundation.framework/Versions/A/JavaNativeFoundation
0x000000012baf4000 	/System/Library/Frameworks/JavaVM.framework/Versions/A/JavaVM
0x0000000005472000 	/System/Library/Frameworks/Carbon.framework/Versions/A/Carbon
0x000000012bb01000 	/System/Library/PrivateFrameworks/JavaLaunching.framework/Versions/A/JavaLaunching
0x0000000005472000 	/System/Library/Frameworks/Carbon.framework/Versions/A/Frameworks/CommonPanels.framework/Versions/A/CommonPanels
0x0000000005472000 	/System/Library/Frameworks/Carbon.framework/Versions/A/Frameworks/Help.framework/Versions/A/Help
0x0000000005472000 	/System/Library/Frameworks/Carbon.framework/Versions/A/Frameworks/ImageCapture.framework/Versions/A/ImageCapture
0x0000000005472000 	/System/Library/Frameworks/Carbon.framework/Versions/A/Frameworks/OpenScripting.framework/Versions/A/OpenScripting
0x0000000005472000 	/System/Library/Frameworks/Carbon.framework/Versions/A/Frameworks/Print.framework/Versions/A/Print
0x0000000005472000 	/System/Library/Frameworks/Carbon.framework/Versions/A/Frameworks/SecurityHI.framework/Versions/A/SecurityHI
0x000000012d61c000 	/Library/Java/JavaVirtualMachines/jdk1.8.0_05.jdk/Contents/Home/jre/lib/libnet.dylib
0x000000012d6a6000 	/Library/Java/JavaVirtualMachines/jdk1.8.0_05.jdk/Contents/Home/jre/lib/libawt.dylib
0x000000012d755000 	/Library/Java/JavaVirtualMachines/jdk1.8.0_05.jdk/Contents/Home/jre/lib/./libmlib_image.dylib
0x000000012d821000 	/Library/Java/JavaVirtualMachines/jdk1.8.0_05.jdk/Contents/Home/jre/lib/libawt_lwawt.dylib
0x000000012d8d3000 	/Library/Java/JavaVirtualMachines/jdk1.8.0_05.jdk/Contents/Home/jre/lib/./libosxapp.dylib
0x0000000005472000 	/System/Library/Frameworks/ExceptionHandling.framework/Versions/A/ExceptionHandling
0x0000000005472000 	/System/Library/PrivateFrameworks/CoreServicesInternal.framework/Versions/A/CoreServicesInternal
0x0000000005472000 	/System/Library/Frameworks/CoreGraphics.framework/Versions/A/Resources/libRIP.A.dylib
0x0000000005472000 	/System/Library/Frameworks/Accelerate.framework/Versions/A/Frameworks/vImage.framework/Versions/A/Libraries/libCGInterfaces.dylib
0x0000000005472000 	/System/Library/CoreServices/RawCamera.bundle/Contents/MacOS/RawCamera
0x0000000005472000 	/System/Library/Frameworks/CoreGraphics.framework/Versions/A/Resources/libCGXType.A.dylib
0x0000000005472000 	/System/Library/Frameworks/OpenCL.framework/Versions/A/Libraries/libcldcpuengine.dylib
0x0000000005472000 	/System/Library/PrivateFrameworks/DiskImages.framework/Versions/A/DiskImages
0x0000000005472000 	/System/Library/Frameworks/DiscRecording.framework/Versions/A/DiscRecording
0x0000000005472000 	/usr/lib/libcsfde.dylib
0x0000000005472000 	/usr/lib/libcurl.4.dylib
0x0000000005472000 	/System/Library/PrivateFrameworks/MediaKit.framework/Versions/A/MediaKit
0x0000000005472000 	/System/Library/PrivateFrameworks/ProtectedCloudStorage.framework/Versions/A/ProtectedCloudStorage
0x0000000005472000 	/usr/lib/libCoreStorage.dylib
0x0000000005472000 	/System/Library/PrivateFrameworks/EFILogin.framework/Versions/A/EFILogin
0x0000000005472000 	/usr/lib/libutil.dylib
0x0000000005472000 	/System/Library/PrivateFrameworks/FindMyDevice.framework/Versions/A/FindMyDevice
0x0000000005472000 	/System/Library/Frameworks/LDAP.framework/Versions/A/LDAP
0x0000000005472000 	/usr/lib/libsasl2.2.dylib
0x0000000005472000 	/System/Library/PrivateFrameworks/CoreDaemon.framework/Versions/B/CoreDaemon
0x0000000005472000 	/usr/lib/libcrypto.0.9.8.dylib
0x0000000005472000 	/System/Library/PrivateFrameworks/AppleSRP.framework/Versions/A/AppleSRP
0x0000000005472000 	/System/Library/PrivateFrameworks/TrustEvaluationAgent.framework/Versions/A/TrustEvaluationAgent
0x000000012ff51000 	cl_kernels
0x0000000005472000 	/System/Library/Frameworks/OpenCL.framework/Versions/A/Libraries/ImageFormats/unorm8_bgra.dylib
0x0000000005472000 	/System/Library/Frameworks/OpenCL.framework/Versions/A/Libraries/ImageFormats/unorm8_rgba.dylib
0x0000000005472000 	/System/Library/PrivateFrameworks/FamilyControls.framework/Versions/A/FamilyControls
0x0000000005472000 	/System/Library/PrivateFrameworks/CommerceKit.framework/Versions/A/Frameworks/CommerceCore.framework/Versions/A/CommerceCore
0x0000000005472000 	/System/Library/PrivateFrameworks/SystemAdministration.framework/Versions/A/SystemAdministration
0x0000000005472000 	/System/Library/PrivateFrameworks/AppContainer.framework/Versions/A/AppContainer
0x0000000005472000 	/System/Library/PrivateFrameworks/SecCodeWrapper.framework/Versions/A/SecCodeWrapper
0x0000000005472000 	/System/Library/Frameworks/DirectoryService.framework/Versions/A/DirectoryService
0x0000000005472000 	/System/Library/PrivateFrameworks/LoginUIKit.framework/Versions/A/Frameworks/LoginUICore.framework/Versions/A/LoginUICore
0x0000000005472000 	/usr/lib/libodfde.dylib
0x0000000130fc3000 	/Library/Java/JavaVirtualMachines/jdk1.8.0_05.jdk/Contents/Home/jre/lib/libfontmanager.dylib
0x0000000005472000 	/System/Library/Frameworks/OpenGL.framework/Versions/A/Resources/GLEngine.bundle/GLEngine
0x0000000005472000 	/System/Library/Frameworks/OpenGL.framework/Versions/A/Libraries/libGLProgrammability.dylib
0x0000000131029000 	/System/Library/Extensions/AppleIntelHD5000GraphicsGLDriver.bundle/Contents/MacOS/AppleIntelHD5000GraphicsGLDriver
0x0000000005472000 	/System/Library/PrivateFrameworks/GPUSupport.framework/Versions/A/Libraries/libGPUSupportMercury.dylib
0x0000000131778000 	/System/Library/Extensions/AMDRadeonX4000GLDriver.bundle/Contents/MacOS/AMDRadeonX4000GLDriver
0x0000000131844000 	/System/Library/Extensions/AMDRadeonX4000GLDriver.bundle/Contents/MacOS/ATIRadeonX4000SCLib.dylib
0x0000000005472000 	/System/Library/Frameworks/OpenGL.framework/Versions/A/Resources/GLRendererFloat.bundle/GLRendererFloat
0x00000001321ad000 	/Library/Java/JavaVirtualMachines/jdk1.8.0_05.jdk/Contents/Home/jre/lib/libnio.dylib
0x00000001321bc000 	/private/var/folders/y6/rr7ffgs53s7d47llq1wwk4740000gp/T/jogamp_0000/file_cache/jln8731517373245089869/jln1226397363170986611/natives/macosx-universal/libgluegen-rt.jnilib
0x000000012fb07000 	/private/var/folders/y6/rr7ffgs53s7d47llq1wwk4740000gp/T/jogamp_0000/file_cache/jln8731517373245089869/jln1226397363170986611/natives/macosx-universal/libnativewindow_awt.jnilib
0x000000012fb0a000 	/Library/Java/JavaVirtualMachines/jdk1.8.0_05.jdk/Contents/Home/jre/lib/libjawt.dylib
0x000000012fb0d000 	/private/var/folders/y6/rr7ffgs53s7d47llq1wwk4740000gp/T/jogamp_0000/file_cache/jln8731517373245089869/jln1226397363170986611/natives/macosx-universal/libnativewindow_macosx.jnilib
0x000000012fb17000 	/private/var/folders/y6/rr7ffgs53s7d47llq1wwk4740000gp/T/jogamp_0000/file_cache/jln8731517373245089869/jln1226397363170986611/natives/macosx-universal/libnewt.jnilib
0x000000012f0bb000 	/private/var/folders/y6/rr7ffgs53s7d47llq1wwk4740000gp/T/jogamp_0000/file_cache/jln8731517373245089869/jln1226397363170986611/natives/macosx-universal/libjogl_desktop.jnilib
0x000000012f18f000 	/private/var/folders/y6/rr7ffgs53s7d47llq1wwk4740000gp/T/jogamp_0000/file_cache/jln8731517373245089869/jln1226397363170986611/natives/macosx-universal/libjogl_mobile.jnilib
0x00000001331d5000 	/Users/miller/Projects/LeapDeveloperKit/LeapSDK/lib/libLeapJava.dylib
0x000000013322e000 	/Users/miller/Projects/LeapDeveloperKit/LeapSDK/lib/libLeap.dylib

VM Arguments:
jvm_args: -Djava.library.path=/Users/miller/Documents/Processing3/libraries/Syphon/library:/Users/miller/Documents/Processing3/libraries/toxiclibs/library:/Users/miller/Projects/LeapDeveloperKit/LeapSDK/lib -javaagent:/Applications/IntelliJ IDEA.app/Contents/lib/idea_rt.jar=50312:/Applications/IntelliJ IDEA.app/Contents/bin -Dfile.encoding=UTF-8 
java_command: algowave.Algowave
java_class_path (initial): /Library/Java/JavaVirtualMachines/jdk1.8.0_05.jdk/Contents/Home/jre/lib/charsets.jar:/Library/Java/JavaVirtualMachines/jdk1.8.0_05.jdk/Contents/Home/jre/lib/deploy.jar:/Library/Java/JavaVirtualMachines/jdk1.8.0_05.jdk/Contents/Home/jre/lib/ext/cldrdata.jar:/Library/Java/JavaVirtualMachines/jdk1.8.0_05.jdk/Contents/Home/jre/lib/ext/dnsns.jar:/Library/Java/JavaVirtualMachines/jdk1.8.0_05.jdk/Contents/Home/jre/lib/ext/jfxrt.jar:/Library/Java/JavaVirtualMachines/jdk1.8.0_05.jdk/Contents/Home/jre/lib/ext/localedata.jar:/Library/Java/JavaVirtualMachines/jdk1.8.0_05.jdk/Contents/Home/jre/lib/ext/nashorn.jar:/Library/Java/JavaVirtualMachines/jdk1.8.0_05.jdk/Contents/Home/jre/lib/ext/sunec.jar:/Library/Java/JavaVirtualMachines/jdk1.8.0_05.jdk/Contents/Home/jre/lib/ext/sunjce_provider.jar:/Library/Java/JavaVirtualMachines/jdk1.8.0_05.jdk/Contents/Home/jre/lib/ext/sunpkcs11.jar:/Library/Java/JavaVirtualMachines/jdk1.8.0_05.jdk/Contents/Home/jre/lib/ext/zipfs.jar:/Library/Java/JavaVirtualMachines/jdk1.8.0_05.jdk/Contents/Home/jre/lib/htmlconverter.jar:/Library/Java/JavaVirtualMachines/jdk1.8.0_05.jdk/Contents/Home/jre/lib/javaws.jar:/Library/Java/JavaVirtualMachines/jdk1.8.0_05.jdk/Contents/Home/jre/lib/jce.jar:/Library/Java/JavaVirtualMachines/jdk1.8.0_05.jdk/Contents/Home/jre/lib/jfr.jar:/Library/Java/JavaVirtualMachines/jdk1.8.0_05.jdk/Contents/Home/jre/lib/jfxswt.jar:/Library/Java/JavaVirtualMachines/jdk1.8.0_05.jdk/Contents/Home/jre/lib/jsse.jar:/Library/Java/JavaVirtualMachines/jdk1.8.0_05.jdk/Contents/Home/jre/lib/management-agent.jar:/Library/Java/JavaVirtualMachines/jdk1.8.0_05.jdk/Contents/Home/jre/lib/plugin.jar:/Library/Java/JavaVirtualMachines/jdk1.8.0_05.jdk/Contents/Home/jre/lib/resources.jar:/Library/Java/JavaVirtualMachines/jdk1.8.0_05.jdk/Contents/Home/jre/lib/rt.jar:/Library/Java/JavaVirtualMachines/jdk1.8.0_05.jdk/Contents/Home/lib/ant-javafx.jar:/Library/Java/JavaVirtualMachines/jdk1.8.0_05.jdk/Contents/Home/lib/dt.jar:/Library/
Launcher Type: SUN_STANDARD

Environment Variables:
PATH=/opt/apache-maven-3.3.9/bin:/opt/local/bin:/opt/local/sbin:/opt/local/bin:/opt/local/sbin:/Users/miller/.rvm/gems/ruby-1.9.2-p290/bin:/Users/miller/.rvm/gems/ruby-1.9.2-p290@global/bin:/Users/miller/.rvm/rubies/ruby-1.9.2-p290/bin:/Users/miller/.rvm/bin:/usr/local/bin:/usr/local/bin:/usr/bin:/bin:/usr/sbin:/sbin:/opt/X11/bin:/usr/local/git/bin:/usr/local/go/bin:/usr/local/bin/haxe:/usr/local/bin/haxelib:/Library/PostgreSQL/8.3/bin:/usr/local/bin/activator-1.2.3-minimal/
SHELL=/bin/bash
DISPLAY=/private/tmp/com.apple.launchd.NSi1668sVR/org.macosforge.xquartz:0

Signal Handlers:
SIGSEGV: [libjvm.dylib+0x55f7df], sa_mask[0]=0xfffefeff, sa_flags=0x00000043
SIGBUS: [libjvm.dylib+0x55f7df], sa_mask[0]=0xfffefeff, sa_flags=0x00000042
SIGFPE: [libjvm.dylib+0x442cfa], sa_mask[0]=0xfffefeff, sa_flags=0x00000042
SIGPIPE: [libjvm.dylib+0x442cfa], sa_mask[0]=0xfffefeff, sa_flags=0x00000042
SIGXFSZ: [libjvm.dylib+0x442cfa], sa_mask[0]=0xfffefeff, sa_flags=0x00000042
SIGILL: [libjvm.dylib+0x442cfa], sa_mask[0]=0xfffefeff, sa_flags=0x00000042
SIGUSR1: SIG_DFL, sa_mask[0]=0x00000000, sa_flags=0x00000000
SIGUSR2: [libjvm.dylib+0x442818], sa_mask[0]=0x00000004, sa_flags=0x00000042
SIGHUP: [libjvm.dylib+0x440ba5], sa_mask[0]=0xfffefeff, sa_flags=0x00000042
SIGINT: [libjvm.dylib+0x440ba5], sa_mask[0]=0xfffefeff, sa_flags=0x00000042
SIGTERM: [libjvm.dylib+0x440ba5], sa_mask[0]=0xfffefeff, sa_flags=0x00000042
SIGQUIT: [libjvm.dylib+0x440ba5], sa_mask[0]=0xfffefeff, sa_flags=0x00000042


---------------  S Y S T E M  ---------------

OS:Bsduname:Darwin 15.6.0 Darwin Kernel Version 15.6.0: Mon Oct  2 22:20:08 PDT 2017; root:xnu-3248.71.4~1/RELEASE_X86_64 x86_64
rlimit: STACK 8192k, CORE 0k, NPROC 709, NOFILE 10240, AS infinity
load average:1.91 1.97 1.98

CPU:total 8 (4 cores per cpu, 2 threads per core) family 6 model 70 stepping 1, cmov, cx8, fxsr, mmx, sse, sse2, sse3, ssse3, sse4.1, sse4.2, popcnt, avx, avx2, aes, clmul, erms, ht, tsc, tscinvbit

Memory: 4k page, physical 16777216k(2301812k free)

/proc/meminfo:


vm_info: Java HotSpot(TM) 64-Bit Server VM (25.5-b02) for bsd-amd64 JRE (1.8.0_05-b13), built on Mar 18 2014 00:36:13 by "java_re" with gcc 4.2.1 (Based on Apple Inc. build 5658) (LLVM build 2336.11.00)

time: Thu Feb 15 08:01:53 2018
elapsed time: 3 seconds

