#
# A fatal error has been detected by the Java Runtime Environment:
#
#  SIGSEGV (0xb) at pc=0x000000012fefe99b, pid=2707, tid=72963
#
# JRE version: Java(TM) SE Runtime Environment (8.0_05-b13) (build 1.8.0_05-b13)
# Java VM: Java HotSpot(TM) 64-Bit Server VM (25.5-b02 mixed mode bsd-amd64 compressed oops)
# Problematic frame:
# C  [libLeap.dylib+0x2799b]  _ZNK4Leap14InteractionBox9toCStringEv+0x2d4b
#
# Failed to write core dump. Core dumps have been disabled. To enable core dumping, try "ulimit -c unlimited" before starting Java again
#
# If you would like to submit a bug report, please visit:
#   http://bugreport.sun.com/bugreport/crash.jsp
#

---------------  T H R E A D  ---------------

Current thread is native thread

siginfo:si_signo=SIGSEGV: si_errno=0, si_code=0 (SEGV0), si_addr=0x0000000000000000

Registers:
RAX=0x1000000000000000, RBX=0x00007fb4363d4b10, RCX=0x0000140000000000, RDX=0x00007fb4334fbd00
RSP=0x000070000251adb0, RBP=0x000070000251aec0, RSI=0x0000140000001400, RDI=0x000070000251ae28
R8 =0x00000000fffffffc, R9 =0x00007fb4334fbcf8, R10=0x00000000ffffffff, R11=0xffffffff00000000
R12=0x00007fb4334f9300, R13=0x00007fb4363d4ae0, R14=0x00007fb4337e34a0, R15=0x0000000000000001
RIP=0x000000012fefe99b, EFLAGS=0x0000000000010202, ERR=0x0000000000000000
  TRAPNO=0x000000000000000d

Top of Stack: (sp=0x000070000251adb0)
0x000070000251adb0:   0000000000003200 00007fb433afc070
0x000070000251adc0:   00007fb433afc040 00007fb433afc3a0
0x000070000251add0:   00007fb433afc4f8 00007fb433afc320
0x000070000251ade0:   00007fb433afc360 00007fb433afc520
0x000070000251adf0:   00007fb433afc2e0 000000010000ffff
0x000070000251ae00:   00007fb433afc018 00007fb433afbe00
0x000070000251ae10:   0000000000000000 0000000000000000
0x000070000251ae20:   0000000100000000 00007fb4363d4b10
0x000070000251ae30:   00007fb4363d4b10 0000000000000001
0x000070000251ae40:   00007fb4363d4ae0 00007fb4363d4ae0
0x000070000251ae50:   0000000000000001 00007fb436204740
0x000070000251ae60:   00007fb433afc040 00007fb43a101080
0x000070000251ae70:   00007fb433afc360 0000000000000001
0x000070000251ae80:   00007fb433afc070 00007fb43a101260
0x000070000251ae90:   000070000251ae48 0000000000000000
0x000070000251aea0:   00007fff79a0cc08 0000000000011d03
0x000070000251aeb0:   00007fb4337e3fa0 00007fb436204740
0x000070000251aec0:   000070000251aef0 000000012ff08161
0x000070000251aed0:   000070000251b000 00000000000008ff
0x000070000251aee0:   00007fb4337e3fa0 000000012ff080f0
0x000070000251aef0:   000070000251af10 00007fff91de999d
0x000070000251af00:   0000000000011d03 000070000251b000
0x000070000251af10:   000070000251af50 00007fff91de991a
0x000070000251af20:   0000000000000000 0000000000000000
0x000070000251af30:   0000000000000000 0000000000000000
0x000070000251af40:   0000000000000000 0000000000000000
0x000070000251af50:   000070000251af78 00007fff91de7351
0x000070000251af60:   0000000000000000 0000000000000000
0x000070000251af70:   0000000000000000 0000000000000000
0x000070000251af80:   0000000000000000 0000000000000000
0x000070000251af90:   0000000000000000 0000000000000000
0x000070000251afa0:   0000000000000000 0000000000000000 

Instructions: (pc=0x000000012fefe99b)
0x000000012fefe97b:   83 bd 50 ff ff ff 00 74 0f 49 8b 06 48 8b 40 60
0x000000012fefe98b:   4c 89 f7 4c 89 e6 ff d0 45 85 ff 74 0f 49 8b 06
0x000000012fefe99b:   48 8b 40 30 4c 89 f7 4c 89 e6 ff d0 48 8b 43 08
0x000000012fefe9ab:   48 85 c0 74 10 48 89 c3 48 8b 03 48 85 c0 75 f5 

Register to memory mapping:

RAX=0x1000000000000000 is an unknown value
RBX=0x00007fb4363d4b10 is an unknown value
RCX=0x0000140000000000 is an unknown value
RDX=0x00007fb4334fbd00 is an unknown value
RSP=0x000070000251adb0 is an unknown value
RBP=0x000070000251aec0 is an unknown value
RSI=0x0000140000001400 is an unknown value
RDI=0x000070000251ae28 is an unknown value
R8 =0x00000000fffffffc is an unknown value
R9 =0x00007fb4334fbcf8 is an unknown value
R10=0x00000000ffffffff is an unknown value
R11=0xffffffff00000000 is an unknown value
R12=0x00007fb4334f9300 is an unknown value
R13=0x00007fb4363d4ae0 is an unknown value
R14=0x00007fb4337e34a0 is an unknown value
R15=0x0000000000000001 is an unknown value


Stack: [0x000070000249b000,0x000070000251b000],  sp=0x000070000251adb0,  free space=511k
Native frames: (J=compiled Java code, j=interpreted, Vv=VM code, C=native code)
C  [libLeap.dylib+0x2799b]  _ZNK4Leap14InteractionBox9toCStringEv+0x2d4b
C  [libLeap.dylib+0x31161]  _ZNK4Leap14InteractionBox9toCStringEv+0xc511
C  [libsystem_pthread.dylib+0x399d]  _pthread_body+0x83
C  [libsystem_pthread.dylib+0x391a]  _pthread_body+0x0
C  [libsystem_pthread.dylib+0x1351]  thread_start+0xd


---------------  P R O C E S S  ---------------

VM state:not at safepoint (normal execution)

VM Mutex/Monitor currently owned by a thread: None

Heap:
 PSYoungGen      total 22016K, used 2165K [0x000000076ab00000, 0x000000076c480000, 0x00000007c0000000)
  eden space 19456K, 2% used [0x000000076ab00000,0x000000076ab6d870,0x000000076be00000)
  from space 2560K, 67% used [0x000000076c100000,0x000000076c2afec0,0x000000076c380000)
  to   space 3072K, 0% used [0x000000076be00000,0x000000076be00000,0x000000076c100000)
 ParOldGen       total 260608K, used 4990K [0x00000006c0000000, 0x00000006cfe80000, 0x000000076ab00000)
  object space 260608K, 1% used [0x00000006c0000000,0x00000006c04dfa18,0x00000006cfe80000)
 Metaspace       used 17413K, capacity 17546K, committed 17920K, reserved 1064960K
  class space    used 1638K, capacity 1689K, committed 1792K, reserved 1048576K

Card table byte_map: [0x000000011c6e5000,0x000000011cee6000] byte_map_base: 0x00000001190e5000

Marking Bits: (ParMarkBitMap*) 0x000000010cc660a0
 Begin Bits: [0x000000011d43c000, 0x000000012143c000)
 End Bits:   [0x000000012143c000, 0x000000012543c000)

Polling page: 0x000000010b3fb000

CodeCache: size=245760Kb used=4521Kb max_used=4521Kb free=241238Kb
 bounds [0x000000010d325000, 0x000000010d795000, 0x000000011c325000]
 total_blobs=2035 nmethods=1169 adapters=782
 compilation: enabled

Compilation events (10 events):
Event: 5.057 Thread 0x00007fb437026800 1165       3       jogamp.opengl.GLDrawableImpl::getHandle (10 bytes)
Event: 5.058 Thread 0x00007fb437026800 nmethod 1165 0x000000010d790290 code [0x000000010d790400, 0x000000010d790628]
Event: 5.077 Thread 0x00007fb437026800 1166       3       java.lang.ThreadLocal::set (30 bytes)
Event: 5.077 Thread 0x00007fb437026800 nmethod 1166 0x000000010d7906d0 code [0x000000010d790860, 0x000000010d790c48]
Event: 5.113 Thread 0x00007fb437026800 1167       3       processing.opengl.FrameBuffer::bind (15 bytes)
Event: 5.113 Thread 0x00007fb437026800 nmethod 1167 0x000000010d790d90 code [0x000000010d790f00, 0x000000010d791128]
Event: 5.114 Thread 0x00007fb437026800 1168       3       controlP5.ControllerGroup::x (11 bytes)
Event: 5.114 Thread 0x00007fb437026800 nmethod 1168 0x000000010d7911d0 code [0x000000010d791320, 0x000000010d7914b0]
Event: 5.114 Thread 0x00007fb437026800 1169       3       controlP5.ControllerGroup::y (12 bytes)
Event: 5.115 Thread 0x00007fb437026800 nmethod 1169 0x000000010d791590 code [0x000000010d7916e0, 0x000000010d791870]

GC Heap History (10 events):
Event: 2.649 GC heap before
{Heap before GC invocations=8 (full 0):
 PSYoungGen      total 5120K, used 5087K [0x000000076ab00000, 0x000000076b600000, 0x00000007c0000000)
  eden space 4096K, 99% used [0x000000076ab00000,0x000000076aefbcf0,0x000000076af00000)
  from space 1024K, 98% used [0x000000076af00000,0x000000076affc010,0x000000076b000000)
  to   space 1536K, 0% used [0x000000076b480000,0x000000076b480000,0x000000076b600000)
 ParOldGen       total 260608K, used 1201K [0x00000006c0000000, 0x00000006cfe80000, 0x000000076ab00000)
  object space 260608K, 0% used [0x00000006c0000000,0x00000006c012c5c0,0x00000006cfe80000)
 Metaspace       used 9619K, capacity 9766K, committed 10112K, reserved 1058816K
  class space    used 990K, capacity 1046K, committed 1152K, reserved 1048576K
Event: 2.651 GC heap after
Heap after GC invocations=8 (full 0):
 PSYoungGen      total 9216K, used 1513K [0x000000076ab00000, 0x000000076b700000, 0x00000007c0000000)
  eden space 7680K, 0% used [0x000000076ab00000,0x000000076ab00000,0x000000076b280000)
  from space 1536K, 98% used [0x000000076b480000,0x000000076b5fa460,0x000000076b600000)
  to   space 2048K, 0% used [0x000000076b280000,0x000000076b280000,0x000000076b480000)
 ParOldGen       total 260608K, used 1411K [0x00000006c0000000, 0x00000006cfe80000, 0x000000076ab00000)
  object space 260608K, 0% used [0x00000006c0000000,0x00000006c0160dc8,0x00000006cfe80000)
 Metaspace       used 9619K, capacity 9766K, committed 10112K, reserved 1058816K
  class space    used 990K, capacity 1046K, committed 1152K, reserved 1048576K
}
Event: 2.754 GC heap before
{Heap before GC invocations=9 (full 0):
 PSYoungGen      total 9216K, used 9193K [0x000000076ab00000, 0x000000076b700000, 0x00000007c0000000)
  eden space 7680K, 100% used [0x000000076ab00000,0x000000076b280000,0x000000076b280000)
  from space 1536K, 98% used [0x000000076b480000,0x000000076b5fa460,0x000000076b600000)
  to   space 2048K, 0% used [0x000000076b280000,0x000000076b280000,0x000000076b480000)
 ParOldGen       total 260608K, used 1411K [0x00000006c0000000, 0x00000006cfe80000, 0x000000076ab00000)
  object space 260608K, 0% used [0x00000006c0000000,0x00000006c0160dc8,0x00000006cfe80000)
 Metaspace       used 11426K, capacity 11526K, committed 11776K, reserved 1060864K
  class space    used 1235K, capacity 1270K, committed 1280K, reserved 1048576K
Event: 2.756 GC heap after
Heap after GC invocations=9 (full 0):
 PSYoungGen      total 9728K, used 1749K [0x000000076ab00000, 0x000000076bb00000, 0x00000007c0000000)
  eden space 7680K, 0% used [0x000000076ab00000,0x000000076ab00000,0x000000076b280000)
  from space 2048K, 85% used [0x000000076b280000,0x000000076b4357e0,0x000000076b480000)
  to   space 2048K, 0% used [0x000000076b900000,0x000000076b900000,0x000000076bb00000)
 ParOldGen       total 260608K, used 1871K [0x00000006c0000000, 0x00000006cfe80000, 0x000000076ab00000)
  object space 260608K, 0% used [0x00000006c0000000,0x00000006c01d3de8,0x00000006cfe80000)
 Metaspace       used 11426K, capacity 11526K, committed 11776K, reserved 1060864K
  class space    used 1235K, capacity 1270K, committed 1280K, reserved 1048576K
}
Event: 2.908 GC heap before
{Heap before GC invocations=10 (full 0):
 PSYoungGen      total 9728K, used 9241K [0x000000076ab00000, 0x000000076bb00000, 0x00000007c0000000)
  eden space 7680K, 97% used [0x000000076ab00000,0x000000076b250e70,0x000000076b280000)
  from space 2048K, 85% used [0x000000076b280000,0x000000076b4357e0,0x000000076b480000)
  to   space 2048K, 0% used [0x000000076b900000,0x000000076b900000,0x000000076bb00000)
 ParOldGen       total 260608K, used 1871K [0x00000006c0000000, 0x00000006cfe80000, 0x000000076ab00000)
  object space 260608K, 0% used [0x00000006c0000000,0x00000006c01d3de8,0x00000006cfe80000)
 Metaspace       used 14172K, capacity 14284K, committed 14464K, reserved 1062912K
  class space    used 1346K, capacity 1396K, committed 1408K, reserved 1048576K
Event: 2.909 GC heap after
Heap after GC invocations=10 (full 0):
 PSYoungGen      total 14336K, used 1310K [0x000000076ab00000, 0x000000076bb00000, 0x00000007c0000000)
  eden space 12288K, 0% used [0x000000076ab00000,0x000000076ab00000,0x000000076b700000)
  from space 2048K, 64% used [0x000000076b900000,0x000000076ba47b68,0x000000076bb00000)
  to   space 2048K, 0% used [0x000000076b700000,0x000000076b700000,0x000000076b900000)
 ParOldGen       total 260608K, used 2399K [0x00000006c0000000, 0x00000006cfe80000, 0x000000076ab00000)
  object space 260608K, 0% used [0x00000006c0000000,0x00000006c0257e08,0x00000006cfe80000)
 Metaspace       used 14172K, capacity 14284K, committed 14464K, reserved 1062912K
  class space    used 1346K, capacity 1396K, committed 1408K, reserved 1048576K
}
Event: 3.457 GC heap before
{Heap before GC invocations=11 (full 0):
 PSYoungGen      total 14336K, used 13598K [0x000000076ab00000, 0x000000076bb00000, 0x00000007c0000000)
  eden space 12288K, 100% used [0x000000076ab00000,0x000000076b700000,0x000000076b700000)
  from space 2048K, 64% used [0x000000076b900000,0x000000076ba47b68,0x000000076bb00000)
  to   space 2048K, 0% used [0x000000076b700000,0x000000076b700000,0x000000076b900000)
 ParOldGen       total 260608K, used 2399K [0x00000006c0000000, 0x00000006cfe80000, 0x000000076ab00000)
  object space 260608K, 0% used [0x00000006c0000000,0x00000006c0257e08,0x00000006cfe80000)
 Metaspace       used 15701K, capacity 15826K, committed 16128K, reserved 1064960K
  class space    used 1487K, capacity 1525K, committed 1536K, reserved 1048576K
Event: 3.460 GC heap after
Heap after GC invocations=11 (full 0):
 PSYoungGen      total 14336K, used 2042K [0x000000076ab00000, 0x000000076c380000, 0x00000007c0000000)
  eden space 12288K, 0% used [0x000000076ab00000,0x000000076ab00000,0x000000076b700000)
  from space 2048K, 99% used [0x000000076b700000,0x000000076b8fe810,0x000000076b900000)
  to   space 2560K, 0% used [0x000000076c100000,0x000000076c100000,0x000000076c380000)
 ParOldGen       total 260608K, used 3269K [0x00000006c0000000, 0x00000006cfe80000, 0x000000076ab00000)
  object space 260608K, 1% used [0x00000006c0000000,0x00000006c03316b0,0x00000006cfe80000)
 Metaspace       used 15701K, capacity 15826K, committed 16128K, reserved 1064960K
  class space    used 1487K, capacity 1525K, committed 1536K, reserved 1048576K
}
Event: 4.970 GC heap before
{Heap before GC invocations=12 (full 0):
 PSYoungGen      total 14336K, used 14330K [0x000000076ab00000, 0x000000076c380000, 0x00000007c0000000)
  eden space 12288K, 100% used [0x000000076ab00000,0x000000076b700000,0x000000076b700000)
  from space 2048K, 99% used [0x000000076b700000,0x000000076b8fe810,0x000000076b900000)
  to   space 2560K, 0% used [0x000000076c100000,0x000000076c100000,0x000000076c380000)
 ParOldGen       total 260608K, used 3269K [0x00000006c0000000, 0x00000006cfe80000, 0x000000076ab00000)
  object space 260608K, 1% used [0x00000006c0000000,0x00000006c03316b0,0x00000006cfe80000)
 Metaspace       used 17401K, capacity 17546K, committed 17920K, reserved 1064960K
  class space    used 1636K, capacity 1689K, committed 1792K, reserved 1048576K
Event: 4.974 GC heap after
Heap after GC invocations=12 (full 0):
 PSYoungGen      total 22016K, used 1727K [0x000000076ab00000, 0x000000076c480000, 0x00000007c0000000)
  eden space 19456K, 0% used [0x000000076ab00000,0x000000076ab00000,0x000000076be00000)
  from space 2560K, 67% used [0x000000076c100000,0x000000076c2afec0,0x000000076c380000)
  to   space 3072K, 0% used [0x000000076be00000,0x000000076be00000,0x000000076c100000)
 ParOldGen       total 260608K, used 4990K [0x00000006c0000000, 0x00000006cfe80000, 0x000000076ab00000)
  object space 260608K, 1% used [0x00000006c0000000,0x00000006c04dfa18,0x00000006cfe80000)
 Metaspace       used 17401K, capacity 17546K, committed 17920K, reserved 1064960K
  class space    used 1636K, capacity 1689K, committed 1792K, reserved 1048576K
}

Deoptimization events (3 events):
Event: 3.608 Thread 0x00007fb4341e3000 Uncommon trap: reason=unreached action=reinterpret pc=0x000000010d6b8d70 method=com.jogamp.common.util.IntIntHashMap.get(I)I @ 19
Event: 3.608 Thread 0x00007fb4341e3000 Uncommon trap: reason=unreached action=reinterpret pc=0x000000010d6c79ac method=com.jogamp.common.nio.Buffers.isDirect(Ljava/lang/Object;)Z @ 1
Event: 3.608 Thread 0x00007fb4341e3000 Uncommon trap: reason=unreached action=reinterpret pc=0x000000010d6c7c30 method=com.jogamp.common.nio.Buffers.getDirectBufferByteOffset(Ljava/lang/Object;)I @ 1

Internal exceptions (10 events):
Event: 3.565 Thread 0x00007fb4341e3000 Exception <a 'java/security/PrivilegedActionException'> (0x000000076b10e470) thrown at [/HUDSON/workspace/8-2-build-macosx-x86_64/jdk8u5/2488/hotspot/src/share/vm/prims/jvm.cpp, line 1248]
Event: 3.571 Thread 0x00007fb4341e3000 Exception <a 'java/security/PrivilegedActionException'> (0x000000076b1161e0) thrown at [/HUDSON/workspace/8-2-build-macosx-x86_64/jdk8u5/2488/hotspot/src/share/vm/prims/jvm.cpp, line 1248]
Event: 3.607 Thread 0x00007fb4341e3000 Exception <a 'java/security/PrivilegedActionException'> (0x000000076b12f120) thrown at [/HUDSON/workspace/8-2-build-macosx-x86_64/jdk8u5/2488/hotspot/src/share/vm/prims/jvm.cpp, line 1248]
Event: 3.608 Thread 0x00007fb4341e3000 Implicit null exception at 0x000000010d6c796c to 0x000000010d6c799d
Event: 3.608 Thread 0x00007fb4341e3000 Implicit null exception at 0x000000010d6c7bec to 0x000000010d6c7c21
Event: 3.610 Thread 0x00007fb4341e3000 Exception <a 'java/security/PrivilegedActionException'> (0x000000076b13b078) thrown at [/HUDSON/workspace/8-2-build-macosx-x86_64/jdk8u5/2488/hotspot/src/share/vm/prims/jvm.cpp, line 1248]
Event: 3.612 Thread 0x00007fb4341e3000 Exception <a 'java/security/PrivilegedActionException'> (0x000000076b14ec88) thrown at [/HUDSON/workspace/8-2-build-macosx-x86_64/jdk8u5/2488/hotspot/src/share/vm/prims/jvm.cpp, line 1248]
Event: 3.612 Thread 0x00007fb4341e3000 Exception <a 'java/security/PrivilegedActionException'> (0x000000076b155e98) thrown at [/HUDSON/workspace/8-2-build-macosx-x86_64/jdk8u5/2488/hotspot/src/share/vm/prims/jvm.cpp, line 1248]
Event: 3.629 Thread 0x00007fb4341e3000 Exception <a 'java/security/PrivilegedActionException'> (0x000000076b324710) thrown at [/HUDSON/workspace/8-2-build-macosx-x86_64/jdk8u5/2488/hotspot/src/share/vm/prims/jvm.cpp, line 1248]
Event: 5.023 Thread 0x00007fb434800800 Exception <a 'java/lang/NullPointerException': null upcall object in Leap::Listener::onFrame > (0x000000076ab554c8) thrown at [/HUDSON/workspace/8-2-build-macosx-x86_64/jdk8u5/2488/hotspot/src/share/vm/prims/jni.cpp, line 742]

Events (10 events):
Event: 4.970 Executing VM operation: ParallelGCFailedAllocation
Event: 4.974 Executing VM operation: ParallelGCFailedAllocation done
Event: 5.023 Thread 0x00007fb434800800 Thread added: 0x00007fb434800800
Event: 5.023 loading class java/lang/Throwable$WrappedPrintStream
Event: 5.023 loading class java/lang/Throwable$PrintStreamOrWriter
Event: 5.023 loading class java/lang/Throwable$PrintStreamOrWriter done
Event: 5.023 loading class java/lang/Throwable$WrappedPrintStream done
Event: 5.023 loading class java/util/IdentityHashMap$KeySet
Event: 5.023 loading class java/util/IdentityHashMap$KeySet done
Event: 5.023 Thread 0x00007fb434800800 Thread exited: 0x00007fb434800800


Dynamic libraries:
0x0000000005472000 	/System/Library/Frameworks/Cocoa.framework/Versions/A/Cocoa
0x0000000005472000 	/System/Library/Frameworks/Security.framework/Versions/A/Security
0x0000000005472000 	/System/Library/Frameworks/ApplicationServices.framework/Versions/A/ApplicationServices
0x0000000005472000 	/usr/lib/libz.1.dylib
0x0000000005472000 	/usr/lib/libSystem.B.dylib
0x0000000005472000 	/usr/lib/libobjc.A.dylib
0x0000000005472000 	/System/Library/Frameworks/CoreFoundation.framework/Versions/A/CoreFoundation
0x0000000005472000 	/System/Library/Frameworks/Foundation.framework/Versions/C/Foundation
0x0000000005472000 	/System/Library/Frameworks/AppKit.framework/Versions/C/AppKit
0x0000000005472000 	/System/Library/Frameworks/CoreData.framework/Versions/A/CoreData
0x0000000005472000 	/System/Library/PrivateFrameworks/RemoteViewServices.framework/Versions/A/RemoteViewServices
0x0000000005472000 	/System/Library/PrivateFrameworks/UIFoundation.framework/Versions/A/UIFoundation
0x0000000005472000 	/usr/lib/libScreenReader.dylib
0x0000000005472000 	/System/Library/Frameworks/Accelerate.framework/Versions/A/Accelerate
0x0000000005472000 	/System/Library/Frameworks/IOSurface.framework/Versions/A/IOSurface
0x0000000005472000 	/System/Library/Frameworks/AudioToolbox.framework/Versions/A/AudioToolbox
0x0000000005472000 	/System/Library/Frameworks/AudioUnit.framework/Versions/A/AudioUnit
0x0000000005472000 	/System/Library/PrivateFrameworks/DataDetectorsCore.framework/Versions/A/DataDetectorsCore
0x0000000005472000 	/System/Library/PrivateFrameworks/DesktopServicesPriv.framework/Versions/A/DesktopServicesPriv
0x0000000005472000 	/System/Library/Frameworks/Carbon.framework/Versions/A/Frameworks/HIToolbox.framework/Versions/A/HIToolbox
0x0000000005472000 	/System/Library/Frameworks/QuartzCore.framework/Versions/A/QuartzCore
0x0000000005472000 	/System/Library/Frameworks/Carbon.framework/Versions/A/Frameworks/SpeechRecognition.framework/Versions/A/SpeechRecognition
0x0000000005472000 	/usr/lib/libauto.dylib
0x0000000005472000 	/usr/lib/libicucore.A.dylib
0x0000000005472000 	/usr/lib/libxml2.2.dylib
0x0000000005472000 	/System/Library/PrivateFrameworks/CoreUI.framework/Versions/A/CoreUI
0x0000000005472000 	/System/Library/Frameworks/CoreAudio.framework/Versions/A/CoreAudio
0x0000000005472000 	/System/Library/Frameworks/DiskArbitration.framework/Versions/A/DiskArbitration
0x0000000005472000 	/usr/lib/liblangid.dylib
0x0000000005472000 	/System/Library/PrivateFrameworks/MultitouchSupport.framework/Versions/A/MultitouchSupport
0x0000000005472000 	/System/Library/Frameworks/IOKit.framework/Versions/A/IOKit
0x0000000005472000 	/usr/lib/libDiagnosticMessagesClient.dylib
0x0000000005472000 	/System/Library/Frameworks/CoreServices.framework/Versions/A/CoreServices
0x0000000005472000 	/System/Library/PrivateFrameworks/PerformanceAnalysis.framework/Versions/A/PerformanceAnalysis
0x0000000005472000 	/System/Library/PrivateFrameworks/GenerationalStorage.framework/Versions/A/GenerationalStorage
0x0000000005472000 	/System/Library/Frameworks/OpenGL.framework/Versions/A/OpenGL
0x0000000005472000 	/System/Library/PrivateFrameworks/Sharing.framework/Versions/A/Sharing
0x0000000005472000 	/System/Library/Frameworks/CoreGraphics.framework/Versions/A/CoreGraphics
0x0000000005472000 	/System/Library/Frameworks/CoreImage.framework/Versions/A/CoreImage
0x0000000005472000 	/System/Library/Frameworks/CoreText.framework/Versions/A/CoreText
0x0000000005472000 	/System/Library/Frameworks/ImageIO.framework/Versions/A/ImageIO
0x0000000005472000 	/System/Library/PrivateFrameworks/Backup.framework/Versions/A/Backup
0x0000000005472000 	/usr/lib/libextension.dylib
0x0000000005472000 	/usr/lib/libarchive.2.dylib
0x0000000005472000 	/System/Library/Frameworks/CFNetwork.framework/Versions/A/CFNetwork
0x0000000005472000 	/System/Library/Frameworks/SystemConfiguration.framework/Versions/A/SystemConfiguration
0x0000000005472000 	/usr/lib/libCRFSuite.dylib
0x0000000005472000 	/usr/lib/libc++.1.dylib
0x0000000005472000 	/usr/lib/libc++abi.dylib
0x0000000005472000 	/usr/lib/system/libcache.dylib
0x0000000005472000 	/usr/lib/system/libcommonCrypto.dylib
0x0000000005472000 	/usr/lib/system/libcompiler_rt.dylib
0x0000000005472000 	/usr/lib/system/libcopyfile.dylib
0x0000000005472000 	/usr/lib/system/libcorecrypto.dylib
0x0000000005472000 	/usr/lib/system/libdispatch.dylib
0x0000000005472000 	/usr/lib/system/libdyld.dylib
0x0000000005472000 	/usr/lib/system/libkeymgr.dylib
0x0000000005472000 	/usr/lib/system/liblaunch.dylib
0x0000000005472000 	/usr/lib/system/libmacho.dylib
0x0000000005472000 	/usr/lib/system/libquarantine.dylib
0x0000000005472000 	/usr/lib/system/libremovefile.dylib
0x0000000005472000 	/usr/lib/system/libsystem_asl.dylib
0x0000000005472000 	/usr/lib/system/libsystem_blocks.dylib
0x0000000005472000 	/usr/lib/system/libsystem_c.dylib
0x0000000005472000 	/usr/lib/system/libsystem_configuration.dylib
0x0000000005472000 	/usr/lib/system/libsystem_coreservices.dylib
0x0000000005472000 	/usr/lib/system/libsystem_coretls.dylib
0x0000000005472000 	/usr/lib/system/libsystem_dnssd.dylib
0x0000000005472000 	/usr/lib/system/libsystem_info.dylib
0x0000000005472000 	/usr/lib/system/libsystem_kernel.dylib
0x0000000005472000 	/usr/lib/system/libsystem_m.dylib
0x0000000005472000 	/usr/lib/system/libsystem_malloc.dylib
0x0000000005472000 	/usr/lib/system/libsystem_network.dylib
0x0000000005472000 	/usr/lib/system/libsystem_networkextension.dylib
0x0000000005472000 	/usr/lib/system/libsystem_notify.dylib
0x0000000005472000 	/usr/lib/system/libsystem_platform.dylib
0x0000000005472000 	/usr/lib/system/libsystem_pthread.dylib
0x0000000005472000 	/usr/lib/system/libsystem_sandbox.dylib
0x0000000005472000 	/usr/lib/system/libsystem_secinit.dylib
0x0000000005472000 	/usr/lib/system/libsystem_trace.dylib
0x0000000005472000 	/usr/lib/system/libunc.dylib
0x0000000005472000 	/usr/lib/system/libunwind.dylib
0x0000000005472000 	/usr/lib/system/libxpc.dylib
0x0000000005472000 	/usr/lib/libenergytrace.dylib
0x0000000005472000 	/usr/lib/libbsm.0.dylib
0x0000000005472000 	/usr/lib/system/libkxld.dylib
0x0000000005472000 	/usr/lib/libxar.1.dylib
0x0000000005472000 	/usr/lib/libsqlite3.dylib
0x0000000005472000 	/usr/lib/libpam.2.dylib
0x0000000005472000 	/usr/lib/libOpenScriptingUtil.dylib
0x0000000005472000 	/usr/lib/libbz2.1.0.dylib
0x0000000005472000 	/usr/lib/liblzma.5.dylib
0x0000000005472000 	/System/Library/Frameworks/CoreServices.framework/Versions/A/Frameworks/FSEvents.framework/Versions/A/FSEvents
0x0000000005472000 	/System/Library/Frameworks/CoreServices.framework/Versions/A/Frameworks/CarbonCore.framework/Versions/A/CarbonCore
0x0000000005472000 	/System/Library/Frameworks/CoreServices.framework/Versions/A/Frameworks/Metadata.framework/Versions/A/Metadata
0x0000000005472000 	/System/Library/Frameworks/CoreServices.framework/Versions/A/Frameworks/OSServices.framework/Versions/A/OSServices
0x0000000005472000 	/System/Library/Frameworks/CoreServices.framework/Versions/A/Frameworks/SearchKit.framework/Versions/A/SearchKit
0x0000000005472000 	/System/Library/Frameworks/CoreServices.framework/Versions/A/Frameworks/AE.framework/Versions/A/AE
0x0000000005472000 	/System/Library/Frameworks/CoreServices.framework/Versions/A/Frameworks/LaunchServices.framework/Versions/A/LaunchServices
0x0000000005472000 	/System/Library/Frameworks/CoreServices.framework/Versions/A/Frameworks/DictionaryServices.framework/Versions/A/DictionaryServices
0x0000000005472000 	/System/Library/Frameworks/CoreServices.framework/Versions/A/Frameworks/SharedFileList.framework/Versions/A/SharedFileList
0x0000000005472000 	/System/Library/Frameworks/NetFS.framework/Versions/A/NetFS
0x0000000005472000 	/System/Library/PrivateFrameworks/NetAuth.framework/Versions/A/NetAuth
0x0000000005472000 	/System/Library/PrivateFrameworks/login.framework/Versions/A/Frameworks/loginsupport.framework/Versions/A/loginsupport
0x0000000005472000 	/System/Library/PrivateFrameworks/TCC.framework/Versions/A/TCC
0x0000000005472000 	/usr/lib/libmecabra.dylib
0x0000000005472000 	/System/Library/Frameworks/ApplicationServices.framework/Versions/A/Frameworks/ATS.framework/Versions/A/ATS
0x0000000005472000 	/System/Library/Frameworks/ApplicationServices.framework/Versions/A/Frameworks/ColorSync.framework/Versions/A/ColorSync
0x0000000005472000 	/System/Library/Frameworks/ApplicationServices.framework/Versions/A/Frameworks/HIServices.framework/Versions/A/HIServices
0x0000000005472000 	/System/Library/Frameworks/ApplicationServices.framework/Versions/A/Frameworks/LangAnalysis.framework/Versions/A/LangAnalysis
0x0000000005472000 	/System/Library/Frameworks/ApplicationServices.framework/Versions/A/Frameworks/PrintCore.framework/Versions/A/PrintCore
0x0000000005472000 	/System/Library/Frameworks/ApplicationServices.framework/Versions/A/Frameworks/QD.framework/Versions/A/QD
0x0000000005472000 	/System/Library/Frameworks/ApplicationServices.framework/Versions/A/Frameworks/SpeechSynthesis.framework/Versions/A/SpeechSynthesis
0x0000000005472000 	/System/Library/Frameworks/Metal.framework/Versions/A/Metal
0x0000000005472000 	/System/Library/Frameworks/Accelerate.framework/Versions/A/Frameworks/vImage.framework/Versions/A/vImage
0x0000000005472000 	/System/Library/Frameworks/Accelerate.framework/Versions/A/Frameworks/vecLib.framework/Versions/A/vecLib
0x0000000005472000 	/System/Library/Frameworks/Accelerate.framework/Versions/A/Frameworks/vecLib.framework/Versions/A/libvDSP.dylib
0x0000000005472000 	/System/Library/Frameworks/Accelerate.framework/Versions/A/Frameworks/vecLib.framework/Versions/A/libvMisc.dylib
0x0000000005472000 	/System/Library/Frameworks/Accelerate.framework/Versions/A/Frameworks/vecLib.framework/Versions/A/libLAPACK.dylib
0x0000000005472000 	/System/Library/Frameworks/Accelerate.framework/Versions/A/Frameworks/vecLib.framework/Versions/A/libBLAS.dylib
0x0000000005472000 	/System/Library/Frameworks/Accelerate.framework/Versions/A/Frameworks/vecLib.framework/Versions/A/libLinearAlgebra.dylib
0x0000000005472000 	/System/Library/Frameworks/Accelerate.framework/Versions/A/Frameworks/vecLib.framework/Versions/A/libSparseBLAS.dylib
0x0000000005472000 	/System/Library/PrivateFrameworks/GPUCompiler.framework/libmetal_timestamp.dylib
0x0000000005472000 	/System/Library/Frameworks/OpenGL.framework/Versions/A/Libraries/libCoreFSCache.dylib
0x0000000005472000 	/System/Library/PrivateFrameworks/IOAccelerator.framework/Versions/A/IOAccelerator
0x0000000005472000 	/System/Library/Frameworks/ApplicationServices.framework/Versions/A/Frameworks/ATS.framework/Versions/A/Resources/libFontParser.dylib
0x0000000005472000 	/System/Library/Frameworks/ApplicationServices.framework/Versions/A/Frameworks/ATS.framework/Versions/A/Resources/libFontRegistry.dylib
0x0000000005472000 	/System/Library/PrivateFrameworks/AppleVPA.framework/Versions/A/AppleVPA
0x0000000005472000 	/System/Library/PrivateFrameworks/AppleJPEG.framework/Versions/A/AppleJPEG
0x0000000005472000 	/System/Library/Frameworks/ImageIO.framework/Versions/A/Resources/libJPEG.dylib
0x0000000005472000 	/System/Library/Frameworks/ImageIO.framework/Versions/A/Resources/libTIFF.dylib
0x0000000005472000 	/System/Library/Frameworks/ImageIO.framework/Versions/A/Resources/libPng.dylib
0x0000000005472000 	/System/Library/Frameworks/ImageIO.framework/Versions/A/Resources/libGIF.dylib
0x0000000005472000 	/System/Library/Frameworks/ImageIO.framework/Versions/A/Resources/libJP2.dylib
0x0000000005472000 	/System/Library/Frameworks/ImageIO.framework/Versions/A/Resources/libRadiance.dylib
0x0000000005472000 	/System/Library/Frameworks/CoreVideo.framework/Versions/A/CoreVideo
0x0000000005472000 	/System/Library/Frameworks/OpenGL.framework/Versions/A/Libraries/libGLU.dylib
0x0000000005472000 	/System/Library/Frameworks/OpenGL.framework/Versions/A/Libraries/libGFXShared.dylib
0x0000000005472000 	/System/Library/Frameworks/OpenGL.framework/Versions/A/Libraries/libGL.dylib
0x0000000005472000 	/System/Library/Frameworks/OpenGL.framework/Versions/A/Libraries/libGLImage.dylib
0x0000000005472000 	/System/Library/Frameworks/OpenGL.framework/Versions/A/Libraries/libCVMSPluginSupport.dylib
0x0000000005472000 	/System/Library/Frameworks/OpenGL.framework/Versions/A/Libraries/libCoreVMClient.dylib
0x0000000005472000 	/usr/lib/libcompression.dylib
0x0000000005472000 	/usr/lib/libcups.2.dylib
0x0000000005472000 	/System/Library/Frameworks/Kerberos.framework/Versions/A/Kerberos
0x0000000005472000 	/System/Library/Frameworks/GSS.framework/Versions/A/GSS
0x0000000005472000 	/usr/lib/libresolv.9.dylib
0x0000000005472000 	/usr/lib/libiconv.2.dylib
0x0000000005472000 	/System/Library/PrivateFrameworks/Heimdal.framework/Versions/A/Heimdal
0x0000000005472000 	/usr/lib/libheimdal-asn1.dylib
0x0000000005472000 	/System/Library/Frameworks/OpenDirectory.framework/Versions/A/OpenDirectory
0x0000000005472000 	/System/Library/PrivateFrameworks/CommonAuth.framework/Versions/A/CommonAuth
0x0000000005472000 	/System/Library/Frameworks/OpenDirectory.framework/Versions/A/Frameworks/CFOpenDirectory.framework/Versions/A/CFOpenDirectory
0x0000000005472000 	/System/Library/Frameworks/SecurityFoundation.framework/Versions/A/SecurityFoundation
0x0000000005472000 	/System/Library/PrivateFrameworks/LanguageModeling.framework/Versions/A/LanguageModeling
0x0000000005472000 	/usr/lib/libmarisa.dylib
0x0000000005472000 	/usr/lib/libChineseTokenizer.dylib
0x0000000005472000 	/usr/lib/libcmph.dylib
0x0000000005472000 	/System/Library/Frameworks/ServiceManagement.framework/Versions/A/ServiceManagement
0x0000000005472000 	/usr/lib/libxslt.1.dylib
0x0000000005472000 	/System/Library/Frameworks/Carbon.framework/Versions/A/Frameworks/Ink.framework/Versions/A/Ink
0x0000000005472000 	/usr/lib/libFosl_dynamic.dylib
0x0000000005472000 	/System/Library/PrivateFrameworks/FaceCore.framework/Versions/A/FaceCore
0x0000000005472000 	/System/Library/Frameworks/OpenCL.framework/Versions/A/OpenCL
0x0000000005472000 	/System/Library/PrivateFrameworks/CrashReporterSupport.framework/Versions/A/CrashReporterSupport
0x0000000005472000 	/System/Library/PrivateFrameworks/IconServices.framework/Versions/A/IconServices
0x0000000005472000 	/System/Library/PrivateFrameworks/Apple80211.framework/Versions/A/Apple80211
0x0000000005472000 	/System/Library/Frameworks/CoreWLAN.framework/Versions/A/CoreWLAN
0x0000000005472000 	/System/Library/Frameworks/IOBluetooth.framework/Versions/A/IOBluetooth
0x0000000005472000 	/System/Library/PrivateFrameworks/CoreWiFi.framework/Versions/A/CoreWiFi
0x0000000005472000 	/System/Library/Frameworks/CoreBluetooth.framework/Versions/A/CoreBluetooth
0x0000000005472000 	/System/Library/PrivateFrameworks/ChunkingLibrary.framework/Versions/A/ChunkingLibrary
0x0000000005472000 	/System/Library/PrivateFrameworks/DebugSymbols.framework/Versions/A/DebugSymbols
0x0000000005472000 	/System/Library/PrivateFrameworks/CoreSymbolication.framework/Versions/A/CoreSymbolication
0x0000000005472000 	/System/Library/PrivateFrameworks/Symbolication.framework/Versions/A/Symbolication
0x0000000005472000 	/System/Library/PrivateFrameworks/SpeechRecognitionCore.framework/Versions/A/SpeechRecognitionCore
0x000000010c400000 	/Library/Java/JavaVirtualMachines/jdk1.8.0_05.jdk/Contents/Home/jre/lib/server/libjvm.dylib
0x0000000005472000 	/usr/lib/libstdc++.6.dylib
0x000000010b3b9000 	/Library/Java/JavaVirtualMachines/jdk1.8.0_05.jdk/Contents/Home/jre/lib/libverify.dylib
0x000000010b3c7000 	/Library/Java/JavaVirtualMachines/jdk1.8.0_05.jdk/Contents/Home/jre/lib/libjava.dylib
0x000000010d2c0000 	/Library/Java/JavaVirtualMachines/jdk1.8.0_05.jdk/Contents/Home/jre/lib/libinstrument.dylib
0x000000010d31c000 	/Library/Java/JavaVirtualMachines/jdk1.8.0_05.jdk/Contents/Home/jre/lib/libzip.dylib
0x00000001283af000 	/System/Library/Frameworks/JavaVM.framework/Frameworks/JavaRuntimeSupport.framework/JavaRuntimeSupport
0x00000001283ca000 	/System/Library/Frameworks/JavaVM.framework/Versions/A/Frameworks/JavaNativeFoundation.framework/Versions/A/JavaNativeFoundation
0x00000001283df000 	/System/Library/Frameworks/JavaVM.framework/Versions/A/JavaVM
0x0000000005472000 	/System/Library/Frameworks/Carbon.framework/Versions/A/Carbon
0x00000001283ec000 	/System/Library/PrivateFrameworks/JavaLaunching.framework/Versions/A/JavaLaunching
0x0000000005472000 	/System/Library/Frameworks/Carbon.framework/Versions/A/Frameworks/CommonPanels.framework/Versions/A/CommonPanels
0x0000000005472000 	/System/Library/Frameworks/Carbon.framework/Versions/A/Frameworks/Help.framework/Versions/A/Help
0x0000000005472000 	/System/Library/Frameworks/Carbon.framework/Versions/A/Frameworks/ImageCapture.framework/Versions/A/ImageCapture
0x0000000005472000 	/System/Library/Frameworks/Carbon.framework/Versions/A/Frameworks/OpenScripting.framework/Versions/A/OpenScripting
0x0000000005472000 	/System/Library/Frameworks/Carbon.framework/Versions/A/Frameworks/Print.framework/Versions/A/Print
0x0000000005472000 	/System/Library/Frameworks/Carbon.framework/Versions/A/Frameworks/SecurityHI.framework/Versions/A/SecurityHI
0x0000000129f0d000 	/Library/Java/JavaVirtualMachines/jdk1.8.0_05.jdk/Contents/Home/jre/lib/libnet.dylib
0x0000000129f97000 	/Library/Java/JavaVirtualMachines/jdk1.8.0_05.jdk/Contents/Home/jre/lib/libawt.dylib
0x000000012a046000 	/Library/Java/JavaVirtualMachines/jdk1.8.0_05.jdk/Contents/Home/jre/lib/./libmlib_image.dylib
0x000000012a112000 	/Library/Java/JavaVirtualMachines/jdk1.8.0_05.jdk/Contents/Home/jre/lib/libawt_lwawt.dylib
0x000000012a1c4000 	/Library/Java/JavaVirtualMachines/jdk1.8.0_05.jdk/Contents/Home/jre/lib/./libosxapp.dylib
0x0000000005472000 	/System/Library/Frameworks/ExceptionHandling.framework/Versions/A/ExceptionHandling
0x0000000005472000 	/System/Library/PrivateFrameworks/CoreServicesInternal.framework/Versions/A/CoreServicesInternal
0x0000000005472000 	/System/Library/Frameworks/CoreGraphics.framework/Versions/A/Resources/libRIP.A.dylib
0x0000000005472000 	/System/Library/Frameworks/Accelerate.framework/Versions/A/Frameworks/vImage.framework/Versions/A/Libraries/libCGInterfaces.dylib
0x0000000005472000 	/System/Library/CoreServices/RawCamera.bundle/Contents/MacOS/RawCamera
0x0000000005472000 	/System/Library/Frameworks/CoreGraphics.framework/Versions/A/Resources/libCGXType.A.dylib
0x0000000005472000 	/System/Library/Frameworks/OpenCL.framework/Versions/A/Libraries/libcldcpuengine.dylib
0x0000000005472000 	/System/Library/PrivateFrameworks/DiskImages.framework/Versions/A/DiskImages
0x0000000005472000 	/System/Library/Frameworks/DiscRecording.framework/Versions/A/DiscRecording
0x0000000005472000 	/usr/lib/libcsfde.dylib
0x0000000005472000 	/usr/lib/libcurl.4.dylib
0x0000000005472000 	/System/Library/PrivateFrameworks/MediaKit.framework/Versions/A/MediaKit
0x0000000005472000 	/System/Library/PrivateFrameworks/ProtectedCloudStorage.framework/Versions/A/ProtectedCloudStorage
0x0000000005472000 	/usr/lib/libCoreStorage.dylib
0x0000000005472000 	/System/Library/PrivateFrameworks/EFILogin.framework/Versions/A/EFILogin
0x0000000005472000 	/usr/lib/libutil.dylib
0x0000000005472000 	/System/Library/PrivateFrameworks/FindMyDevice.framework/Versions/A/FindMyDevice
0x0000000005472000 	/System/Library/Frameworks/LDAP.framework/Versions/A/LDAP
0x0000000005472000 	/usr/lib/libsasl2.2.dylib
0x0000000005472000 	/System/Library/PrivateFrameworks/CoreDaemon.framework/Versions/B/CoreDaemon
0x0000000005472000 	/usr/lib/libcrypto.0.9.8.dylib
0x0000000005472000 	/System/Library/PrivateFrameworks/AppleSRP.framework/Versions/A/AppleSRP
0x0000000005472000 	/System/Library/PrivateFrameworks/TrustEvaluationAgent.framework/Versions/A/TrustEvaluationAgent
0x000000012c842000 	cl_kernels
0x0000000005472000 	/System/Library/Frameworks/OpenCL.framework/Versions/A/Libraries/ImageFormats/unorm8_bgra.dylib
0x0000000005472000 	/System/Library/Frameworks/OpenCL.framework/Versions/A/Libraries/ImageFormats/unorm8_rgba.dylib
0x0000000005472000 	/System/Library/PrivateFrameworks/FamilyControls.framework/Versions/A/FamilyControls
0x0000000005472000 	/System/Library/PrivateFrameworks/CommerceKit.framework/Versions/A/Frameworks/CommerceCore.framework/Versions/A/CommerceCore
0x0000000005472000 	/System/Library/PrivateFrameworks/SystemAdministration.framework/Versions/A/SystemAdministration
0x0000000005472000 	/System/Library/PrivateFrameworks/AppContainer.framework/Versions/A/AppContainer
0x0000000005472000 	/System/Library/PrivateFrameworks/SecCodeWrapper.framework/Versions/A/SecCodeWrapper
0x0000000005472000 	/System/Library/Frameworks/DirectoryService.framework/Versions/A/DirectoryService
0x0000000005472000 	/System/Library/PrivateFrameworks/LoginUIKit.framework/Versions/A/Frameworks/LoginUICore.framework/Versions/A/LoginUICore
0x0000000005472000 	/usr/lib/libodfde.dylib
0x000000012dec9000 	/Library/Java/JavaVirtualMachines/jdk1.8.0_05.jdk/Contents/Home/jre/lib/libfontmanager.dylib
0x0000000005472000 	/System/Library/Frameworks/OpenGL.framework/Versions/A/Resources/GLEngine.bundle/GLEngine
0x0000000005472000 	/System/Library/Frameworks/OpenGL.framework/Versions/A/Libraries/libGLProgrammability.dylib
0x000000012df2f000 	/System/Library/Extensions/AppleIntelHD5000GraphicsGLDriver.bundle/Contents/MacOS/AppleIntelHD5000GraphicsGLDriver
0x0000000005472000 	/System/Library/PrivateFrameworks/GPUSupport.framework/Versions/A/Libraries/libGPUSupportMercury.dylib
0x000000012e67e000 	/System/Library/Extensions/AMDRadeonX4000GLDriver.bundle/Contents/MacOS/AMDRadeonX4000GLDriver
0x000000012e74a000 	/System/Library/Extensions/AMDRadeonX4000GLDriver.bundle/Contents/MacOS/ATIRadeonX4000SCLib.dylib
0x0000000005472000 	/System/Library/Frameworks/OpenGL.framework/Versions/A/Resources/GLRendererFloat.bundle/GLRendererFloat
0x000000012f062000 	/Library/Java/JavaVirtualMachines/jdk1.8.0_05.jdk/Contents/Home/jre/lib/libnio.dylib
0x000000012f071000 	/private/var/folders/y6/rr7ffgs53s7d47llq1wwk4740000gp/T/jogamp_0000/file_cache/jln6555351489258261252/jln700521184580558203/natives/macosx-universal/libgluegen-rt.jnilib
0x000000012bb48000 	/private/var/folders/y6/rr7ffgs53s7d47llq1wwk4740000gp/T/jogamp_0000/file_cache/jln6555351489258261252/jln700521184580558203/natives/macosx-universal/libnativewindow_awt.jnilib
0x000000012bb4b000 	/Library/Java/JavaVirtualMachines/jdk1.8.0_05.jdk/Contents/Home/jre/lib/libjawt.dylib
0x000000012bb4e000 	/private/var/folders/y6/rr7ffgs53s7d47llq1wwk4740000gp/T/jogamp_0000/file_cache/jln6555351489258261252/jln700521184580558203/natives/macosx-universal/libnativewindow_macosx.jnilib
0x000000012bb58000 	/private/var/folders/y6/rr7ffgs53s7d47llq1wwk4740000gp/T/jogamp_0000/file_cache/jln6555351489258261252/jln700521184580558203/natives/macosx-universal/libnewt.jnilib
0x000000012b9ac000 	/private/var/folders/y6/rr7ffgs53s7d47llq1wwk4740000gp/T/jogamp_0000/file_cache/jln6555351489258261252/jln700521184580558203/natives/macosx-universal/libjogl_desktop.jnilib
0x000000012ba80000 	/private/var/folders/y6/rr7ffgs53s7d47llq1wwk4740000gp/T/jogamp_0000/file_cache/jln6555351489258261252/jln700521184580558203/natives/macosx-universal/libjogl_mobile.jnilib
0x000000012bbdc000 	/Users/miller/Projects/LeapDeveloperKit/LeapSDK/lib/libLeapJava.dylib
0x000000012fed7000 	/Users/miller/Projects/LeapDeveloperKit/LeapSDK/lib/libLeap.dylib

VM Arguments:
jvm_args: -Djava.library.path=/Users/miller/Documents/Processing3/libraries/Syphon/library:/Users/miller/Documents/Processing3/libraries/toxiclibs/library:/Users/miller/Projects/LeapDeveloperKit/LeapSDK/lib -javaagent:/Applications/IntelliJ IDEA.app/Contents/lib/idea_rt.jar=50319:/Applications/IntelliJ IDEA.app/Contents/bin -Dfile.encoding=UTF-8 
java_command: algowave.Algowave
java_class_path (initial): /Library/Java/JavaVirtualMachines/jdk1.8.0_05.jdk/Contents/Home/jre/lib/charsets.jar:/Library/Java/JavaVirtualMachines/jdk1.8.0_05.jdk/Contents/Home/jre/lib/deploy.jar:/Library/Java/JavaVirtualMachines/jdk1.8.0_05.jdk/Contents/Home/jre/lib/ext/cldrdata.jar:/Library/Java/JavaVirtualMachines/jdk1.8.0_05.jdk/Contents/Home/jre/lib/ext/dnsns.jar:/Library/Java/JavaVirtualMachines/jdk1.8.0_05.jdk/Contents/Home/jre/lib/ext/jfxrt.jar:/Library/Java/JavaVirtualMachines/jdk1.8.0_05.jdk/Contents/Home/jre/lib/ext/localedata.jar:/Library/Java/JavaVirtualMachines/jdk1.8.0_05.jdk/Contents/Home/jre/lib/ext/nashorn.jar:/Library/Java/JavaVirtualMachines/jdk1.8.0_05.jdk/Contents/Home/jre/lib/ext/sunec.jar:/Library/Java/JavaVirtualMachines/jdk1.8.0_05.jdk/Contents/Home/jre/lib/ext/sunjce_provider.jar:/Library/Java/JavaVirtualMachines/jdk1.8.0_05.jdk/Contents/Home/jre/lib/ext/sunpkcs11.jar:/Library/Java/JavaVirtualMachines/jdk1.8.0_05.jdk/Contents/Home/jre/lib/ext/zipfs.jar:/Library/Java/JavaVirtualMachines/jdk1.8.0_05.jdk/Contents/Home/jre/lib/htmlconverter.jar:/Library/Java/JavaVirtualMachines/jdk1.8.0_05.jdk/Contents/Home/jre/lib/javaws.jar:/Library/Java/JavaVirtualMachines/jdk1.8.0_05.jdk/Contents/Home/jre/lib/jce.jar:/Library/Java/JavaVirtualMachines/jdk1.8.0_05.jdk/Contents/Home/jre/lib/jfr.jar:/Library/Java/JavaVirtualMachines/jdk1.8.0_05.jdk/Contents/Home/jre/lib/jfxswt.jar:/Library/Java/JavaVirtualMachines/jdk1.8.0_05.jdk/Contents/Home/jre/lib/jsse.jar:/Library/Java/JavaVirtualMachines/jdk1.8.0_05.jdk/Contents/Home/jre/lib/management-agent.jar:/Library/Java/JavaVirtualMachines/jdk1.8.0_05.jdk/Contents/Home/jre/lib/plugin.jar:/Library/Java/JavaVirtualMachines/jdk1.8.0_05.jdk/Contents/Home/jre/lib/resources.jar:/Library/Java/JavaVirtualMachines/jdk1.8.0_05.jdk/Contents/Home/jre/lib/rt.jar:/Library/Java/JavaVirtualMachines/jdk1.8.0_05.jdk/Contents/Home/lib/ant-javafx.jar:/Library/Java/JavaVirtualMachines/jdk1.8.0_05.jdk/Contents/Home/lib/dt.jar:/Library/
Launcher Type: SUN_STANDARD

Environment Variables:
PATH=/opt/apache-maven-3.3.9/bin:/opt/local/bin:/opt/local/sbin:/opt/local/bin:/opt/local/sbin:/Users/miller/.rvm/gems/ruby-1.9.2-p290/bin:/Users/miller/.rvm/gems/ruby-1.9.2-p290@global/bin:/Users/miller/.rvm/rubies/ruby-1.9.2-p290/bin:/Users/miller/.rvm/bin:/usr/local/bin:/usr/local/bin:/usr/bin:/bin:/usr/sbin:/sbin:/opt/X11/bin:/usr/local/git/bin:/usr/local/go/bin:/usr/local/bin/haxe:/usr/local/bin/haxelib:/Library/PostgreSQL/8.3/bin:/usr/local/bin/activator-1.2.3-minimal/
SHELL=/bin/bash
DISPLAY=/private/tmp/com.apple.launchd.NSi1668sVR/org.macosforge.xquartz:0

Signal Handlers:
SIGSEGV: [libjvm.dylib+0x55f7df], sa_mask[0]=0xfffefeff, sa_flags=0x00000043
SIGBUS: [libjvm.dylib+0x55f7df], sa_mask[0]=0xfffefeff, sa_flags=0x00000042
SIGFPE: [libjvm.dylib+0x442cfa], sa_mask[0]=0xfffefeff, sa_flags=0x00000042
SIGPIPE: [libjvm.dylib+0x442cfa], sa_mask[0]=0xfffefeff, sa_flags=0x00000042
SIGXFSZ: [libjvm.dylib+0x442cfa], sa_mask[0]=0xfffefeff, sa_flags=0x00000042
SIGILL: [libjvm.dylib+0x442cfa], sa_mask[0]=0xfffefeff, sa_flags=0x00000042
SIGUSR1: SIG_DFL, sa_mask[0]=0x00000000, sa_flags=0x00000000
SIGUSR2: [libjvm.dylib+0x442818], sa_mask[0]=0x00000004, sa_flags=0x00000042
SIGHUP: [libjvm.dylib+0x440ba5], sa_mask[0]=0xfffefeff, sa_flags=0x00000042
SIGINT: [libjvm.dylib+0x440ba5], sa_mask[0]=0xfffefeff, sa_flags=0x00000042
SIGTERM: [libjvm.dylib+0x440ba5], sa_mask[0]=0xfffefeff, sa_flags=0x00000042
SIGQUIT: [libjvm.dylib+0x440ba5], sa_mask[0]=0xfffefeff, sa_flags=0x00000042


---------------  S Y S T E M  ---------------

OS:Bsduname:Darwin 15.6.0 Darwin Kernel Version 15.6.0: Mon Oct  2 22:20:08 PDT 2017; root:xnu-3248.71.4~1/RELEASE_X86_64 x86_64
rlimit: STACK 8192k, CORE 0k, NPROC 709, NOFILE 10240, AS infinity
load average:1.88 1.95 1.97

CPU:total 8 (4 cores per cpu, 2 threads per core) family 6 model 70 stepping 1, cmov, cx8, fxsr, mmx, sse, sse2, sse3, ssse3, sse4.1, sse4.2, popcnt, avx, avx2, aes, clmul, erms, ht, tsc, tscinvbit

Memory: 4k page, physical 16777216k(2257648k free)

/proc/meminfo:


vm_info: Java HotSpot(TM) 64-Bit Server VM (25.5-b02) for bsd-amd64 JRE (1.8.0_05-b13), built on Mar 18 2014 00:36:13 by "java_re" with gcc 4.2.1 (Based on Apple Inc. build 5658) (LLVM build 2336.11.00)

time: Thu Feb 15 08:02:35 2018
elapsed time: 5 seconds

