#
# A fatal error has been detected by the Java Runtime Environment:
#
#  SIGSEGV (0xb) at pc=0x000000012dcbe99b, pid=2735, tid=68867
#
# JRE version: Java(TM) SE Runtime Environment (8.0_05-b13) (build 1.8.0_05-b13)
# Java VM: Java HotSpot(TM) 64-Bit Server VM (25.5-b02 mixed mode bsd-amd64 compressed oops)
# Problematic frame:
# C  [libLeap.dylib+0x2799b]  _ZNK4Leap14InteractionBox9toCStringEv+0x2d4b
#
# Failed to write core dump. Core dumps have been disabled. To enable core dumping, try "ulimit -c unlimited" before starting Java again
#
# If you would like to submit a bug report, please visit:
#   http://bugreport.sun.com/bugreport/crash.jsp
#

---------------  T H R E A D  ---------------

Current thread is native thread

siginfo:si_signo=SIGSEGV: si_errno=0, si_code=1 (SEGV_MAPERR), si_addr=0x0000000000000071

Registers:
RAX=0x0000000000000041, RBX=0x00007fb1fad8ef20, RCX=0x0000140000000000, RDX=0x00007fb1fdfbe520
RSP=0x000070000251adb0, RBP=0x000070000251aec0, RSI=0x0000140000001400, RDI=0x000070000251ae28
R8 =0x00000000fffffffc, R9 =0x00007fb1fdfbe518, R10=0x00000000ffffffff, R11=0xffffffff00000000
R12=0x00007fb1fdfb5ce0, R13=0x00007fb1fad8eef0, R14=0x00007fb1fd989d90, R15=0x0000000000000001
RIP=0x000000012dcbe99b, EFLAGS=0x0000000000010202, ERR=0x0000000000000004
  TRAPNO=0x000000000000000e

Top of Stack: (sp=0x000070000251adb0)
0x000070000251adb0:   0000000000001400 00007fb1fc241e70
0x000070000251adc0:   00007fb1fc241e40 00007fb1fc2421a0
0x000070000251add0:   00007fb1fc2422f8 00007fb1fc242120
0x000070000251ade0:   00007fb1fc242160 00007fb1fc242320
0x000070000251adf0:   00007fb1fc2420e0 000000010000ffff
0x000070000251ae00:   00007fb1fc241e18 00007fb1fc241c00
0x000070000251ae10:   0000000000000000 0000000000000000
0x000070000251ae20:   0000000100000000 00007fb1fad8ef20
0x000070000251ae30:   00007fb1fad8ef20 0000000000000001
0x000070000251ae40:   00007fb1fad8eef0 00007fb1fad8eef0
0x000070000251ae50:   0000000000000001 00007fb1fdfc0630
0x000070000251ae60:   00007fb1fc241e40 00007fb1fdfbf920
0x000070000251ae70:   00007fb1fc242160 0000000000000001
0x000070000251ae80:   00007fb1fc241e70 00007fb1fdfbfb00
0x000070000251ae90:   000070000251ae48 0000000000000000
0x000070000251aea0:   00007fff79a0cc08 0000000000010d03
0x000070000251aeb0:   00007fb1fd979a60 00007fb1fdfc0630
0x000070000251aec0:   000070000251aef0 000000012dcc8161
0x000070000251aed0:   000070000251b000 00000000000008ff
0x000070000251aee0:   00007fb1fd979a60 000000012dcc80f0
0x000070000251aef0:   000070000251af10 00007fff91de999d
0x000070000251af00:   0000000000010d03 000070000251b000
0x000070000251af10:   000070000251af50 00007fff91de991a
0x000070000251af20:   0000000000000000 0000000000000000
0x000070000251af30:   0000000000000000 0000000000000000
0x000070000251af40:   0000000000000000 0000000000000000
0x000070000251af50:   000070000251af78 00007fff91de7351
0x000070000251af60:   0000000000000000 0000000000000000
0x000070000251af70:   0000000000000000 0000000000000000
0x000070000251af80:   0000000000000000 0000000000000000
0x000070000251af90:   0000000000000000 0000000000000000
0x000070000251afa0:   0000000000000000 0000000000000000 

Instructions: (pc=0x000000012dcbe99b)
0x000000012dcbe97b:   83 bd 50 ff ff ff 00 74 0f 49 8b 06 48 8b 40 60
0x000000012dcbe98b:   4c 89 f7 4c 89 e6 ff d0 45 85 ff 74 0f 49 8b 06
0x000000012dcbe99b:   48 8b 40 30 4c 89 f7 4c 89 e6 ff d0 48 8b 43 08
0x000000012dcbe9ab:   48 85 c0 74 10 48 89 c3 48 8b 03 48 85 c0 75 f5 

Register to memory mapping:

RAX=0x0000000000000041 is an unknown value
RBX=0x00007fb1fad8ef20 is an unknown value
RCX=0x0000140000000000 is an unknown value
RDX=0x00007fb1fdfbe520 is an unknown value
RSP=0x000070000251adb0 is an unknown value
RBP=0x000070000251aec0 is an unknown value
RSI=0x0000140000001400 is an unknown value
RDI=0x000070000251ae28 is an unknown value
R8 =0x00000000fffffffc is an unknown value
R9 =0x00007fb1fdfbe518 is an unknown value
R10=0x00000000ffffffff is an unknown value
R11=0xffffffff00000000 is an unknown value
R12=0x00007fb1fdfb5ce0 is an unknown value
R13=0x00007fb1fad8eef0 is an unknown value
R14=0x00007fb1fd989d90 is an unknown value
R15=0x0000000000000001 is an unknown value


Stack: [0x000070000249b000,0x000070000251b000],  sp=0x000070000251adb0,  free space=511k
Native frames: (J=compiled Java code, j=interpreted, Vv=VM code, C=native code)
C  [libLeap.dylib+0x2799b]  _ZNK4Leap14InteractionBox9toCStringEv+0x2d4b
C  [libLeap.dylib+0x31161]  _ZNK4Leap14InteractionBox9toCStringEv+0xc511
C  [libsystem_pthread.dylib+0x399d]  _pthread_body+0x83
C  [libsystem_pthread.dylib+0x391a]  _pthread_body+0x0
C  [libsystem_pthread.dylib+0x1351]  thread_start+0xd


---------------  P R O C E S S  ---------------

VM state:not at safepoint (normal execution)

VM Mutex/Monitor currently owned by a thread: None

Heap:
 PSYoungGen      total 23040K, used 2064K [0x000000076ab00000, 0x000000076c480000, 0x00000007c0000000)
  eden space 19968K, 1% used [0x000000076ab00000,0x000000076ab57ec0,0x000000076be80000)
  from space 3072K, 55% used [0x000000076c180000,0x000000076c32c468,0x000000076c480000)
  to   space 3072K, 0% used [0x000000076be80000,0x000000076be80000,0x000000076c180000)
 ParOldGen       total 260608K, used 5024K [0x00000006c0000000, 0x00000006cfe80000, 0x000000076ab00000)
  object space 260608K, 1% used [0x00000006c0000000,0x00000006c04e81f8,0x00000006cfe80000)
 Metaspace       used 17403K, capacity 17546K, committed 17920K, reserved 1064960K
  class space    used 1632K, capacity 1689K, committed 1792K, reserved 1048576K

Card table byte_map: [0x000000011a880000,0x000000011b081000] byte_map_base: 0x0000000117280000

Marking Bits: (ParMarkBitMap*) 0x000000010ae660a0
 Begin Bits: [0x000000011b5d7000, 0x000000011f5d7000)
 End Bits:   [0x000000011f5d7000, 0x00000001235d7000)

Polling page: 0x0000000109583000

CodeCache: size=245760Kb used=4567Kb max_used=4567Kb free=241192Kb
 bounds [0x000000010b4c0000, 0x000000010b940000, 0x000000011a4c0000]
 total_blobs=2049 nmethods=1183 adapters=782
 compilation: enabled

Compilation events (10 events):
Event: 3.120 Thread 0x00007fb1fb056800 1175       3       controlP5.ControllerGroup::x (11 bytes)
Event: 3.120 Thread 0x00007fb1fb056800 nmethod 1175 0x000000010b931e90 code [0x000000010b931fe0, 0x000000010b932170]
Event: 3.120 Thread 0x00007fb1fb056800 1176       3       controlP5.ControllerGroup::y (12 bytes)
Event: 3.121 Thread 0x00007fb1fb056800 nmethod 1176 0x000000010b932250 code [0x000000010b9323a0, 0x000000010b932530]
Event: 3.139 Thread 0x00007fb1fb056800 1177       3       processing.opengl.PJOGL::clearDepth (12 bytes)
Event: 3.140 Thread 0x00007fb1fb056800 nmethod 1177 0x000000010b932610 code [0x000000010b932780, 0x000000010b9329a8]
Event: 3.140 Thread 0x00007fb1fb056800 1179       3       processing.core.PGraphics::textFont (67 bytes)
Event: 3.141 Thread 0x00007fb1fb056800 nmethod 1179 0x000000010b932a90 code [0x000000010b932d00, 0x000000010b933c08]
Event: 3.141 Thread 0x00007fb1fb056800 1178       3       jogamp.opengl.gl4.GL4bcImpl::glClearDepth (43 bytes)
Event: 3.142 Thread 0x00007fb1fb056800 nmethod 1178 0x000000010b934390 code [0x000000010b9345e0, 0x000000010b9352e8]

GC Heap History (10 events):
Event: 0.465 GC heap before
{Heap before GC invocations=8 (full 0):
 PSYoungGen      total 5120K, used 5102K [0x000000076ab00000, 0x000000076b600000, 0x00000007c0000000)
  eden space 4096K, 99% used [0x000000076ab00000,0x000000076aeffa60,0x000000076af00000)
  from space 1024K, 98% used [0x000000076af00000,0x000000076affc010,0x000000076b000000)
  to   space 1536K, 0% used [0x000000076b480000,0x000000076b480000,0x000000076b600000)
 ParOldGen       total 260608K, used 1202K [0x00000006c0000000, 0x00000006cfe80000, 0x000000076ab00000)
  object space 260608K, 0% used [0x00000006c0000000,0x00000006c012cba0,0x00000006cfe80000)
 Metaspace       used 9621K, capacity 9766K, committed 10112K, reserved 1058816K
  class space    used 990K, capacity 1046K, committed 1152K, reserved 1048576K
Event: 0.467 GC heap after
Heap after GC invocations=8 (full 0):
 PSYoungGen      total 9216K, used 1525K [0x000000076ab00000, 0x000000076b700000, 0x00000007c0000000)
  eden space 7680K, 0% used [0x000000076ab00000,0x000000076ab00000,0x000000076b280000)
  from space 1536K, 99% used [0x000000076b480000,0x000000076b5fd6e8,0x000000076b600000)
  to   space 2048K, 0% used [0x000000076b280000,0x000000076b280000,0x000000076b480000)
 ParOldGen       total 260608K, used 1440K [0x00000006c0000000, 0x00000006cfe80000, 0x000000076ab00000)
  object space 260608K, 0% used [0x00000006c0000000,0x00000006c0168150,0x00000006cfe80000)
 Metaspace       used 9621K, capacity 9766K, committed 10112K, reserved 1058816K
  class space    used 990K, capacity 1046K, committed 1152K, reserved 1048576K
}
Event: 0.593 GC heap before
{Heap before GC invocations=9 (full 0):
 PSYoungGen      total 9216K, used 9205K [0x000000076ab00000, 0x000000076b700000, 0x00000007c0000000)
  eden space 7680K, 100% used [0x000000076ab00000,0x000000076b280000,0x000000076b280000)
  from space 1536K, 99% used [0x000000076b480000,0x000000076b5fd6e8,0x000000076b600000)
  to   space 2048K, 0% used [0x000000076b280000,0x000000076b280000,0x000000076b480000)
 ParOldGen       total 260608K, used 1440K [0x00000006c0000000, 0x00000006cfe80000, 0x000000076ab00000)
  object space 260608K, 0% used [0x00000006c0000000,0x00000006c0168150,0x00000006cfe80000)
 Metaspace       used 11419K, capacity 11526K, committed 11776K, reserved 1060864K
  class space    used 1231K, capacity 1270K, committed 1280K, reserved 1048576K
Event: 0.595 GC heap after
Heap after GC invocations=9 (full 0):
 PSYoungGen      total 9728K, used 1809K [0x000000076ab00000, 0x000000076bb00000, 0x00000007c0000000)
  eden space 7680K, 0% used [0x000000076ab00000,0x000000076ab00000,0x000000076b280000)
  from space 2048K, 88% used [0x000000076b280000,0x000000076b4444a8,0x000000076b480000)
  to   space 2048K, 0% used [0x000000076b900000,0x000000076b900000,0x000000076bb00000)
 ParOldGen       total 260608K, used 1860K [0x00000006c0000000, 0x00000006cfe80000, 0x000000076ab00000)
  object space 260608K, 0% used [0x00000006c0000000,0x00000006c01d1180,0x00000006cfe80000)
 Metaspace       used 11419K, capacity 11526K, committed 11776K, reserved 1060864K
  class space    used 1231K, capacity 1270K, committed 1280K, reserved 1048576K
}
Event: 0.785 GC heap before
{Heap before GC invocations=10 (full 0):
 PSYoungGen      total 9728K, used 9325K [0x000000076ab00000, 0x000000076bb00000, 0x00000007c0000000)
  eden space 7680K, 97% used [0x000000076ab00000,0x000000076b257008,0x000000076b280000)
  from space 2048K, 88% used [0x000000076b280000,0x000000076b4444a8,0x000000076b480000)
  to   space 2048K, 0% used [0x000000076b900000,0x000000076b900000,0x000000076bb00000)
 ParOldGen       total 260608K, used 1860K [0x00000006c0000000, 0x00000006cfe80000, 0x000000076ab00000)
  object space 260608K, 0% used [0x00000006c0000000,0x00000006c01d1180,0x00000006cfe80000)
 Metaspace       used 14178K, capacity 14284K, committed 14464K, reserved 1062912K
  class space    used 1343K, capacity 1396K, committed 1408K, reserved 1048576K
Event: 0.788 GC heap after
Heap after GC invocations=10 (full 0):
 PSYoungGen      total 14336K, used 1201K [0x000000076ab00000, 0x000000076bb00000, 0x00000007c0000000)
  eden space 12288K, 0% used [0x000000076ab00000,0x000000076ab00000,0x000000076b700000)
  from space 2048K, 58% used [0x000000076b900000,0x000000076ba2c5d8,0x000000076bb00000)
  to   space 2048K, 0% used [0x000000076b700000,0x000000076b700000,0x000000076b900000)
 ParOldGen       total 260608K, used 2364K [0x00000006c0000000, 0x00000006cfe80000, 0x000000076ab00000)
  object space 260608K, 0% used [0x00000006c0000000,0x00000006c024f1a0,0x00000006cfe80000)
 Metaspace       used 14178K, capacity 14284K, committed 14464K, reserved 1062912K
  class space    used 1343K, capacity 1396K, committed 1408K, reserved 1048576K
}
Event: 1.470 GC heap before
{Heap before GC invocations=11 (full 0):
 PSYoungGen      total 14336K, used 13489K [0x000000076ab00000, 0x000000076bb00000, 0x00000007c0000000)
  eden space 12288K, 100% used [0x000000076ab00000,0x000000076b700000,0x000000076b700000)
  from space 2048K, 58% used [0x000000076b900000,0x000000076ba2c5d8,0x000000076bb00000)
  to   space 2048K, 0% used [0x000000076b700000,0x000000076b700000,0x000000076b900000)
 ParOldGen       total 260608K, used 2364K [0x00000006c0000000, 0x00000006cfe80000, 0x000000076ab00000)
  object space 260608K, 0% used [0x00000006c0000000,0x00000006c024f1a0,0x00000006cfe80000)
 Metaspace       used 15700K, capacity 15826K, committed 16128K, reserved 1064960K
  class space    used 1483K, capacity 1525K, committed 1536K, reserved 1048576K
Event: 1.473 GC heap after
Heap after GC invocations=11 (full 0):
 PSYoungGen      total 14336K, used 2023K [0x000000076ab00000, 0x000000076c480000, 0x00000007c0000000)
  eden space 12288K, 0% used [0x000000076ab00000,0x000000076ab00000,0x000000076b700000)
  from space 2048K, 98% used [0x000000076b700000,0x000000076b8f9ce8,0x000000076b900000)
  to   space 3072K, 0% used [0x000000076c180000,0x000000076c180000,0x000000076c480000)
 ParOldGen       total 260608K, used 3313K [0x00000006c0000000, 0x00000006cfe80000, 0x000000076ab00000)
  object space 260608K, 1% used [0x00000006c0000000,0x00000006c033c520,0x00000006cfe80000)
 Metaspace       used 15700K, capacity 15826K, committed 16128K, reserved 1064960K
  class space    used 1483K, capacity 1525K, committed 1536K, reserved 1048576K
}
Event: 2.977 GC heap before
{Heap before GC invocations=12 (full 0):
 PSYoungGen      total 14336K, used 14311K [0x000000076ab00000, 0x000000076c480000, 0x00000007c0000000)
  eden space 12288K, 100% used [0x000000076ab00000,0x000000076b700000,0x000000076b700000)
  from space 2048K, 98% used [0x000000076b700000,0x000000076b8f9ce8,0x000000076b900000)
  to   space 3072K, 0% used [0x000000076c180000,0x000000076c180000,0x000000076c480000)
 ParOldGen       total 260608K, used 3313K [0x00000006c0000000, 0x00000006cfe80000, 0x000000076ab00000)
  object space 260608K, 1% used [0x00000006c0000000,0x00000006c033c520,0x00000006cfe80000)
 Metaspace       used 17396K, capacity 17546K, committed 17920K, reserved 1064960K
  class space    used 1632K, capacity 1689K, committed 1792K, reserved 1048576K
Event: 2.981 GC heap after
Heap after GC invocations=12 (full 0):
 PSYoungGen      total 23040K, used 1713K [0x000000076ab00000, 0x000000076c480000, 0x00000007c0000000)
  eden space 19968K, 0% used [0x000000076ab00000,0x000000076ab00000,0x000000076be80000)
  from space 3072K, 55% used [0x000000076c180000,0x000000076c32c468,0x000000076c480000)
  to   space 3072K, 0% used [0x000000076be80000,0x000000076be80000,0x000000076c180000)
 ParOldGen       total 260608K, used 5024K [0x00000006c0000000, 0x00000006cfe80000, 0x000000076ab00000)
  object space 260608K, 1% used [0x00000006c0000000,0x00000006c04e81f8,0x00000006cfe80000)
 Metaspace       used 17396K, capacity 17546K, committed 17920K, reserved 1064960K
  class space    used 1632K, capacity 1689K, committed 1792K, reserved 1048576K
}

Deoptimization events (8 events):
Event: 0.497 Thread 0x00007fb1fd001000 Uncommon trap: reason=unreached action=reinterpret pc=0x000000010b6e75d8 method=java.util.zip.ZipCoder.encoder()Ljava/nio/charset/CharsetEncoder; @ 4
Event: 1.088 Thread 0x00007fb1fd001000 Uncommon trap: reason=class_check action=maybe_recompile pc=0x000000010b819524 method=com.jogamp.common.os.NativeLibrary.dynamicLookupFunction(Ljava/lang/String;)J @ 28
Event: 1.088 Thread 0x00007fb1fd001000 Uncommon trap: reason=class_check action=maybe_recompile pc=0x000000010b819524 method=com.jogamp.common.os.NativeLibrary.dynamicLookupFunction(Ljava/lang/String;)J @ 28
Event: 1.089 Thread 0x00007fb1fd001000 Uncommon trap: reason=class_check action=maybe_recompile pc=0x000000010b819524 method=com.jogamp.common.os.NativeLibrary.dynamicLookupFunction(Ljava/lang/String;)J @ 28
Event: 1.089 Thread 0x00007fb1fd001000 Uncommon trap: reason=class_check action=maybe_recompile pc=0x000000010b819524 method=com.jogamp.common.os.NativeLibrary.dynamicLookupFunction(Ljava/lang/String;)J @ 28
Event: 1.624 Thread 0x00007fb1fb8ce000 Uncommon trap: reason=unreached action=reinterpret pc=0x000000010b85a630 method=com.jogamp.common.util.IntIntHashMap.get(I)I @ 19
Event: 1.624 Thread 0x00007fb1fb8ce000 Uncommon trap: reason=unreached action=reinterpret pc=0x000000010b868aac method=com.jogamp.common.nio.Buffers.isDirect(Ljava/lang/Object;)Z @ 1
Event: 1.624 Thread 0x00007fb1fb8ce000 Uncommon trap: reason=unreached action=reinterpret pc=0x000000010b857170 method=com.jogamp.common.nio.Buffers.getDirectBufferByteOffset(Ljava/lang/Object;)I @ 1

Internal exceptions (10 events):
Event: 1.580 Thread 0x00007fb1fb8ce000 Exception <a 'java/security/PrivilegedActionException'> (0x000000076b1070d8) thrown at [/HUDSON/workspace/8-2-build-macosx-x86_64/jdk8u5/2488/hotspot/src/share/vm/prims/jvm.cpp, line 1248]
Event: 1.581 Thread 0x00007fb1fb8ce000 Exception <a 'java/security/PrivilegedActionException'> (0x000000076b10e848) thrown at [/HUDSON/workspace/8-2-build-macosx-x86_64/jdk8u5/2488/hotspot/src/share/vm/prims/jvm.cpp, line 1248]
Event: 1.587 Thread 0x00007fb1fb8ce000 Exception <a 'java/security/PrivilegedActionException'> (0x000000076b1165b8) thrown at [/HUDSON/workspace/8-2-build-macosx-x86_64/jdk8u5/2488/hotspot/src/share/vm/prims/jvm.cpp, line 1248]
Event: 1.624 Thread 0x00007fb1fb8ce000 Exception <a 'java/security/PrivilegedActionException'> (0x000000076b12f4f8) thrown at [/HUDSON/workspace/8-2-build-macosx-x86_64/jdk8u5/2488/hotspot/src/share/vm/prims/jvm.cpp, line 1248]
Event: 1.624 Thread 0x00007fb1fb8ce000 Implicit null exception at 0x000000010b868a6c to 0x000000010b868a9d
Event: 1.624 Thread 0x00007fb1fb8ce000 Implicit null exception at 0x000000010b85712c to 0x000000010b857161
Event: 1.627 Thread 0x00007fb1fb8ce000 Exception <a 'java/security/PrivilegedActionException'> (0x000000076b13b450) thrown at [/HUDSON/workspace/8-2-build-macosx-x86_64/jdk8u5/2488/hotspot/src/share/vm/prims/jvm.cpp, line 1248]
Event: 1.628 Thread 0x00007fb1fb8ce000 Exception <a 'java/security/PrivilegedActionException'> (0x000000076b14f060) thrown at [/HUDSON/workspace/8-2-build-macosx-x86_64/jdk8u5/2488/hotspot/src/share/vm/prims/jvm.cpp, line 1248]
Event: 1.629 Thread 0x00007fb1fb8ce000 Exception <a 'java/security/PrivilegedActionException'> (0x000000076b156270) thrown at [/HUDSON/workspace/8-2-build-macosx-x86_64/jdk8u5/2488/hotspot/src/share/vm/prims/jvm.cpp, line 1248]
Event: 1.644 Thread 0x00007fb1fb8ce000 Exception <a 'java/security/PrivilegedActionException'> (0x000000076b2d2668) thrown at [/HUDSON/workspace/8-2-build-macosx-x86_64/jdk8u5/2488/hotspot/src/share/vm/prims/jvm.cpp, line 1248]

Events (10 events):
Event: 2.655 Thread 0x00007fb1fb0ed800 Thread added: 0x00007fb1fb0ed800
Event: 2.655 Thread 0x00007fb1fb0ed800 Thread exited: 0x00007fb1fb0ed800
Event: 2.754 Thread 0x00007fb1fb2bc000 Thread added: 0x00007fb1fb2bc000
Event: 2.755 Thread 0x00007fb1fb2bc000 Thread exited: 0x00007fb1fb2bc000
Event: 2.854 Thread 0x00007fb1fb9ae000 Thread added: 0x00007fb1fb9ae000
Event: 2.854 Thread 0x00007fb1fb9ae000 Thread exited: 0x00007fb1fb9ae000
Event: 2.955 Thread 0x00007fb1fc25e800 Thread added: 0x00007fb1fc25e800
Event: 2.955 Thread 0x00007fb1fc25e800 Thread exited: 0x00007fb1fc25e800
Event: 2.977 Executing VM operation: ParallelGCFailedAllocation
Event: 2.981 Executing VM operation: ParallelGCFailedAllocation done


Dynamic libraries:
0x0000000005472000 	/System/Library/Frameworks/Cocoa.framework/Versions/A/Cocoa
0x0000000005472000 	/System/Library/Frameworks/Security.framework/Versions/A/Security
0x0000000005472000 	/System/Library/Frameworks/ApplicationServices.framework/Versions/A/ApplicationServices
0x0000000005472000 	/usr/lib/libz.1.dylib
0x0000000005472000 	/usr/lib/libSystem.B.dylib
0x0000000005472000 	/usr/lib/libobjc.A.dylib
0x0000000005472000 	/System/Library/Frameworks/CoreFoundation.framework/Versions/A/CoreFoundation
0x0000000005472000 	/System/Library/Frameworks/Foundation.framework/Versions/C/Foundation
0x0000000005472000 	/System/Library/Frameworks/AppKit.framework/Versions/C/AppKit
0x0000000005472000 	/System/Library/Frameworks/CoreData.framework/Versions/A/CoreData
0x0000000005472000 	/System/Library/PrivateFrameworks/RemoteViewServices.framework/Versions/A/RemoteViewServices
0x0000000005472000 	/System/Library/PrivateFrameworks/UIFoundation.framework/Versions/A/UIFoundation
0x0000000005472000 	/usr/lib/libScreenReader.dylib
0x0000000005472000 	/System/Library/Frameworks/Accelerate.framework/Versions/A/Accelerate
0x0000000005472000 	/System/Library/Frameworks/IOSurface.framework/Versions/A/IOSurface
0x0000000005472000 	/System/Library/Frameworks/AudioToolbox.framework/Versions/A/AudioToolbox
0x0000000005472000 	/System/Library/Frameworks/AudioUnit.framework/Versions/A/AudioUnit
0x0000000005472000 	/System/Library/PrivateFrameworks/DataDetectorsCore.framework/Versions/A/DataDetectorsCore
0x0000000005472000 	/System/Library/PrivateFrameworks/DesktopServicesPriv.framework/Versions/A/DesktopServicesPriv
0x0000000005472000 	/System/Library/Frameworks/Carbon.framework/Versions/A/Frameworks/HIToolbox.framework/Versions/A/HIToolbox
0x0000000005472000 	/System/Library/Frameworks/QuartzCore.framework/Versions/A/QuartzCore
0x0000000005472000 	/System/Library/Frameworks/Carbon.framework/Versions/A/Frameworks/SpeechRecognition.framework/Versions/A/SpeechRecognition
0x0000000005472000 	/usr/lib/libauto.dylib
0x0000000005472000 	/usr/lib/libicucore.A.dylib
0x0000000005472000 	/usr/lib/libxml2.2.dylib
0x0000000005472000 	/System/Library/PrivateFrameworks/CoreUI.framework/Versions/A/CoreUI
0x0000000005472000 	/System/Library/Frameworks/CoreAudio.framework/Versions/A/CoreAudio
0x0000000005472000 	/System/Library/Frameworks/DiskArbitration.framework/Versions/A/DiskArbitration
0x0000000005472000 	/usr/lib/liblangid.dylib
0x0000000005472000 	/System/Library/PrivateFrameworks/MultitouchSupport.framework/Versions/A/MultitouchSupport
0x0000000005472000 	/System/Library/Frameworks/IOKit.framework/Versions/A/IOKit
0x0000000005472000 	/usr/lib/libDiagnosticMessagesClient.dylib
0x0000000005472000 	/System/Library/Frameworks/CoreServices.framework/Versions/A/CoreServices
0x0000000005472000 	/System/Library/PrivateFrameworks/PerformanceAnalysis.framework/Versions/A/PerformanceAnalysis
0x0000000005472000 	/System/Library/PrivateFrameworks/GenerationalStorage.framework/Versions/A/GenerationalStorage
0x0000000005472000 	/System/Library/Frameworks/OpenGL.framework/Versions/A/OpenGL
0x0000000005472000 	/System/Library/PrivateFrameworks/Sharing.framework/Versions/A/Sharing
0x0000000005472000 	/System/Library/Frameworks/CoreGraphics.framework/Versions/A/CoreGraphics
0x0000000005472000 	/System/Library/Frameworks/CoreImage.framework/Versions/A/CoreImage
0x0000000005472000 	/System/Library/Frameworks/CoreText.framework/Versions/A/CoreText
0x0000000005472000 	/System/Library/Frameworks/ImageIO.framework/Versions/A/ImageIO
0x0000000005472000 	/System/Library/PrivateFrameworks/Backup.framework/Versions/A/Backup
0x0000000005472000 	/usr/lib/libextension.dylib
0x0000000005472000 	/usr/lib/libarchive.2.dylib
0x0000000005472000 	/System/Library/Frameworks/CFNetwork.framework/Versions/A/CFNetwork
0x0000000005472000 	/System/Library/Frameworks/SystemConfiguration.framework/Versions/A/SystemConfiguration
0x0000000005472000 	/usr/lib/libCRFSuite.dylib
0x0000000005472000 	/usr/lib/libc++.1.dylib
0x0000000005472000 	/usr/lib/libc++abi.dylib
0x0000000005472000 	/usr/lib/system/libcache.dylib
0x0000000005472000 	/usr/lib/system/libcommonCrypto.dylib
0x0000000005472000 	/usr/lib/system/libcompiler_rt.dylib
0x0000000005472000 	/usr/lib/system/libcopyfile.dylib
0x0000000005472000 	/usr/lib/system/libcorecrypto.dylib
0x0000000005472000 	/usr/lib/system/libdispatch.dylib
0x0000000005472000 	/usr/lib/system/libdyld.dylib
0x0000000005472000 	/usr/lib/system/libkeymgr.dylib
0x0000000005472000 	/usr/lib/system/liblaunch.dylib
0x0000000005472000 	/usr/lib/system/libmacho.dylib
0x0000000005472000 	/usr/lib/system/libquarantine.dylib
0x0000000005472000 	/usr/lib/system/libremovefile.dylib
0x0000000005472000 	/usr/lib/system/libsystem_asl.dylib
0x0000000005472000 	/usr/lib/system/libsystem_blocks.dylib
0x0000000005472000 	/usr/lib/system/libsystem_c.dylib
0x0000000005472000 	/usr/lib/system/libsystem_configuration.dylib
0x0000000005472000 	/usr/lib/system/libsystem_coreservices.dylib
0x0000000005472000 	/usr/lib/system/libsystem_coretls.dylib
0x0000000005472000 	/usr/lib/system/libsystem_dnssd.dylib
0x0000000005472000 	/usr/lib/system/libsystem_info.dylib
0x0000000005472000 	/usr/lib/system/libsystem_kernel.dylib
0x0000000005472000 	/usr/lib/system/libsystem_m.dylib
0x0000000005472000 	/usr/lib/system/libsystem_malloc.dylib
0x0000000005472000 	/usr/lib/system/libsystem_network.dylib
0x0000000005472000 	/usr/lib/system/libsystem_networkextension.dylib
0x0000000005472000 	/usr/lib/system/libsystem_notify.dylib
0x0000000005472000 	/usr/lib/system/libsystem_platform.dylib
0x0000000005472000 	/usr/lib/system/libsystem_pthread.dylib
0x0000000005472000 	/usr/lib/system/libsystem_sandbox.dylib
0x0000000005472000 	/usr/lib/system/libsystem_secinit.dylib
0x0000000005472000 	/usr/lib/system/libsystem_trace.dylib
0x0000000005472000 	/usr/lib/system/libunc.dylib
0x0000000005472000 	/usr/lib/system/libunwind.dylib
0x0000000005472000 	/usr/lib/system/libxpc.dylib
0x0000000005472000 	/usr/lib/libenergytrace.dylib
0x0000000005472000 	/usr/lib/libbsm.0.dylib
0x0000000005472000 	/usr/lib/system/libkxld.dylib
0x0000000005472000 	/usr/lib/libxar.1.dylib
0x0000000005472000 	/usr/lib/libsqlite3.dylib
0x0000000005472000 	/usr/lib/libpam.2.dylib
0x0000000005472000 	/usr/lib/libOpenScriptingUtil.dylib
0x0000000005472000 	/usr/lib/libbz2.1.0.dylib
0x0000000005472000 	/usr/lib/liblzma.5.dylib
0x0000000005472000 	/System/Library/Frameworks/CoreServices.framework/Versions/A/Frameworks/FSEvents.framework/Versions/A/FSEvents
0x0000000005472000 	/System/Library/Frameworks/CoreServices.framework/Versions/A/Frameworks/CarbonCore.framework/Versions/A/CarbonCore
0x0000000005472000 	/System/Library/Frameworks/CoreServices.framework/Versions/A/Frameworks/Metadata.framework/Versions/A/Metadata
0x0000000005472000 	/System/Library/Frameworks/CoreServices.framework/Versions/A/Frameworks/OSServices.framework/Versions/A/OSServices
0x0000000005472000 	/System/Library/Frameworks/CoreServices.framework/Versions/A/Frameworks/SearchKit.framework/Versions/A/SearchKit
0x0000000005472000 	/System/Library/Frameworks/CoreServices.framework/Versions/A/Frameworks/AE.framework/Versions/A/AE
0x0000000005472000 	/System/Library/Frameworks/CoreServices.framework/Versions/A/Frameworks/LaunchServices.framework/Versions/A/LaunchServices
0x0000000005472000 	/System/Library/Frameworks/CoreServices.framework/Versions/A/Frameworks/DictionaryServices.framework/Versions/A/DictionaryServices
0x0000000005472000 	/System/Library/Frameworks/CoreServices.framework/Versions/A/Frameworks/SharedFileList.framework/Versions/A/SharedFileList
0x0000000005472000 	/System/Library/Frameworks/NetFS.framework/Versions/A/NetFS
0x0000000005472000 	/System/Library/PrivateFrameworks/NetAuth.framework/Versions/A/NetAuth
0x0000000005472000 	/System/Library/PrivateFrameworks/login.framework/Versions/A/Frameworks/loginsupport.framework/Versions/A/loginsupport
0x0000000005472000 	/System/Library/PrivateFrameworks/TCC.framework/Versions/A/TCC
0x0000000005472000 	/usr/lib/libmecabra.dylib
0x0000000005472000 	/System/Library/Frameworks/ApplicationServices.framework/Versions/A/Frameworks/ATS.framework/Versions/A/ATS
0x0000000005472000 	/System/Library/Frameworks/ApplicationServices.framework/Versions/A/Frameworks/ColorSync.framework/Versions/A/ColorSync
0x0000000005472000 	/System/Library/Frameworks/ApplicationServices.framework/Versions/A/Frameworks/HIServices.framework/Versions/A/HIServices
0x0000000005472000 	/System/Library/Frameworks/ApplicationServices.framework/Versions/A/Frameworks/LangAnalysis.framework/Versions/A/LangAnalysis
0x0000000005472000 	/System/Library/Frameworks/ApplicationServices.framework/Versions/A/Frameworks/PrintCore.framework/Versions/A/PrintCore
0x0000000005472000 	/System/Library/Frameworks/ApplicationServices.framework/Versions/A/Frameworks/QD.framework/Versions/A/QD
0x0000000005472000 	/System/Library/Frameworks/ApplicationServices.framework/Versions/A/Frameworks/SpeechSynthesis.framework/Versions/A/SpeechSynthesis
0x0000000005472000 	/System/Library/Frameworks/Metal.framework/Versions/A/Metal
0x0000000005472000 	/System/Library/Frameworks/Accelerate.framework/Versions/A/Frameworks/vImage.framework/Versions/A/vImage
0x0000000005472000 	/System/Library/Frameworks/Accelerate.framework/Versions/A/Frameworks/vecLib.framework/Versions/A/vecLib
0x0000000005472000 	/System/Library/Frameworks/Accelerate.framework/Versions/A/Frameworks/vecLib.framework/Versions/A/libvDSP.dylib
0x0000000005472000 	/System/Library/Frameworks/Accelerate.framework/Versions/A/Frameworks/vecLib.framework/Versions/A/libvMisc.dylib
0x0000000005472000 	/System/Library/Frameworks/Accelerate.framework/Versions/A/Frameworks/vecLib.framework/Versions/A/libLAPACK.dylib
0x0000000005472000 	/System/Library/Frameworks/Accelerate.framework/Versions/A/Frameworks/vecLib.framework/Versions/A/libBLAS.dylib
0x0000000005472000 	/System/Library/Frameworks/Accelerate.framework/Versions/A/Frameworks/vecLib.framework/Versions/A/libLinearAlgebra.dylib
0x0000000005472000 	/System/Library/Frameworks/Accelerate.framework/Versions/A/Frameworks/vecLib.framework/Versions/A/libSparseBLAS.dylib
0x0000000005472000 	/System/Library/PrivateFrameworks/GPUCompiler.framework/libmetal_timestamp.dylib
0x0000000005472000 	/System/Library/Frameworks/OpenGL.framework/Versions/A/Libraries/libCoreFSCache.dylib
0x0000000005472000 	/System/Library/PrivateFrameworks/IOAccelerator.framework/Versions/A/IOAccelerator
0x0000000005472000 	/System/Library/Frameworks/ApplicationServices.framework/Versions/A/Frameworks/ATS.framework/Versions/A/Resources/libFontParser.dylib
0x0000000005472000 	/System/Library/Frameworks/ApplicationServices.framework/Versions/A/Frameworks/ATS.framework/Versions/A/Resources/libFontRegistry.dylib
0x0000000005472000 	/System/Library/PrivateFrameworks/AppleVPA.framework/Versions/A/AppleVPA
0x0000000005472000 	/System/Library/PrivateFrameworks/AppleJPEG.framework/Versions/A/AppleJPEG
0x0000000005472000 	/System/Library/Frameworks/ImageIO.framework/Versions/A/Resources/libJPEG.dylib
0x0000000005472000 	/System/Library/Frameworks/ImageIO.framework/Versions/A/Resources/libTIFF.dylib
0x0000000005472000 	/System/Library/Frameworks/ImageIO.framework/Versions/A/Resources/libPng.dylib
0x0000000005472000 	/System/Library/Frameworks/ImageIO.framework/Versions/A/Resources/libGIF.dylib
0x0000000005472000 	/System/Library/Frameworks/ImageIO.framework/Versions/A/Resources/libJP2.dylib
0x0000000005472000 	/System/Library/Frameworks/ImageIO.framework/Versions/A/Resources/libRadiance.dylib
0x0000000005472000 	/System/Library/Frameworks/CoreVideo.framework/Versions/A/CoreVideo
0x0000000005472000 	/System/Library/Frameworks/OpenGL.framework/Versions/A/Libraries/libGLU.dylib
0x0000000005472000 	/System/Library/Frameworks/OpenGL.framework/Versions/A/Libraries/libGFXShared.dylib
0x0000000005472000 	/System/Library/Frameworks/OpenGL.framework/Versions/A/Libraries/libGL.dylib
0x0000000005472000 	/System/Library/Frameworks/OpenGL.framework/Versions/A/Libraries/libGLImage.dylib
0x0000000005472000 	/System/Library/Frameworks/OpenGL.framework/Versions/A/Libraries/libCVMSPluginSupport.dylib
0x0000000005472000 	/System/Library/Frameworks/OpenGL.framework/Versions/A/Libraries/libCoreVMClient.dylib
0x0000000005472000 	/usr/lib/libcompression.dylib
0x0000000005472000 	/usr/lib/libcups.2.dylib
0x0000000005472000 	/System/Library/Frameworks/Kerberos.framework/Versions/A/Kerberos
0x0000000005472000 	/System/Library/Frameworks/GSS.framework/Versions/A/GSS
0x0000000005472000 	/usr/lib/libresolv.9.dylib
0x0000000005472000 	/usr/lib/libiconv.2.dylib
0x0000000005472000 	/System/Library/PrivateFrameworks/Heimdal.framework/Versions/A/Heimdal
0x0000000005472000 	/usr/lib/libheimdal-asn1.dylib
0x0000000005472000 	/System/Library/Frameworks/OpenDirectory.framework/Versions/A/OpenDirectory
0x0000000005472000 	/System/Library/PrivateFrameworks/CommonAuth.framework/Versions/A/CommonAuth
0x0000000005472000 	/System/Library/Frameworks/OpenDirectory.framework/Versions/A/Frameworks/CFOpenDirectory.framework/Versions/A/CFOpenDirectory
0x0000000005472000 	/System/Library/Frameworks/SecurityFoundation.framework/Versions/A/SecurityFoundation
0x0000000005472000 	/System/Library/PrivateFrameworks/LanguageModeling.framework/Versions/A/LanguageModeling
0x0000000005472000 	/usr/lib/libmarisa.dylib
0x0000000005472000 	/usr/lib/libChineseTokenizer.dylib
0x0000000005472000 	/usr/lib/libcmph.dylib
0x0000000005472000 	/System/Library/Frameworks/ServiceManagement.framework/Versions/A/ServiceManagement
0x0000000005472000 	/usr/lib/libxslt.1.dylib
0x0000000005472000 	/System/Library/Frameworks/Carbon.framework/Versions/A/Frameworks/Ink.framework/Versions/A/Ink
0x0000000005472000 	/usr/lib/libFosl_dynamic.dylib
0x0000000005472000 	/System/Library/PrivateFrameworks/FaceCore.framework/Versions/A/FaceCore
0x0000000005472000 	/System/Library/Frameworks/OpenCL.framework/Versions/A/OpenCL
0x0000000005472000 	/System/Library/PrivateFrameworks/CrashReporterSupport.framework/Versions/A/CrashReporterSupport
0x0000000005472000 	/System/Library/PrivateFrameworks/IconServices.framework/Versions/A/IconServices
0x0000000005472000 	/System/Library/PrivateFrameworks/Apple80211.framework/Versions/A/Apple80211
0x0000000005472000 	/System/Library/Frameworks/CoreWLAN.framework/Versions/A/CoreWLAN
0x0000000005472000 	/System/Library/Frameworks/IOBluetooth.framework/Versions/A/IOBluetooth
0x0000000005472000 	/System/Library/PrivateFrameworks/CoreWiFi.framework/Versions/A/CoreWiFi
0x0000000005472000 	/System/Library/Frameworks/CoreBluetooth.framework/Versions/A/CoreBluetooth
0x0000000005472000 	/System/Library/PrivateFrameworks/ChunkingLibrary.framework/Versions/A/ChunkingLibrary
0x0000000005472000 	/System/Library/PrivateFrameworks/DebugSymbols.framework/Versions/A/DebugSymbols
0x0000000005472000 	/System/Library/PrivateFrameworks/CoreSymbolication.framework/Versions/A/CoreSymbolication
0x0000000005472000 	/System/Library/PrivateFrameworks/Symbolication.framework/Versions/A/Symbolication
0x0000000005472000 	/System/Library/PrivateFrameworks/SpeechRecognitionCore.framework/Versions/A/SpeechRecognitionCore
0x000000010a600000 	/Library/Java/JavaVirtualMachines/jdk1.8.0_05.jdk/Contents/Home/jre/lib/server/libjvm.dylib
0x0000000005472000 	/usr/lib/libstdc++.6.dylib
0x0000000109541000 	/Library/Java/JavaVirtualMachines/jdk1.8.0_05.jdk/Contents/Home/jre/lib/libverify.dylib
0x000000010954f000 	/Library/Java/JavaVirtualMachines/jdk1.8.0_05.jdk/Contents/Home/jre/lib/libjava.dylib
0x0000000109584000 	/Library/Java/JavaVirtualMachines/jdk1.8.0_05.jdk/Contents/Home/jre/lib/libinstrument.dylib
0x00000001095e2000 	/Library/Java/JavaVirtualMachines/jdk1.8.0_05.jdk/Contents/Home/jre/lib/libzip.dylib
0x000000012654a000 	/System/Library/Frameworks/JavaVM.framework/Frameworks/JavaRuntimeSupport.framework/JavaRuntimeSupport
0x00000001095eb000 	/System/Library/Frameworks/JavaVM.framework/Versions/A/Frameworks/JavaNativeFoundation.framework/Versions/A/JavaNativeFoundation
0x0000000126565000 	/System/Library/Frameworks/JavaVM.framework/Versions/A/JavaVM
0x0000000005472000 	/System/Library/Frameworks/Carbon.framework/Versions/A/Carbon
0x0000000126572000 	/System/Library/PrivateFrameworks/JavaLaunching.framework/Versions/A/JavaLaunching
0x0000000005472000 	/System/Library/Frameworks/Carbon.framework/Versions/A/Frameworks/CommonPanels.framework/Versions/A/CommonPanels
0x0000000005472000 	/System/Library/Frameworks/Carbon.framework/Versions/A/Frameworks/Help.framework/Versions/A/Help
0x0000000005472000 	/System/Library/Frameworks/Carbon.framework/Versions/A/Frameworks/ImageCapture.framework/Versions/A/ImageCapture
0x0000000005472000 	/System/Library/Frameworks/Carbon.framework/Versions/A/Frameworks/OpenScripting.framework/Versions/A/OpenScripting
0x0000000005472000 	/System/Library/Frameworks/Carbon.framework/Versions/A/Frameworks/Print.framework/Versions/A/Print
0x0000000005472000 	/System/Library/Frameworks/Carbon.framework/Versions/A/Frameworks/SecurityHI.framework/Versions/A/SecurityHI
0x0000000128095000 	/Library/Java/JavaVirtualMachines/jdk1.8.0_05.jdk/Contents/Home/jre/lib/libnet.dylib
0x000000012811f000 	/Library/Java/JavaVirtualMachines/jdk1.8.0_05.jdk/Contents/Home/jre/lib/libawt.dylib
0x00000001281ce000 	/Library/Java/JavaVirtualMachines/jdk1.8.0_05.jdk/Contents/Home/jre/lib/./libmlib_image.dylib
0x000000012829a000 	/Library/Java/JavaVirtualMachines/jdk1.8.0_05.jdk/Contents/Home/jre/lib/libawt_lwawt.dylib
0x000000012834c000 	/Library/Java/JavaVirtualMachines/jdk1.8.0_05.jdk/Contents/Home/jre/lib/./libosxapp.dylib
0x0000000005472000 	/System/Library/Frameworks/ExceptionHandling.framework/Versions/A/ExceptionHandling
0x0000000005472000 	/System/Library/PrivateFrameworks/CoreServicesInternal.framework/Versions/A/CoreServicesInternal
0x0000000005472000 	/System/Library/Frameworks/CoreGraphics.framework/Versions/A/Resources/libRIP.A.dylib
0x0000000005472000 	/System/Library/Frameworks/Accelerate.framework/Versions/A/Frameworks/vImage.framework/Versions/A/Libraries/libCGInterfaces.dylib
0x0000000005472000 	/System/Library/CoreServices/RawCamera.bundle/Contents/MacOS/RawCamera
0x0000000005472000 	/System/Library/Frameworks/CoreGraphics.framework/Versions/A/Resources/libCGXType.A.dylib
0x0000000005472000 	/System/Library/Frameworks/OpenCL.framework/Versions/A/Libraries/libcldcpuengine.dylib
0x0000000005472000 	/System/Library/PrivateFrameworks/DiskImages.framework/Versions/A/DiskImages
0x0000000005472000 	/System/Library/Frameworks/DiscRecording.framework/Versions/A/DiscRecording
0x0000000005472000 	/usr/lib/libcsfde.dylib
0x0000000005472000 	/usr/lib/libcurl.4.dylib
0x0000000005472000 	/System/Library/PrivateFrameworks/MediaKit.framework/Versions/A/MediaKit
0x0000000005472000 	/System/Library/PrivateFrameworks/ProtectedCloudStorage.framework/Versions/A/ProtectedCloudStorage
0x0000000005472000 	/usr/lib/libCoreStorage.dylib
0x0000000005472000 	/System/Library/PrivateFrameworks/EFILogin.framework/Versions/A/EFILogin
0x0000000005472000 	/usr/lib/libutil.dylib
0x0000000005472000 	/System/Library/PrivateFrameworks/FindMyDevice.framework/Versions/A/FindMyDevice
0x0000000005472000 	/System/Library/Frameworks/LDAP.framework/Versions/A/LDAP
0x0000000005472000 	/usr/lib/libsasl2.2.dylib
0x0000000005472000 	/System/Library/PrivateFrameworks/CoreDaemon.framework/Versions/B/CoreDaemon
0x0000000005472000 	/usr/lib/libcrypto.0.9.8.dylib
0x0000000005472000 	/System/Library/PrivateFrameworks/AppleSRP.framework/Versions/A/AppleSRP
0x0000000005472000 	/System/Library/PrivateFrameworks/TrustEvaluationAgent.framework/Versions/A/TrustEvaluationAgent
0x000000012a9ca000 	cl_kernels
0x0000000005472000 	/System/Library/Frameworks/OpenCL.framework/Versions/A/Libraries/ImageFormats/unorm8_bgra.dylib
0x0000000005472000 	/System/Library/Frameworks/OpenCL.framework/Versions/A/Libraries/ImageFormats/unorm8_rgba.dylib
0x0000000005472000 	/System/Library/PrivateFrameworks/FamilyControls.framework/Versions/A/FamilyControls
0x0000000005472000 	/System/Library/PrivateFrameworks/CommerceKit.framework/Versions/A/Frameworks/CommerceCore.framework/Versions/A/CommerceCore
0x0000000005472000 	/System/Library/PrivateFrameworks/SystemAdministration.framework/Versions/A/SystemAdministration
0x0000000005472000 	/System/Library/PrivateFrameworks/AppContainer.framework/Versions/A/AppContainer
0x0000000005472000 	/System/Library/PrivateFrameworks/SecCodeWrapper.framework/Versions/A/SecCodeWrapper
0x0000000005472000 	/System/Library/Frameworks/DirectoryService.framework/Versions/A/DirectoryService
0x0000000005472000 	/System/Library/PrivateFrameworks/LoginUIKit.framework/Versions/A/Frameworks/LoginUICore.framework/Versions/A/LoginUICore
0x0000000005472000 	/usr/lib/libodfde.dylib
0x000000012ba3c000 	/Library/Java/JavaVirtualMachines/jdk1.8.0_05.jdk/Contents/Home/jre/lib/libfontmanager.dylib
0x0000000005472000 	/System/Library/Frameworks/OpenGL.framework/Versions/A/Resources/GLEngine.bundle/GLEngine
0x0000000005472000 	/System/Library/Frameworks/OpenGL.framework/Versions/A/Libraries/libGLProgrammability.dylib
0x000000012baa2000 	/System/Library/Extensions/AppleIntelHD5000GraphicsGLDriver.bundle/Contents/MacOS/AppleIntelHD5000GraphicsGLDriver
0x0000000005472000 	/System/Library/PrivateFrameworks/GPUSupport.framework/Versions/A/Libraries/libGPUSupportMercury.dylib
0x000000012c1f1000 	/System/Library/Extensions/AMDRadeonX4000GLDriver.bundle/Contents/MacOS/AMDRadeonX4000GLDriver
0x000000012c2bd000 	/System/Library/Extensions/AMDRadeonX4000GLDriver.bundle/Contents/MacOS/ATIRadeonX4000SCLib.dylib
0x0000000005472000 	/System/Library/Frameworks/OpenGL.framework/Versions/A/Resources/GLRendererFloat.bundle/GLRendererFloat
0x000000012cc26000 	/Library/Java/JavaVirtualMachines/jdk1.8.0_05.jdk/Contents/Home/jre/lib/libnio.dylib
0x000000012cc35000 	/private/var/folders/y6/rr7ffgs53s7d47llq1wwk4740000gp/T/jogamp_0000/file_cache/jln8786579965789800912/jln414304141399740089/natives/macosx-universal/libgluegen-rt.jnilib
0x000000012a580000 	/private/var/folders/y6/rr7ffgs53s7d47llq1wwk4740000gp/T/jogamp_0000/file_cache/jln8786579965789800912/jln414304141399740089/natives/macosx-universal/libnativewindow_awt.jnilib
0x000000012a583000 	/Library/Java/JavaVirtualMachines/jdk1.8.0_05.jdk/Contents/Home/jre/lib/libjawt.dylib
0x000000012a586000 	/private/var/folders/y6/rr7ffgs53s7d47llq1wwk4740000gp/T/jogamp_0000/file_cache/jln8786579965789800912/jln414304141399740089/natives/macosx-universal/libnativewindow_macosx.jnilib
0x000000012a590000 	/private/var/folders/y6/rr7ffgs53s7d47llq1wwk4740000gp/T/jogamp_0000/file_cache/jln8786579965789800912/jln414304141399740089/natives/macosx-universal/libnewt.jnilib
0x0000000129b34000 	/private/var/folders/y6/rr7ffgs53s7d47llq1wwk4740000gp/T/jogamp_0000/file_cache/jln8786579965789800912/jln414304141399740089/natives/macosx-universal/libjogl_desktop.jnilib
0x0000000129c08000 	/private/var/folders/y6/rr7ffgs53s7d47llq1wwk4740000gp/T/jogamp_0000/file_cache/jln8786579965789800912/jln414304141399740089/natives/macosx-universal/libjogl_mobile.jnilib
0x000000012dc3e000 	/Users/miller/Projects/LeapDeveloperKit/LeapSDK/lib/libLeapJava.dylib
0x000000012dc97000 	/Users/miller/Projects/LeapDeveloperKit/LeapSDK/lib/libLeap.dylib

VM Arguments:
jvm_args: -Djava.library.path=/Users/miller/Documents/Processing3/libraries/Syphon/library:/Users/miller/Documents/Processing3/libraries/toxiclibs/library:/Users/miller/Projects/LeapDeveloperKit/LeapSDK/lib -javaagent:/Applications/IntelliJ IDEA.app/Contents/lib/idea_rt.jar=50358:/Applications/IntelliJ IDEA.app/Contents/bin -Dfile.encoding=UTF-8 
java_command: algowave.Algowave
java_class_path (initial): /Library/Java/JavaVirtualMachines/jdk1.8.0_05.jdk/Contents/Home/jre/lib/charsets.jar:/Library/Java/JavaVirtualMachines/jdk1.8.0_05.jdk/Contents/Home/jre/lib/deploy.jar:/Library/Java/JavaVirtualMachines/jdk1.8.0_05.jdk/Contents/Home/jre/lib/ext/cldrdata.jar:/Library/Java/JavaVirtualMachines/jdk1.8.0_05.jdk/Contents/Home/jre/lib/ext/dnsns.jar:/Library/Java/JavaVirtualMachines/jdk1.8.0_05.jdk/Contents/Home/jre/lib/ext/jfxrt.jar:/Library/Java/JavaVirtualMachines/jdk1.8.0_05.jdk/Contents/Home/jre/lib/ext/localedata.jar:/Library/Java/JavaVirtualMachines/jdk1.8.0_05.jdk/Contents/Home/jre/lib/ext/nashorn.jar:/Library/Java/JavaVirtualMachines/jdk1.8.0_05.jdk/Contents/Home/jre/lib/ext/sunec.jar:/Library/Java/JavaVirtualMachines/jdk1.8.0_05.jdk/Contents/Home/jre/lib/ext/sunjce_provider.jar:/Library/Java/JavaVirtualMachines/jdk1.8.0_05.jdk/Contents/Home/jre/lib/ext/sunpkcs11.jar:/Library/Java/JavaVirtualMachines/jdk1.8.0_05.jdk/Contents/Home/jre/lib/ext/zipfs.jar:/Library/Java/JavaVirtualMachines/jdk1.8.0_05.jdk/Contents/Home/jre/lib/htmlconverter.jar:/Library/Java/JavaVirtualMachines/jdk1.8.0_05.jdk/Contents/Home/jre/lib/javaws.jar:/Library/Java/JavaVirtualMachines/jdk1.8.0_05.jdk/Contents/Home/jre/lib/jce.jar:/Library/Java/JavaVirtualMachines/jdk1.8.0_05.jdk/Contents/Home/jre/lib/jfr.jar:/Library/Java/JavaVirtualMachines/jdk1.8.0_05.jdk/Contents/Home/jre/lib/jfxswt.jar:/Library/Java/JavaVirtualMachines/jdk1.8.0_05.jdk/Contents/Home/jre/lib/jsse.jar:/Library/Java/JavaVirtualMachines/jdk1.8.0_05.jdk/Contents/Home/jre/lib/management-agent.jar:/Library/Java/JavaVirtualMachines/jdk1.8.0_05.jdk/Contents/Home/jre/lib/plugin.jar:/Library/Java/JavaVirtualMachines/jdk1.8.0_05.jdk/Contents/Home/jre/lib/resources.jar:/Library/Java/JavaVirtualMachines/jdk1.8.0_05.jdk/Contents/Home/jre/lib/rt.jar:/Library/Java/JavaVirtualMachines/jdk1.8.0_05.jdk/Contents/Home/lib/ant-javafx.jar:/Library/Java/JavaVirtualMachines/jdk1.8.0_05.jdk/Contents/Home/lib/dt.jar:/Library/
Launcher Type: SUN_STANDARD

Environment Variables:
PATH=/opt/apache-maven-3.3.9/bin:/opt/local/bin:/opt/local/sbin:/opt/local/bin:/opt/local/sbin:/Users/miller/.rvm/gems/ruby-1.9.2-p290/bin:/Users/miller/.rvm/gems/ruby-1.9.2-p290@global/bin:/Users/miller/.rvm/rubies/ruby-1.9.2-p290/bin:/Users/miller/.rvm/bin:/usr/local/bin:/usr/local/bin:/usr/bin:/bin:/usr/sbin:/sbin:/opt/X11/bin:/usr/local/git/bin:/usr/local/go/bin:/usr/local/bin/haxe:/usr/local/bin/haxelib:/Library/PostgreSQL/8.3/bin:/usr/local/bin/activator-1.2.3-minimal/
SHELL=/bin/bash
DISPLAY=/private/tmp/com.apple.launchd.NSi1668sVR/org.macosforge.xquartz:0

Signal Handlers:
SIGSEGV: [libjvm.dylib+0x55f7df], sa_mask[0]=0xfffefeff, sa_flags=0x00000043
SIGBUS: [libjvm.dylib+0x55f7df], sa_mask[0]=0xfffefeff, sa_flags=0x00000042
SIGFPE: [libjvm.dylib+0x442cfa], sa_mask[0]=0xfffefeff, sa_flags=0x00000042
SIGPIPE: [libjvm.dylib+0x442cfa], sa_mask[0]=0xfffefeff, sa_flags=0x00000042
SIGXFSZ: [libjvm.dylib+0x442cfa], sa_mask[0]=0xfffefeff, sa_flags=0x00000042
SIGILL: [libjvm.dylib+0x442cfa], sa_mask[0]=0xfffefeff, sa_flags=0x00000042
SIGUSR1: SIG_DFL, sa_mask[0]=0x00000000, sa_flags=0x00000000
SIGUSR2: [libjvm.dylib+0x442818], sa_mask[0]=0x00000004, sa_flags=0x00000042
SIGHUP: [libjvm.dylib+0x440ba5], sa_mask[0]=0xfffefeff, sa_flags=0x00000042
SIGINT: [libjvm.dylib+0x440ba5], sa_mask[0]=0xfffefeff, sa_flags=0x00000042
SIGTERM: [libjvm.dylib+0x440ba5], sa_mask[0]=0xfffefeff, sa_flags=0x00000042
SIGQUIT: [libjvm.dylib+0x440ba5], sa_mask[0]=0xfffefeff, sa_flags=0x00000042


---------------  S Y S T E M  ---------------

OS:Bsduname:Darwin 15.6.0 Darwin Kernel Version 15.6.0: Mon Oct  2 22:20:08 PDT 2017; root:xnu-3248.71.4~1/RELEASE_X86_64 x86_64
rlimit: STACK 8192k, CORE 0k, NPROC 709, NOFILE 10240, AS infinity
load average:2.35 2.10 2.03

CPU:total 8 (4 cores per cpu, 2 threads per core) family 6 model 70 stepping 1, cmov, cx8, fxsr, mmx, sse, sse2, sse3, ssse3, sse4.1, sse4.2, popcnt, avx, avx2, aes, clmul, erms, ht, tsc, tscinvbit

Memory: 4k page, physical 16777216k(2250808k free)

/proc/meminfo:


vm_info: Java HotSpot(TM) 64-Bit Server VM (25.5-b02) for bsd-amd64 JRE (1.8.0_05-b13), built on Mar 18 2014 00:36:13 by "java_re" with gcc 4.2.1 (Based on Apple Inc. build 5658) (LLVM build 2336.11.00)

time: Thu Feb 15 08:05:36 2018
elapsed time: 3 seconds

